ARM GAS  /tmp/ccF1vr25.s 			page 1


   1              		.cpu cortex-m3
   2              		.eabi_attribute 20, 1
   3              		.eabi_attribute 21, 1
   4              		.eabi_attribute 23, 3
   5              		.eabi_attribute 24, 1
   6              		.eabi_attribute 25, 1
   7              		.eabi_attribute 26, 1
   8              		.eabi_attribute 30, 1
   9              		.eabi_attribute 34, 1
  10              		.eabi_attribute 18, 4
  11              		.file	"gpio.c"
  12              		.text
  13              	.Ltext0:
  14              		.cfi_sections	.debug_frame
  15              		.section	.text.MX_GPIO_Init,"ax",%progbits
  16              		.align	1
  17              		.global	MX_GPIO_Init
  18              		.arch armv7-m
  19              		.syntax unified
  20              		.thumb
  21              		.thumb_func
  22              		.fpu softvfp
  24              	MX_GPIO_Init:
  25              	.LFB65:
  26              		.file 1 "Src/gpio.c"
   1:Src/gpio.c    **** /* USER CODE BEGIN Header */
   2:Src/gpio.c    **** /**
   3:Src/gpio.c    ****   ******************************************************************************
   4:Src/gpio.c    ****   * @file    gpio.c
   5:Src/gpio.c    ****   * @brief   This file provides code for the configuration
   6:Src/gpio.c    ****   *          of all used GPIO pins.
   7:Src/gpio.c    ****   ******************************************************************************
   8:Src/gpio.c    ****   * @attention
   9:Src/gpio.c    ****   *
  10:Src/gpio.c    ****   * Copyright (c) 2024 STMicroelectronics.
  11:Src/gpio.c    ****   * All rights reserved.
  12:Src/gpio.c    ****   *
  13:Src/gpio.c    ****   * This software is licensed under terms that can be found in the LICENSE file
  14:Src/gpio.c    ****   * in the root directory of this software component.
  15:Src/gpio.c    ****   * If no LICENSE file comes with this software, it is provided AS-IS.
  16:Src/gpio.c    ****   *
  17:Src/gpio.c    ****   ******************************************************************************
  18:Src/gpio.c    ****   */
  19:Src/gpio.c    **** /* USER CODE END Header */
  20:Src/gpio.c    **** 
  21:Src/gpio.c    **** /* Includes ------------------------------------------------------------------*/
  22:Src/gpio.c    **** #include "gpio.h"
  23:Src/gpio.c    **** 
  24:Src/gpio.c    **** /* USER CODE BEGIN 0 */
  25:Src/gpio.c    **** 
  26:Src/gpio.c    **** /* USER CODE END 0 */
  27:Src/gpio.c    **** 
  28:Src/gpio.c    **** /*----------------------------------------------------------------------------*/
  29:Src/gpio.c    **** /* Configure GPIO                                                             */
  30:Src/gpio.c    **** /*----------------------------------------------------------------------------*/
  31:Src/gpio.c    **** /* USER CODE BEGIN 1 */
  32:Src/gpio.c    **** 
ARM GAS  /tmp/ccF1vr25.s 			page 2


  33:Src/gpio.c    **** /* USER CODE END 1 */
  34:Src/gpio.c    **** 
  35:Src/gpio.c    **** /** Configure pins as
  36:Src/gpio.c    ****         * Analog
  37:Src/gpio.c    ****         * Input
  38:Src/gpio.c    ****         * Output
  39:Src/gpio.c    ****         * EVENT_OUT
  40:Src/gpio.c    ****         * EXTI
  41:Src/gpio.c    **** */
  42:Src/gpio.c    **** void MX_GPIO_Init(void)
  43:Src/gpio.c    **** {
  27              		.loc 1 43 1 view -0
  28              		.cfi_startproc
  29              		@ args = 0, pretend = 0, frame = 32
  30              		@ frame_needed = 0, uses_anonymous_args = 0
  31 0000 2DE9F041 		push	{r4, r5, r6, r7, r8, lr}
  32              	.LCFI0:
  33              		.cfi_def_cfa_offset 24
  34              		.cfi_offset 4, -24
  35              		.cfi_offset 5, -20
  36              		.cfi_offset 6, -16
  37              		.cfi_offset 7, -12
  38              		.cfi_offset 8, -8
  39              		.cfi_offset 14, -4
  40 0004 88B0     		sub	sp, sp, #32
  41              	.LCFI1:
  42              		.cfi_def_cfa_offset 56
  44:Src/gpio.c    **** 
  45:Src/gpio.c    ****   GPIO_InitTypeDef GPIO_InitStruct = {0};
  43              		.loc 1 45 3 view .LVU1
  44              		.loc 1 45 20 is_stmt 0 view .LVU2
  45 0006 0024     		movs	r4, #0
  46 0008 0494     		str	r4, [sp, #16]
  47 000a 0594     		str	r4, [sp, #20]
  48 000c 0694     		str	r4, [sp, #24]
  49 000e 0794     		str	r4, [sp, #28]
  46:Src/gpio.c    **** 
  47:Src/gpio.c    ****   /* GPIO Ports Clock Enable */
  48:Src/gpio.c    ****   __HAL_RCC_GPIOC_CLK_ENABLE();
  50              		.loc 1 48 3 is_stmt 1 view .LVU3
  51              	.LBB2:
  52              		.loc 1 48 3 view .LVU4
  53              		.loc 1 48 3 view .LVU5
  54 0010 284B     		ldr	r3, .L3
  55 0012 9A69     		ldr	r2, [r3, #24]
  56 0014 42F01002 		orr	r2, r2, #16
  57 0018 9A61     		str	r2, [r3, #24]
  58              		.loc 1 48 3 view .LVU6
  59 001a 9A69     		ldr	r2, [r3, #24]
  60 001c 02F01002 		and	r2, r2, #16
  61 0020 0092     		str	r2, [sp]
  62              		.loc 1 48 3 view .LVU7
  63 0022 009A     		ldr	r2, [sp]
  64              	.LBE2:
  65              		.loc 1 48 3 view .LVU8
  49:Src/gpio.c    ****   __HAL_RCC_GPIOD_CLK_ENABLE();
  66              		.loc 1 49 3 view .LVU9
ARM GAS  /tmp/ccF1vr25.s 			page 3


  67              	.LBB3:
  68              		.loc 1 49 3 view .LVU10
  69              		.loc 1 49 3 view .LVU11
  70 0024 9A69     		ldr	r2, [r3, #24]
  71 0026 42F02002 		orr	r2, r2, #32
  72 002a 9A61     		str	r2, [r3, #24]
  73              		.loc 1 49 3 view .LVU12
  74 002c 9A69     		ldr	r2, [r3, #24]
  75 002e 02F02002 		and	r2, r2, #32
  76 0032 0192     		str	r2, [sp, #4]
  77              		.loc 1 49 3 view .LVU13
  78 0034 019A     		ldr	r2, [sp, #4]
  79              	.LBE3:
  80              		.loc 1 49 3 view .LVU14
  50:Src/gpio.c    ****   __HAL_RCC_GPIOA_CLK_ENABLE();
  81              		.loc 1 50 3 view .LVU15
  82              	.LBB4:
  83              		.loc 1 50 3 view .LVU16
  84              		.loc 1 50 3 view .LVU17
  85 0036 9A69     		ldr	r2, [r3, #24]
  86 0038 42F00402 		orr	r2, r2, #4
  87 003c 9A61     		str	r2, [r3, #24]
  88              		.loc 1 50 3 view .LVU18
  89 003e 9A69     		ldr	r2, [r3, #24]
  90 0040 02F00402 		and	r2, r2, #4
  91 0044 0292     		str	r2, [sp, #8]
  92              		.loc 1 50 3 view .LVU19
  93 0046 029A     		ldr	r2, [sp, #8]
  94              	.LBE4:
  95              		.loc 1 50 3 view .LVU20
  51:Src/gpio.c    ****   __HAL_RCC_GPIOB_CLK_ENABLE();
  96              		.loc 1 51 3 view .LVU21
  97              	.LBB5:
  98              		.loc 1 51 3 view .LVU22
  99              		.loc 1 51 3 view .LVU23
 100 0048 9A69     		ldr	r2, [r3, #24]
 101 004a 42F00802 		orr	r2, r2, #8
 102 004e 9A61     		str	r2, [r3, #24]
 103              		.loc 1 51 3 view .LVU24
 104 0050 9B69     		ldr	r3, [r3, #24]
 105 0052 03F00803 		and	r3, r3, #8
 106 0056 0393     		str	r3, [sp, #12]
 107              		.loc 1 51 3 view .LVU25
 108 0058 039B     		ldr	r3, [sp, #12]
 109              	.LBE5:
 110              		.loc 1 51 3 view .LVU26
  52:Src/gpio.c    **** 
  53:Src/gpio.c    ****   /*Configure GPIO pin Output Level */
  54:Src/gpio.c    ****   HAL_GPIO_WritePin(GPIOC, GPIO_PIN_13|GPIO_PIN_0|GPIO_PIN_4, GPIO_PIN_RESET);
 111              		.loc 1 54 3 view .LVU27
 112 005a 174D     		ldr	r5, .L3+4
 113 005c 2246     		mov	r2, r4
 114 005e 42F21101 		movw	r1, #8209
 115 0062 2846     		mov	r0, r5
 116 0064 FFF7FEFF 		bl	HAL_GPIO_WritePin
 117              	.LVL0:
  55:Src/gpio.c    **** 
ARM GAS  /tmp/ccF1vr25.s 			page 4


  56:Src/gpio.c    ****   /*Configure GPIO pin Output Level */
  57:Src/gpio.c    ****   HAL_GPIO_WritePin(GPIOC, GPIO_PIN_5, GPIO_PIN_SET);
 118              		.loc 1 57 3 view .LVU28
 119 0068 0122     		movs	r2, #1
 120 006a 2021     		movs	r1, #32
 121 006c 2846     		mov	r0, r5
 122 006e FFF7FEFF 		bl	HAL_GPIO_WritePin
 123              	.LVL1:
  58:Src/gpio.c    **** 
  59:Src/gpio.c    ****   /*Configure GPIO pin Output Level */
  60:Src/gpio.c    ****   HAL_GPIO_WritePin(GPIOB, GPIO_PIN_2, GPIO_PIN_SET);
 124              		.loc 1 60 3 view .LVU29
 125 0072 124E     		ldr	r6, .L3+8
 126 0074 0122     		movs	r2, #1
 127 0076 0421     		movs	r1, #4
 128 0078 3046     		mov	r0, r6
 129 007a FFF7FEFF 		bl	HAL_GPIO_WritePin
 130              	.LVL2:
  61:Src/gpio.c    **** 
  62:Src/gpio.c    ****   /*Configure GPIO pins : PC13 PC0 PC4 PC5 */
  63:Src/gpio.c    ****   GPIO_InitStruct.Pin = GPIO_PIN_13|GPIO_PIN_0|GPIO_PIN_4|GPIO_PIN_5;
 131              		.loc 1 63 3 view .LVU30
 132              		.loc 1 63 23 is_stmt 0 view .LVU31
 133 007e 42F23103 		movw	r3, #8241
 134 0082 0493     		str	r3, [sp, #16]
  64:Src/gpio.c    ****   GPIO_InitStruct.Mode = GPIO_MODE_OUTPUT_PP;
 135              		.loc 1 64 3 is_stmt 1 view .LVU32
 136              		.loc 1 64 24 is_stmt 0 view .LVU33
 137 0084 4FF00108 		mov	r8, #1
 138 0088 CDF81480 		str	r8, [sp, #20]
  65:Src/gpio.c    ****   GPIO_InitStruct.Pull = GPIO_NOPULL;
 139              		.loc 1 65 3 is_stmt 1 view .LVU34
 140              		.loc 1 65 24 is_stmt 0 view .LVU35
 141 008c 0694     		str	r4, [sp, #24]
  66:Src/gpio.c    ****   GPIO_InitStruct.Speed = GPIO_SPEED_FREQ_LOW;
 142              		.loc 1 66 3 is_stmt 1 view .LVU36
 143              		.loc 1 66 25 is_stmt 0 view .LVU37
 144 008e 0227     		movs	r7, #2
 145 0090 0797     		str	r7, [sp, #28]
  67:Src/gpio.c    ****   HAL_GPIO_Init(GPIOC, &GPIO_InitStruct);
 146              		.loc 1 67 3 is_stmt 1 view .LVU38
 147 0092 04A9     		add	r1, sp, #16
 148 0094 2846     		mov	r0, r5
 149 0096 FFF7FEFF 		bl	HAL_GPIO_Init
 150              	.LVL3:
  68:Src/gpio.c    **** 
  69:Src/gpio.c    ****   /*Configure GPIO pin : PB2 */
  70:Src/gpio.c    ****   GPIO_InitStruct.Pin = GPIO_PIN_2;
 151              		.loc 1 70 3 view .LVU39
 152              		.loc 1 70 23 is_stmt 0 view .LVU40
 153 009a 0423     		movs	r3, #4
 154 009c 0493     		str	r3, [sp, #16]
  71:Src/gpio.c    ****   GPIO_InitStruct.Mode = GPIO_MODE_OUTPUT_PP;
 155              		.loc 1 71 3 is_stmt 1 view .LVU41
 156              		.loc 1 71 24 is_stmt 0 view .LVU42
 157 009e CDF81480 		str	r8, [sp, #20]
  72:Src/gpio.c    ****   GPIO_InitStruct.Pull = GPIO_NOPULL;
ARM GAS  /tmp/ccF1vr25.s 			page 5


 158              		.loc 1 72 3 is_stmt 1 view .LVU43
 159              		.loc 1 72 24 is_stmt 0 view .LVU44
 160 00a2 0694     		str	r4, [sp, #24]
  73:Src/gpio.c    ****   GPIO_InitStruct.Speed = GPIO_SPEED_FREQ_LOW;
 161              		.loc 1 73 3 is_stmt 1 view .LVU45
 162              		.loc 1 73 25 is_stmt 0 view .LVU46
 163 00a4 0797     		str	r7, [sp, #28]
  74:Src/gpio.c    ****   HAL_GPIO_Init(GPIOB, &GPIO_InitStruct);
 164              		.loc 1 74 3 is_stmt 1 view .LVU47
 165 00a6 04A9     		add	r1, sp, #16
 166 00a8 3046     		mov	r0, r6
 167 00aa FFF7FEFF 		bl	HAL_GPIO_Init
 168              	.LVL4:
  75:Src/gpio.c    **** 
  76:Src/gpio.c    **** }
 169              		.loc 1 76 1 is_stmt 0 view .LVU48
 170 00ae 08B0     		add	sp, sp, #32
 171              	.LCFI2:
 172              		.cfi_def_cfa_offset 24
 173              		@ sp needed
 174 00b0 BDE8F081 		pop	{r4, r5, r6, r7, r8, pc}
 175              	.L4:
 176              		.align	2
 177              	.L3:
 178 00b4 00100240 		.word	1073876992
 179 00b8 00100140 		.word	1073811456
 180 00bc 000C0140 		.word	1073810432
 181              		.cfi_endproc
 182              	.LFE65:
 184              		.text
 185              	.Letext0:
 186              		.file 2 "/usr/lib/gcc/arm-none-eabi/9.2.1/include/stdint.h"
 187              		.file 3 "Drivers/CMSIS/Include/core_cm3.h"
 188              		.file 4 "Drivers/CMSIS/Device/ST/STM32F1xx/Include/system_stm32f1xx.h"
 189              		.file 5 "Drivers/CMSIS/Device/ST/STM32F1xx/Include/stm32f103xe.h"
 190              		.file 6 "Drivers/STM32F1xx_HAL_Driver/Inc/stm32f1xx_hal_gpio.h"
 191              		.file 7 "Drivers/STM32F1xx_HAL_Driver/Inc/stm32f1xx_hal.h"
ARM GAS  /tmp/ccF1vr25.s 			page 6


DEFINED SYMBOLS
                            *ABS*:0000000000000000 gpio.c
     /tmp/ccF1vr25.s:16     .text.MX_GPIO_Init:0000000000000000 $t
     /tmp/ccF1vr25.s:24     .text.MX_GPIO_Init:0000000000000000 MX_GPIO_Init
     /tmp/ccF1vr25.s:178    .text.MX_GPIO_Init:00000000000000b4 $d

UNDEFINED SYMBOLS
HAL_GPIO_WritePin
HAL_GPIO_Init
