ARM GAS  /tmp/cctMlz4P.s 			page 1


   1              		.cpu cortex-m3
   2              		.eabi_attribute 20, 1
   3              		.eabi_attribute 21, 1
   4              		.eabi_attribute 23, 3
   5              		.eabi_attribute 24, 1
   6              		.eabi_attribute 25, 1
   7              		.eabi_attribute 26, 1
   8              		.eabi_attribute 30, 1
   9              		.eabi_attribute 34, 1
  10              		.eabi_attribute 18, 4
  11              		.file	"stm32f1xx_it.c"
  12              		.text
  13              	.Ltext0:
  14              		.cfi_sections	.debug_frame
  15              		.section	.text.NMI_Handler,"ax",%progbits
  16              		.align	1
  17              		.global	NMI_Handler
  18              		.arch armv7-m
  19              		.syntax unified
  20              		.thumb
  21              		.thumb_func
  22              		.fpu softvfp
  24              	NMI_Handler:
  25              	.LFB65:
  26              		.file 1 "Src/stm32f1xx_it.c"
   1:Src/stm32f1xx_it.c **** /* USER CODE BEGIN Header */
   2:Src/stm32f1xx_it.c **** /**
   3:Src/stm32f1xx_it.c ****   ******************************************************************************
   4:Src/stm32f1xx_it.c ****   * @file    stm32f1xx_it.c
   5:Src/stm32f1xx_it.c ****   * @brief   Interrupt Service Routines.
   6:Src/stm32f1xx_it.c ****   ******************************************************************************
   7:Src/stm32f1xx_it.c ****   * @attention
   8:Src/stm32f1xx_it.c ****   *
   9:Src/stm32f1xx_it.c ****   * Copyright (c) 2024 STMicroelectronics.
  10:Src/stm32f1xx_it.c ****   * All rights reserved.
  11:Src/stm32f1xx_it.c ****   *
  12:Src/stm32f1xx_it.c ****   * This software is licensed under terms that can be found in the LICENSE file
  13:Src/stm32f1xx_it.c ****   * in the root directory of this software component.
  14:Src/stm32f1xx_it.c ****   * If no LICENSE file comes with this software, it is provided AS-IS.
  15:Src/stm32f1xx_it.c ****   *
  16:Src/stm32f1xx_it.c ****   ******************************************************************************
  17:Src/stm32f1xx_it.c ****   */
  18:Src/stm32f1xx_it.c **** /* USER CODE END Header */
  19:Src/stm32f1xx_it.c **** 
  20:Src/stm32f1xx_it.c **** /* Includes ------------------------------------------------------------------*/
  21:Src/stm32f1xx_it.c **** #include "main.h"
  22:Src/stm32f1xx_it.c **** #include "stm32f1xx_it.h"
  23:Src/stm32f1xx_it.c **** /* Private includes ----------------------------------------------------------*/
  24:Src/stm32f1xx_it.c **** /* USER CODE BEGIN Includes */
  25:Src/stm32f1xx_it.c **** /* USER CODE END Includes */
  26:Src/stm32f1xx_it.c **** 
  27:Src/stm32f1xx_it.c **** /* Private typedef -----------------------------------------------------------*/
  28:Src/stm32f1xx_it.c **** /* USER CODE BEGIN TD */
  29:Src/stm32f1xx_it.c **** 
  30:Src/stm32f1xx_it.c **** /* USER CODE END TD */
  31:Src/stm32f1xx_it.c **** 
  32:Src/stm32f1xx_it.c **** /* Private define ------------------------------------------------------------*/
ARM GAS  /tmp/cctMlz4P.s 			page 2


  33:Src/stm32f1xx_it.c **** /* USER CODE BEGIN PD */
  34:Src/stm32f1xx_it.c **** 
  35:Src/stm32f1xx_it.c **** /* USER CODE END PD */
  36:Src/stm32f1xx_it.c **** 
  37:Src/stm32f1xx_it.c **** /* Private macro -------------------------------------------------------------*/
  38:Src/stm32f1xx_it.c **** /* USER CODE BEGIN PM */
  39:Src/stm32f1xx_it.c **** 
  40:Src/stm32f1xx_it.c **** /* USER CODE END PM */
  41:Src/stm32f1xx_it.c **** 
  42:Src/stm32f1xx_it.c **** /* Private variables ---------------------------------------------------------*/
  43:Src/stm32f1xx_it.c **** /* USER CODE BEGIN PV */
  44:Src/stm32f1xx_it.c **** 
  45:Src/stm32f1xx_it.c **** /* USER CODE END PV */
  46:Src/stm32f1xx_it.c **** 
  47:Src/stm32f1xx_it.c **** /* Private function prototypes -----------------------------------------------*/
  48:Src/stm32f1xx_it.c **** /* USER CODE BEGIN PFP */
  49:Src/stm32f1xx_it.c **** 
  50:Src/stm32f1xx_it.c **** /* USER CODE END PFP */
  51:Src/stm32f1xx_it.c **** 
  52:Src/stm32f1xx_it.c **** /* Private user code ---------------------------------------------------------*/
  53:Src/stm32f1xx_it.c **** /* USER CODE BEGIN 0 */
  54:Src/stm32f1xx_it.c **** 
  55:Src/stm32f1xx_it.c **** /* USER CODE END 0 */
  56:Src/stm32f1xx_it.c **** 
  57:Src/stm32f1xx_it.c **** /* External variables --------------------------------------------------------*/
  58:Src/stm32f1xx_it.c **** 
  59:Src/stm32f1xx_it.c **** /* USER CODE BEGIN EV */
  60:Src/stm32f1xx_it.c **** 
  61:Src/stm32f1xx_it.c **** /* USER CODE END EV */
  62:Src/stm32f1xx_it.c **** 
  63:Src/stm32f1xx_it.c **** /******************************************************************************/
  64:Src/stm32f1xx_it.c **** /*           Cortex-M3 Processor Interruption and Exception Handlers          */
  65:Src/stm32f1xx_it.c **** /******************************************************************************/
  66:Src/stm32f1xx_it.c **** /**
  67:Src/stm32f1xx_it.c ****   * @brief This function handles Non maskable interrupt.
  68:Src/stm32f1xx_it.c ****   */
  69:Src/stm32f1xx_it.c **** void NMI_Handler(void)
  70:Src/stm32f1xx_it.c **** {
  27              		.loc 1 70 1 view -0
  28              		.cfi_startproc
  29              		@ Volatile: function does not return.
  30              		@ args = 0, pretend = 0, frame = 0
  31              		@ frame_needed = 0, uses_anonymous_args = 0
  32              		@ link register save eliminated.
  33              	.L2:
  71:Src/stm32f1xx_it.c ****   /* USER CODE BEGIN NonMaskableInt_IRQn 0 */
  72:Src/stm32f1xx_it.c **** 
  73:Src/stm32f1xx_it.c ****   /* USER CODE END NonMaskableInt_IRQn 0 */
  74:Src/stm32f1xx_it.c ****   /* USER CODE BEGIN NonMaskableInt_IRQn 1 */
  75:Src/stm32f1xx_it.c ****    while (1)
  34              		.loc 1 75 4 discriminator 1 view .LVU1
  76:Src/stm32f1xx_it.c ****   {
  77:Src/stm32f1xx_it.c ****   }
  35              		.loc 1 77 3 discriminator 1 view .LVU2
  75:Src/stm32f1xx_it.c ****   {
  36              		.loc 1 75 10 discriminator 1 view .LVU3
  37 0000 FEE7     		b	.L2
ARM GAS  /tmp/cctMlz4P.s 			page 3


  38              		.cfi_endproc
  39              	.LFE65:
  41              		.section	.text.HardFault_Handler,"ax",%progbits
  42              		.align	1
  43              		.global	HardFault_Handler
  44              		.syntax unified
  45              		.thumb
  46              		.thumb_func
  47              		.fpu softvfp
  49              	HardFault_Handler:
  50              	.LFB66:
  78:Src/stm32f1xx_it.c ****   /* USER CODE END NonMaskableInt_IRQn 1 */
  79:Src/stm32f1xx_it.c **** }
  80:Src/stm32f1xx_it.c **** 
  81:Src/stm32f1xx_it.c **** /**
  82:Src/stm32f1xx_it.c ****   * @brief This function handles Hard fault interrupt.
  83:Src/stm32f1xx_it.c ****   */
  84:Src/stm32f1xx_it.c **** void HardFault_Handler(void)
  85:Src/stm32f1xx_it.c **** {
  51              		.loc 1 85 1 view -0
  52              		.cfi_startproc
  53              		@ Volatile: function does not return.
  54              		@ args = 0, pretend = 0, frame = 0
  55              		@ frame_needed = 0, uses_anonymous_args = 0
  56              		@ link register save eliminated.
  57              	.L4:
  86:Src/stm32f1xx_it.c ****   /* USER CODE BEGIN HardFault_IRQn 0 */
  87:Src/stm32f1xx_it.c **** 
  88:Src/stm32f1xx_it.c ****   /* USER CODE END HardFault_IRQn 0 */
  89:Src/stm32f1xx_it.c ****   while (1)
  58              		.loc 1 89 3 discriminator 1 view .LVU5
  90:Src/stm32f1xx_it.c ****   {
  91:Src/stm32f1xx_it.c ****     /* USER CODE BEGIN W1_HardFault_IRQn 0 */
  92:Src/stm32f1xx_it.c ****     /* USER CODE END W1_HardFault_IRQn 0 */
  93:Src/stm32f1xx_it.c ****   }
  59              		.loc 1 93 3 discriminator 1 view .LVU6
  89:Src/stm32f1xx_it.c ****   {
  60              		.loc 1 89 9 discriminator 1 view .LVU7
  61 0000 FEE7     		b	.L4
  62              		.cfi_endproc
  63              	.LFE66:
  65              		.section	.text.MemManage_Handler,"ax",%progbits
  66              		.align	1
  67              		.global	MemManage_Handler
  68              		.syntax unified
  69              		.thumb
  70              		.thumb_func
  71              		.fpu softvfp
  73              	MemManage_Handler:
  74              	.LFB67:
  94:Src/stm32f1xx_it.c **** }
  95:Src/stm32f1xx_it.c **** 
  96:Src/stm32f1xx_it.c **** /**
  97:Src/stm32f1xx_it.c ****   * @brief This function handles Memory management fault.
  98:Src/stm32f1xx_it.c ****   */
  99:Src/stm32f1xx_it.c **** void MemManage_Handler(void)
 100:Src/stm32f1xx_it.c **** {
ARM GAS  /tmp/cctMlz4P.s 			page 4


  75              		.loc 1 100 1 view -0
  76              		.cfi_startproc
  77              		@ Volatile: function does not return.
  78              		@ args = 0, pretend = 0, frame = 0
  79              		@ frame_needed = 0, uses_anonymous_args = 0
  80              		@ link register save eliminated.
  81              	.L6:
 101:Src/stm32f1xx_it.c ****   /* USER CODE BEGIN MemoryManagement_IRQn 0 */
 102:Src/stm32f1xx_it.c **** 
 103:Src/stm32f1xx_it.c ****   /* USER CODE END MemoryManagement_IRQn 0 */
 104:Src/stm32f1xx_it.c ****   while (1)
  82              		.loc 1 104 3 discriminator 1 view .LVU9
 105:Src/stm32f1xx_it.c ****   {
 106:Src/stm32f1xx_it.c ****     /* USER CODE BEGIN W1_MemoryManagement_IRQn 0 */
 107:Src/stm32f1xx_it.c ****     /* USER CODE END W1_MemoryManagement_IRQn 0 */
 108:Src/stm32f1xx_it.c ****   }
  83              		.loc 1 108 3 discriminator 1 view .LVU10
 104:Src/stm32f1xx_it.c ****   {
  84              		.loc 1 104 9 discriminator 1 view .LVU11
  85 0000 FEE7     		b	.L6
  86              		.cfi_endproc
  87              	.LFE67:
  89              		.section	.text.BusFault_Handler,"ax",%progbits
  90              		.align	1
  91              		.global	BusFault_Handler
  92              		.syntax unified
  93              		.thumb
  94              		.thumb_func
  95              		.fpu softvfp
  97              	BusFault_Handler:
  98              	.LFB68:
 109:Src/stm32f1xx_it.c **** }
 110:Src/stm32f1xx_it.c **** 
 111:Src/stm32f1xx_it.c **** /**
 112:Src/stm32f1xx_it.c ****   * @brief This function handles Prefetch fault, memory access fault.
 113:Src/stm32f1xx_it.c ****   */
 114:Src/stm32f1xx_it.c **** void BusFault_Handler(void)
 115:Src/stm32f1xx_it.c **** {
  99              		.loc 1 115 1 view -0
 100              		.cfi_startproc
 101              		@ Volatile: function does not return.
 102              		@ args = 0, pretend = 0, frame = 0
 103              		@ frame_needed = 0, uses_anonymous_args = 0
 104              		@ link register save eliminated.
 105              	.L8:
 116:Src/stm32f1xx_it.c ****   /* USER CODE BEGIN BusFault_IRQn 0 */
 117:Src/stm32f1xx_it.c **** 
 118:Src/stm32f1xx_it.c ****   /* USER CODE END BusFault_IRQn 0 */
 119:Src/stm32f1xx_it.c ****   while (1)
 106              		.loc 1 119 3 discriminator 1 view .LVU13
 120:Src/stm32f1xx_it.c ****   {
 121:Src/stm32f1xx_it.c ****     /* USER CODE BEGIN W1_BusFault_IRQn 0 */
 122:Src/stm32f1xx_it.c ****     /* USER CODE END W1_BusFault_IRQn 0 */
 123:Src/stm32f1xx_it.c ****   }
 107              		.loc 1 123 3 discriminator 1 view .LVU14
 119:Src/stm32f1xx_it.c ****   {
 108              		.loc 1 119 9 discriminator 1 view .LVU15
ARM GAS  /tmp/cctMlz4P.s 			page 5


 109 0000 FEE7     		b	.L8
 110              		.cfi_endproc
 111              	.LFE68:
 113              		.section	.text.UsageFault_Handler,"ax",%progbits
 114              		.align	1
 115              		.global	UsageFault_Handler
 116              		.syntax unified
 117              		.thumb
 118              		.thumb_func
 119              		.fpu softvfp
 121              	UsageFault_Handler:
 122              	.LFB69:
 124:Src/stm32f1xx_it.c **** }
 125:Src/stm32f1xx_it.c **** 
 126:Src/stm32f1xx_it.c **** /**
 127:Src/stm32f1xx_it.c ****   * @brief This function handles Undefined instruction or illegal state.
 128:Src/stm32f1xx_it.c ****   */
 129:Src/stm32f1xx_it.c **** void UsageFault_Handler(void)
 130:Src/stm32f1xx_it.c **** {
 123              		.loc 1 130 1 view -0
 124              		.cfi_startproc
 125              		@ Volatile: function does not return.
 126              		@ args = 0, pretend = 0, frame = 0
 127              		@ frame_needed = 0, uses_anonymous_args = 0
 128              		@ link register save eliminated.
 129              	.L10:
 131:Src/stm32f1xx_it.c ****   /* USER CODE BEGIN UsageFault_IRQn 0 */
 132:Src/stm32f1xx_it.c **** 
 133:Src/stm32f1xx_it.c ****   /* USER CODE END UsageFault_IRQn 0 */
 134:Src/stm32f1xx_it.c ****   while (1)
 130              		.loc 1 134 3 discriminator 1 view .LVU17
 135:Src/stm32f1xx_it.c ****   {
 136:Src/stm32f1xx_it.c ****     /* USER CODE BEGIN W1_UsageFault_IRQn 0 */
 137:Src/stm32f1xx_it.c ****     /* USER CODE END W1_UsageFault_IRQn 0 */
 138:Src/stm32f1xx_it.c ****   }
 131              		.loc 1 138 3 discriminator 1 view .LVU18
 134:Src/stm32f1xx_it.c ****   {
 132              		.loc 1 134 9 discriminator 1 view .LVU19
 133 0000 FEE7     		b	.L10
 134              		.cfi_endproc
 135              	.LFE69:
 137              		.section	.text.SVC_Handler,"ax",%progbits
 138              		.align	1
 139              		.global	SVC_Handler
 140              		.syntax unified
 141              		.thumb
 142              		.thumb_func
 143              		.fpu softvfp
 145              	SVC_Handler:
 146              	.LFB70:
 139:Src/stm32f1xx_it.c **** }
 140:Src/stm32f1xx_it.c **** 
 141:Src/stm32f1xx_it.c **** /**
 142:Src/stm32f1xx_it.c ****   * @brief This function handles System service call via SWI instruction.
 143:Src/stm32f1xx_it.c ****   */
 144:Src/stm32f1xx_it.c **** void SVC_Handler(void)
 145:Src/stm32f1xx_it.c **** {
ARM GAS  /tmp/cctMlz4P.s 			page 6


 147              		.loc 1 145 1 view -0
 148              		.cfi_startproc
 149              		@ args = 0, pretend = 0, frame = 0
 150              		@ frame_needed = 0, uses_anonymous_args = 0
 151              		@ link register save eliminated.
 146:Src/stm32f1xx_it.c ****   /* USER CODE BEGIN SVCall_IRQn 0 */
 147:Src/stm32f1xx_it.c **** 
 148:Src/stm32f1xx_it.c ****   /* USER CODE END SVCall_IRQn 0 */
 149:Src/stm32f1xx_it.c ****   /* USER CODE BEGIN SVCall_IRQn 1 */
 150:Src/stm32f1xx_it.c **** 
 151:Src/stm32f1xx_it.c ****   /* USER CODE END SVCall_IRQn 1 */
 152:Src/stm32f1xx_it.c **** }
 152              		.loc 1 152 1 view .LVU21
 153 0000 7047     		bx	lr
 154              		.cfi_endproc
 155              	.LFE70:
 157              		.section	.text.DebugMon_Handler,"ax",%progbits
 158              		.align	1
 159              		.global	DebugMon_Handler
 160              		.syntax unified
 161              		.thumb
 162              		.thumb_func
 163              		.fpu softvfp
 165              	DebugMon_Handler:
 166              	.LFB71:
 153:Src/stm32f1xx_it.c **** 
 154:Src/stm32f1xx_it.c **** /**
 155:Src/stm32f1xx_it.c ****   * @brief This function handles Debug monitor.
 156:Src/stm32f1xx_it.c ****   */
 157:Src/stm32f1xx_it.c **** void DebugMon_Handler(void)
 158:Src/stm32f1xx_it.c **** {
 167              		.loc 1 158 1 view -0
 168              		.cfi_startproc
 169              		@ args = 0, pretend = 0, frame = 0
 170              		@ frame_needed = 0, uses_anonymous_args = 0
 171              		@ link register save eliminated.
 159:Src/stm32f1xx_it.c ****   /* USER CODE BEGIN DebugMonitor_IRQn 0 */
 160:Src/stm32f1xx_it.c **** 
 161:Src/stm32f1xx_it.c ****   /* USER CODE END DebugMonitor_IRQn 0 */
 162:Src/stm32f1xx_it.c ****   /* USER CODE BEGIN DebugMonitor_IRQn 1 */
 163:Src/stm32f1xx_it.c **** 
 164:Src/stm32f1xx_it.c ****   /* USER CODE END DebugMonitor_IRQn 1 */
 165:Src/stm32f1xx_it.c **** }
 172              		.loc 1 165 1 view .LVU23
 173 0000 7047     		bx	lr
 174              		.cfi_endproc
 175              	.LFE71:
 177              		.section	.text.PendSV_Handler,"ax",%progbits
 178              		.align	1
 179              		.global	PendSV_Handler
 180              		.syntax unified
 181              		.thumb
 182              		.thumb_func
 183              		.fpu softvfp
 185              	PendSV_Handler:
 186              	.LFB72:
 166:Src/stm32f1xx_it.c **** 
ARM GAS  /tmp/cctMlz4P.s 			page 7


 167:Src/stm32f1xx_it.c **** /**
 168:Src/stm32f1xx_it.c ****   * @brief This function handles Pendable request for system service.
 169:Src/stm32f1xx_it.c ****   */
 170:Src/stm32f1xx_it.c **** void PendSV_Handler(void)
 171:Src/stm32f1xx_it.c **** {
 187              		.loc 1 171 1 view -0
 188              		.cfi_startproc
 189              		@ args = 0, pretend = 0, frame = 0
 190              		@ frame_needed = 0, uses_anonymous_args = 0
 191              		@ link register save eliminated.
 172:Src/stm32f1xx_it.c ****   /* USER CODE BEGIN PendSV_IRQn 0 */
 173:Src/stm32f1xx_it.c **** 
 174:Src/stm32f1xx_it.c ****   /* USER CODE END PendSV_IRQn 0 */
 175:Src/stm32f1xx_it.c ****   /* USER CODE BEGIN PendSV_IRQn 1 */
 176:Src/stm32f1xx_it.c **** 
 177:Src/stm32f1xx_it.c ****   /* USER CODE END PendSV_IRQn 1 */
 178:Src/stm32f1xx_it.c **** }
 192              		.loc 1 178 1 view .LVU25
 193 0000 7047     		bx	lr
 194              		.cfi_endproc
 195              	.LFE72:
 197              		.section	.text.SysTick_Handler,"ax",%progbits
 198              		.align	1
 199              		.global	SysTick_Handler
 200              		.syntax unified
 201              		.thumb
 202              		.thumb_func
 203              		.fpu softvfp
 205              	SysTick_Handler:
 206              	.LFB73:
 179:Src/stm32f1xx_it.c **** 
 180:Src/stm32f1xx_it.c **** /**
 181:Src/stm32f1xx_it.c ****   * @brief This function handles System tick timer.
 182:Src/stm32f1xx_it.c ****   */
 183:Src/stm32f1xx_it.c **** void SysTick_Handler(void)
 184:Src/stm32f1xx_it.c **** {
 207              		.loc 1 184 1 view -0
 208              		.cfi_startproc
 209              		@ args = 0, pretend = 0, frame = 0
 210              		@ frame_needed = 0, uses_anonymous_args = 0
 211 0000 08B5     		push	{r3, lr}
 212              	.LCFI0:
 213              		.cfi_def_cfa_offset 8
 214              		.cfi_offset 3, -8
 215              		.cfi_offset 14, -4
 185:Src/stm32f1xx_it.c ****   /* USER CODE BEGIN SysTick_IRQn 0 */
 186:Src/stm32f1xx_it.c **** 
 187:Src/stm32f1xx_it.c ****   /* USER CODE END SysTick_IRQn 0 */
 188:Src/stm32f1xx_it.c ****   HAL_IncTick();
 216              		.loc 1 188 3 view .LVU27
 217 0002 FFF7FEFF 		bl	HAL_IncTick
 218              	.LVL0:
 189:Src/stm32f1xx_it.c ****   /* USER CODE BEGIN SysTick_IRQn 1 */
 190:Src/stm32f1xx_it.c **** 
 191:Src/stm32f1xx_it.c ****   /* USER CODE END SysTick_IRQn 1 */
 192:Src/stm32f1xx_it.c **** }
 219              		.loc 1 192 1 is_stmt 0 view .LVU28
ARM GAS  /tmp/cctMlz4P.s 			page 8


 220 0006 08BD     		pop	{r3, pc}
 221              		.cfi_endproc
 222              	.LFE73:
 224              		.text
 225              	.Letext0:
 226              		.file 2 "/usr/lib/gcc/arm-none-eabi/9.2.1/include/stdint.h"
 227              		.file 3 "Drivers/CMSIS/Include/core_cm3.h"
 228              		.file 4 "Drivers/CMSIS/Device/ST/STM32F1xx/Include/system_stm32f1xx.h"
 229              		.file 5 "Drivers/STM32F1xx_HAL_Driver/Inc/stm32f1xx_hal.h"
ARM GAS  /tmp/cctMlz4P.s 			page 9


DEFINED SYMBOLS
                            *ABS*:0000000000000000 stm32f1xx_it.c
     /tmp/cctMlz4P.s:16     .text.NMI_Handler:0000000000000000 $t
     /tmp/cctMlz4P.s:24     .text.NMI_Handler:0000000000000000 NMI_Handler
     /tmp/cctMlz4P.s:42     .text.HardFault_Handler:0000000000000000 $t
     /tmp/cctMlz4P.s:49     .text.HardFault_Handler:0000000000000000 HardFault_Handler
     /tmp/cctMlz4P.s:66     .text.MemManage_Handler:0000000000000000 $t
     /tmp/cctMlz4P.s:73     .text.MemManage_Handler:0000000000000000 MemManage_Handler
     /tmp/cctMlz4P.s:90     .text.BusFault_Handler:0000000000000000 $t
     /tmp/cctMlz4P.s:97     .text.BusFault_Handler:0000000000000000 BusFault_Handler
     /tmp/cctMlz4P.s:114    .text.UsageFault_Handler:0000000000000000 $t
     /tmp/cctMlz4P.s:121    .text.UsageFault_Handler:0000000000000000 UsageFault_Handler
     /tmp/cctMlz4P.s:138    .text.SVC_Handler:0000000000000000 $t
     /tmp/cctMlz4P.s:145    .text.SVC_Handler:0000000000000000 SVC_Handler
     /tmp/cctMlz4P.s:158    .text.DebugMon_Handler:0000000000000000 $t
     /tmp/cctMlz4P.s:165    .text.DebugMon_Handler:0000000000000000 DebugMon_Handler
     /tmp/cctMlz4P.s:178    .text.PendSV_Handler:0000000000000000 $t
     /tmp/cctMlz4P.s:185    .text.PendSV_Handler:0000000000000000 PendSV_Handler
     /tmp/cctMlz4P.s:198    .text.SysTick_Handler:0000000000000000 $t
     /tmp/cctMlz4P.s:205    .text.SysTick_Handler:0000000000000000 SysTick_Handler

UNDEFINED SYMBOLS
HAL_IncTick
