ARM GAS  /tmp/ccbaclnK.s 			page 1


   1              		.cpu cortex-m3
   2              		.eabi_attribute 20, 1
   3              		.eabi_attribute 21, 1
   4              		.eabi_attribute 23, 3
   5              		.eabi_attribute 24, 1
   6              		.eabi_attribute 25, 1
   7              		.eabi_attribute 26, 1
   8              		.eabi_attribute 30, 1
   9              		.eabi_attribute 34, 1
  10              		.eabi_attribute 18, 4
  11              		.file	"stm32f1xx_hal_exti.c"
  12              		.text
  13              	.Ltext0:
  14              		.cfi_sections	.debug_frame
  15              		.section	.text.HAL_EXTI_SetConfigLine,"ax",%progbits
  16              		.align	1
  17              		.global	HAL_EXTI_SetConfigLine
  18              		.arch armv7-m
  19              		.syntax unified
  20              		.thumb
  21              		.thumb_func
  22              		.fpu softvfp
  24              	HAL_EXTI_SetConfigLine:
  25              	.LVL0:
  26              	.LFB65:
  27              		.file 1 "Drivers/STM32F1xx_HAL_Driver/Src/stm32f1xx_hal_exti.c"
   1:Drivers/STM32F1xx_HAL_Driver/Src/stm32f1xx_hal_exti.c **** /**
   2:Drivers/STM32F1xx_HAL_Driver/Src/stm32f1xx_hal_exti.c ****   ******************************************************************************
   3:Drivers/STM32F1xx_HAL_Driver/Src/stm32f1xx_hal_exti.c ****   * @file    stm32f1xx_hal_exti.c
   4:Drivers/STM32F1xx_HAL_Driver/Src/stm32f1xx_hal_exti.c ****   * @author  MCD Application Team
   5:Drivers/STM32F1xx_HAL_Driver/Src/stm32f1xx_hal_exti.c ****   * @brief   EXTI HAL module driver.
   6:Drivers/STM32F1xx_HAL_Driver/Src/stm32f1xx_hal_exti.c ****   *          This file provides firmware functions to manage the following
   7:Drivers/STM32F1xx_HAL_Driver/Src/stm32f1xx_hal_exti.c ****   *          functionalities of the Extended Interrupts and events controller (EXTI) peripheral:
   8:Drivers/STM32F1xx_HAL_Driver/Src/stm32f1xx_hal_exti.c ****   *           + Initialization and de-initialization functions
   9:Drivers/STM32F1xx_HAL_Driver/Src/stm32f1xx_hal_exti.c ****   *           + IO operation functions
  10:Drivers/STM32F1xx_HAL_Driver/Src/stm32f1xx_hal_exti.c ****   *
  11:Drivers/STM32F1xx_HAL_Driver/Src/stm32f1xx_hal_exti.c ****   ******************************************************************************
  12:Drivers/STM32F1xx_HAL_Driver/Src/stm32f1xx_hal_exti.c ****   * @attention
  13:Drivers/STM32F1xx_HAL_Driver/Src/stm32f1xx_hal_exti.c ****   *
  14:Drivers/STM32F1xx_HAL_Driver/Src/stm32f1xx_hal_exti.c ****   * Copyright (c) 2019 STMicroelectronics.
  15:Drivers/STM32F1xx_HAL_Driver/Src/stm32f1xx_hal_exti.c ****   * All rights reserved.
  16:Drivers/STM32F1xx_HAL_Driver/Src/stm32f1xx_hal_exti.c ****   *
  17:Drivers/STM32F1xx_HAL_Driver/Src/stm32f1xx_hal_exti.c ****   * This software is licensed under terms that can be found in the LICENSE file
  18:Drivers/STM32F1xx_HAL_Driver/Src/stm32f1xx_hal_exti.c ****   * in the root directory of this software component.
  19:Drivers/STM32F1xx_HAL_Driver/Src/stm32f1xx_hal_exti.c ****   * If no LICENSE file comes with this software, it is provided AS-IS.
  20:Drivers/STM32F1xx_HAL_Driver/Src/stm32f1xx_hal_exti.c ****   *
  21:Drivers/STM32F1xx_HAL_Driver/Src/stm32f1xx_hal_exti.c ****   ******************************************************************************
  22:Drivers/STM32F1xx_HAL_Driver/Src/stm32f1xx_hal_exti.c ****   @verbatim
  23:Drivers/STM32F1xx_HAL_Driver/Src/stm32f1xx_hal_exti.c ****   ==============================================================================
  24:Drivers/STM32F1xx_HAL_Driver/Src/stm32f1xx_hal_exti.c ****                     ##### EXTI Peripheral features #####
  25:Drivers/STM32F1xx_HAL_Driver/Src/stm32f1xx_hal_exti.c ****   ==============================================================================
  26:Drivers/STM32F1xx_HAL_Driver/Src/stm32f1xx_hal_exti.c ****   [..]
  27:Drivers/STM32F1xx_HAL_Driver/Src/stm32f1xx_hal_exti.c ****     (+) Each Exti line can be configured within this driver.
  28:Drivers/STM32F1xx_HAL_Driver/Src/stm32f1xx_hal_exti.c **** 
  29:Drivers/STM32F1xx_HAL_Driver/Src/stm32f1xx_hal_exti.c ****     (+) Exti line can be configured in 3 different modes
  30:Drivers/STM32F1xx_HAL_Driver/Src/stm32f1xx_hal_exti.c ****         (++) Interrupt
  31:Drivers/STM32F1xx_HAL_Driver/Src/stm32f1xx_hal_exti.c ****         (++) Event
ARM GAS  /tmp/ccbaclnK.s 			page 2


  32:Drivers/STM32F1xx_HAL_Driver/Src/stm32f1xx_hal_exti.c ****         (++) Both of them
  33:Drivers/STM32F1xx_HAL_Driver/Src/stm32f1xx_hal_exti.c **** 
  34:Drivers/STM32F1xx_HAL_Driver/Src/stm32f1xx_hal_exti.c ****     (+) Configurable Exti lines can be configured with 3 different triggers
  35:Drivers/STM32F1xx_HAL_Driver/Src/stm32f1xx_hal_exti.c ****         (++) Rising
  36:Drivers/STM32F1xx_HAL_Driver/Src/stm32f1xx_hal_exti.c ****         (++) Falling
  37:Drivers/STM32F1xx_HAL_Driver/Src/stm32f1xx_hal_exti.c ****         (++) Both of them
  38:Drivers/STM32F1xx_HAL_Driver/Src/stm32f1xx_hal_exti.c **** 
  39:Drivers/STM32F1xx_HAL_Driver/Src/stm32f1xx_hal_exti.c ****     (+) When set in interrupt mode, configurable Exti lines have two different
  40:Drivers/STM32F1xx_HAL_Driver/Src/stm32f1xx_hal_exti.c ****         interrupts pending registers which allow to distinguish which transition
  41:Drivers/STM32F1xx_HAL_Driver/Src/stm32f1xx_hal_exti.c ****         occurs:
  42:Drivers/STM32F1xx_HAL_Driver/Src/stm32f1xx_hal_exti.c ****         (++) Rising edge pending interrupt
  43:Drivers/STM32F1xx_HAL_Driver/Src/stm32f1xx_hal_exti.c ****         (++) Falling
  44:Drivers/STM32F1xx_HAL_Driver/Src/stm32f1xx_hal_exti.c **** 
  45:Drivers/STM32F1xx_HAL_Driver/Src/stm32f1xx_hal_exti.c ****     (+) Exti lines 0 to 15 are linked to gpio pin number 0 to 15. Gpio port can
  46:Drivers/STM32F1xx_HAL_Driver/Src/stm32f1xx_hal_exti.c ****         be selected through multiplexer.
  47:Drivers/STM32F1xx_HAL_Driver/Src/stm32f1xx_hal_exti.c **** 
  48:Drivers/STM32F1xx_HAL_Driver/Src/stm32f1xx_hal_exti.c ****                      ##### How to use this driver #####
  49:Drivers/STM32F1xx_HAL_Driver/Src/stm32f1xx_hal_exti.c ****   ==============================================================================
  50:Drivers/STM32F1xx_HAL_Driver/Src/stm32f1xx_hal_exti.c ****   [..]
  51:Drivers/STM32F1xx_HAL_Driver/Src/stm32f1xx_hal_exti.c **** 
  52:Drivers/STM32F1xx_HAL_Driver/Src/stm32f1xx_hal_exti.c ****     (#) Configure the EXTI line using HAL_EXTI_SetConfigLine().
  53:Drivers/STM32F1xx_HAL_Driver/Src/stm32f1xx_hal_exti.c ****         (++) Choose the interrupt line number by setting "Line" member from
  54:Drivers/STM32F1xx_HAL_Driver/Src/stm32f1xx_hal_exti.c ****              EXTI_ConfigTypeDef structure.
  55:Drivers/STM32F1xx_HAL_Driver/Src/stm32f1xx_hal_exti.c ****         (++) Configure the interrupt and/or event mode using "Mode" member from
  56:Drivers/STM32F1xx_HAL_Driver/Src/stm32f1xx_hal_exti.c ****              EXTI_ConfigTypeDef structure.
  57:Drivers/STM32F1xx_HAL_Driver/Src/stm32f1xx_hal_exti.c ****         (++) For configurable lines, configure rising and/or falling trigger
  58:Drivers/STM32F1xx_HAL_Driver/Src/stm32f1xx_hal_exti.c ****              "Trigger" member from EXTI_ConfigTypeDef structure.
  59:Drivers/STM32F1xx_HAL_Driver/Src/stm32f1xx_hal_exti.c ****         (++) For Exti lines linked to gpio, choose gpio port using "GPIOSel"
  60:Drivers/STM32F1xx_HAL_Driver/Src/stm32f1xx_hal_exti.c ****              member from GPIO_InitTypeDef structure.
  61:Drivers/STM32F1xx_HAL_Driver/Src/stm32f1xx_hal_exti.c **** 
  62:Drivers/STM32F1xx_HAL_Driver/Src/stm32f1xx_hal_exti.c ****     (#) Get current Exti configuration of a dedicated line using
  63:Drivers/STM32F1xx_HAL_Driver/Src/stm32f1xx_hal_exti.c ****         HAL_EXTI_GetConfigLine().
  64:Drivers/STM32F1xx_HAL_Driver/Src/stm32f1xx_hal_exti.c ****         (++) Provide exiting handle as parameter.
  65:Drivers/STM32F1xx_HAL_Driver/Src/stm32f1xx_hal_exti.c ****         (++) Provide pointer on EXTI_ConfigTypeDef structure as second parameter.
  66:Drivers/STM32F1xx_HAL_Driver/Src/stm32f1xx_hal_exti.c **** 
  67:Drivers/STM32F1xx_HAL_Driver/Src/stm32f1xx_hal_exti.c ****     (#) Clear Exti configuration of a dedicated line using HAL_EXTI_ClearConfigLine().
  68:Drivers/STM32F1xx_HAL_Driver/Src/stm32f1xx_hal_exti.c ****         (++) Provide exiting handle as parameter.
  69:Drivers/STM32F1xx_HAL_Driver/Src/stm32f1xx_hal_exti.c **** 
  70:Drivers/STM32F1xx_HAL_Driver/Src/stm32f1xx_hal_exti.c ****     (#) Register callback to treat Exti interrupts using HAL_EXTI_RegisterCallback().
  71:Drivers/STM32F1xx_HAL_Driver/Src/stm32f1xx_hal_exti.c ****         (++) Provide exiting handle as first parameter.
  72:Drivers/STM32F1xx_HAL_Driver/Src/stm32f1xx_hal_exti.c ****         (++) Provide which callback will be registered using one value from
  73:Drivers/STM32F1xx_HAL_Driver/Src/stm32f1xx_hal_exti.c ****              EXTI_CallbackIDTypeDef.
  74:Drivers/STM32F1xx_HAL_Driver/Src/stm32f1xx_hal_exti.c ****         (++) Provide callback function pointer.
  75:Drivers/STM32F1xx_HAL_Driver/Src/stm32f1xx_hal_exti.c **** 
  76:Drivers/STM32F1xx_HAL_Driver/Src/stm32f1xx_hal_exti.c ****     (#) Get interrupt pending bit using HAL_EXTI_GetPending().
  77:Drivers/STM32F1xx_HAL_Driver/Src/stm32f1xx_hal_exti.c **** 
  78:Drivers/STM32F1xx_HAL_Driver/Src/stm32f1xx_hal_exti.c ****     (#) Clear interrupt pending bit using HAL_EXTI_ClearPending().
  79:Drivers/STM32F1xx_HAL_Driver/Src/stm32f1xx_hal_exti.c **** 
  80:Drivers/STM32F1xx_HAL_Driver/Src/stm32f1xx_hal_exti.c ****     (#) Generate software interrupt using HAL_EXTI_GenerateSWI().
  81:Drivers/STM32F1xx_HAL_Driver/Src/stm32f1xx_hal_exti.c **** 
  82:Drivers/STM32F1xx_HAL_Driver/Src/stm32f1xx_hal_exti.c ****   @endverbatim
  83:Drivers/STM32F1xx_HAL_Driver/Src/stm32f1xx_hal_exti.c ****   */
  84:Drivers/STM32F1xx_HAL_Driver/Src/stm32f1xx_hal_exti.c **** 
  85:Drivers/STM32F1xx_HAL_Driver/Src/stm32f1xx_hal_exti.c **** /* Includes ------------------------------------------------------------------*/
  86:Drivers/STM32F1xx_HAL_Driver/Src/stm32f1xx_hal_exti.c **** #include "stm32f1xx_hal.h"
  87:Drivers/STM32F1xx_HAL_Driver/Src/stm32f1xx_hal_exti.c **** 
  88:Drivers/STM32F1xx_HAL_Driver/Src/stm32f1xx_hal_exti.c **** /** @addtogroup STM32F1xx_HAL_Driver
ARM GAS  /tmp/ccbaclnK.s 			page 3


  89:Drivers/STM32F1xx_HAL_Driver/Src/stm32f1xx_hal_exti.c ****   * @{
  90:Drivers/STM32F1xx_HAL_Driver/Src/stm32f1xx_hal_exti.c ****   */
  91:Drivers/STM32F1xx_HAL_Driver/Src/stm32f1xx_hal_exti.c **** 
  92:Drivers/STM32F1xx_HAL_Driver/Src/stm32f1xx_hal_exti.c **** /** @addtogroup EXTI
  93:Drivers/STM32F1xx_HAL_Driver/Src/stm32f1xx_hal_exti.c ****   * @{
  94:Drivers/STM32F1xx_HAL_Driver/Src/stm32f1xx_hal_exti.c ****   */
  95:Drivers/STM32F1xx_HAL_Driver/Src/stm32f1xx_hal_exti.c **** /** MISRA C:2012 deviation rule has been granted for following rule:
  96:Drivers/STM32F1xx_HAL_Driver/Src/stm32f1xx_hal_exti.c ****   * Rule-18.1_b - Medium: Array `EXTICR' 1st subscript interval [0,7] may be out
  97:Drivers/STM32F1xx_HAL_Driver/Src/stm32f1xx_hal_exti.c ****   * of bounds [0,3] in following API :
  98:Drivers/STM32F1xx_HAL_Driver/Src/stm32f1xx_hal_exti.c ****   * HAL_EXTI_SetConfigLine
  99:Drivers/STM32F1xx_HAL_Driver/Src/stm32f1xx_hal_exti.c ****   * HAL_EXTI_GetConfigLine
 100:Drivers/STM32F1xx_HAL_Driver/Src/stm32f1xx_hal_exti.c ****   * HAL_EXTI_ClearConfigLine
 101:Drivers/STM32F1xx_HAL_Driver/Src/stm32f1xx_hal_exti.c ****   */
 102:Drivers/STM32F1xx_HAL_Driver/Src/stm32f1xx_hal_exti.c **** 
 103:Drivers/STM32F1xx_HAL_Driver/Src/stm32f1xx_hal_exti.c **** #ifdef HAL_EXTI_MODULE_ENABLED
 104:Drivers/STM32F1xx_HAL_Driver/Src/stm32f1xx_hal_exti.c **** 
 105:Drivers/STM32F1xx_HAL_Driver/Src/stm32f1xx_hal_exti.c **** /* Private typedef -----------------------------------------------------------*/
 106:Drivers/STM32F1xx_HAL_Driver/Src/stm32f1xx_hal_exti.c **** /* Private defines -----------------------------------------------------------*/
 107:Drivers/STM32F1xx_HAL_Driver/Src/stm32f1xx_hal_exti.c **** /** @defgroup EXTI_Private_Constants EXTI Private Constants
 108:Drivers/STM32F1xx_HAL_Driver/Src/stm32f1xx_hal_exti.c ****   * @{
 109:Drivers/STM32F1xx_HAL_Driver/Src/stm32f1xx_hal_exti.c ****   */
 110:Drivers/STM32F1xx_HAL_Driver/Src/stm32f1xx_hal_exti.c **** 
 111:Drivers/STM32F1xx_HAL_Driver/Src/stm32f1xx_hal_exti.c **** /**
 112:Drivers/STM32F1xx_HAL_Driver/Src/stm32f1xx_hal_exti.c ****   * @}
 113:Drivers/STM32F1xx_HAL_Driver/Src/stm32f1xx_hal_exti.c ****   */
 114:Drivers/STM32F1xx_HAL_Driver/Src/stm32f1xx_hal_exti.c **** 
 115:Drivers/STM32F1xx_HAL_Driver/Src/stm32f1xx_hal_exti.c **** /* Private macros ------------------------------------------------------------*/
 116:Drivers/STM32F1xx_HAL_Driver/Src/stm32f1xx_hal_exti.c **** /* Private variables ---------------------------------------------------------*/
 117:Drivers/STM32F1xx_HAL_Driver/Src/stm32f1xx_hal_exti.c **** /* Private function prototypes -----------------------------------------------*/
 118:Drivers/STM32F1xx_HAL_Driver/Src/stm32f1xx_hal_exti.c **** /* Exported functions --------------------------------------------------------*/
 119:Drivers/STM32F1xx_HAL_Driver/Src/stm32f1xx_hal_exti.c **** 
 120:Drivers/STM32F1xx_HAL_Driver/Src/stm32f1xx_hal_exti.c **** /** @addtogroup EXTI_Exported_Functions
 121:Drivers/STM32F1xx_HAL_Driver/Src/stm32f1xx_hal_exti.c ****   * @{
 122:Drivers/STM32F1xx_HAL_Driver/Src/stm32f1xx_hal_exti.c ****   */
 123:Drivers/STM32F1xx_HAL_Driver/Src/stm32f1xx_hal_exti.c **** 
 124:Drivers/STM32F1xx_HAL_Driver/Src/stm32f1xx_hal_exti.c **** /** @addtogroup EXTI_Exported_Functions_Group1
 125:Drivers/STM32F1xx_HAL_Driver/Src/stm32f1xx_hal_exti.c ****   *  @brief    Configuration functions
 126:Drivers/STM32F1xx_HAL_Driver/Src/stm32f1xx_hal_exti.c ****   *
 127:Drivers/STM32F1xx_HAL_Driver/Src/stm32f1xx_hal_exti.c **** @verbatim
 128:Drivers/STM32F1xx_HAL_Driver/Src/stm32f1xx_hal_exti.c ****  ===============================================================================
 129:Drivers/STM32F1xx_HAL_Driver/Src/stm32f1xx_hal_exti.c ****               ##### Configuration functions #####
 130:Drivers/STM32F1xx_HAL_Driver/Src/stm32f1xx_hal_exti.c ****  ===============================================================================
 131:Drivers/STM32F1xx_HAL_Driver/Src/stm32f1xx_hal_exti.c **** 
 132:Drivers/STM32F1xx_HAL_Driver/Src/stm32f1xx_hal_exti.c **** @endverbatim
 133:Drivers/STM32F1xx_HAL_Driver/Src/stm32f1xx_hal_exti.c ****   * @{
 134:Drivers/STM32F1xx_HAL_Driver/Src/stm32f1xx_hal_exti.c ****   */
 135:Drivers/STM32F1xx_HAL_Driver/Src/stm32f1xx_hal_exti.c **** 
 136:Drivers/STM32F1xx_HAL_Driver/Src/stm32f1xx_hal_exti.c **** /**
 137:Drivers/STM32F1xx_HAL_Driver/Src/stm32f1xx_hal_exti.c ****   * @brief  Set configuration of a dedicated Exti line.
 138:Drivers/STM32F1xx_HAL_Driver/Src/stm32f1xx_hal_exti.c ****   * @param  hexti Exti handle.
 139:Drivers/STM32F1xx_HAL_Driver/Src/stm32f1xx_hal_exti.c ****   * @param  pExtiConfig Pointer on EXTI configuration to be set.
 140:Drivers/STM32F1xx_HAL_Driver/Src/stm32f1xx_hal_exti.c ****   * @retval HAL Status.
 141:Drivers/STM32F1xx_HAL_Driver/Src/stm32f1xx_hal_exti.c ****   */
 142:Drivers/STM32F1xx_HAL_Driver/Src/stm32f1xx_hal_exti.c **** HAL_StatusTypeDef HAL_EXTI_SetConfigLine(EXTI_HandleTypeDef *hexti, EXTI_ConfigTypeDef *pExtiConfig
 143:Drivers/STM32F1xx_HAL_Driver/Src/stm32f1xx_hal_exti.c **** {
  28              		.loc 1 143 1 view -0
  29              		.cfi_startproc
ARM GAS  /tmp/ccbaclnK.s 			page 4


  30              		@ args = 0, pretend = 0, frame = 0
  31              		@ frame_needed = 0, uses_anonymous_args = 0
  32              		@ link register save eliminated.
 144:Drivers/STM32F1xx_HAL_Driver/Src/stm32f1xx_hal_exti.c ****   uint32_t regval;
  33              		.loc 1 144 3 view .LVU1
 145:Drivers/STM32F1xx_HAL_Driver/Src/stm32f1xx_hal_exti.c ****   uint32_t linepos;
  34              		.loc 1 145 3 view .LVU2
 146:Drivers/STM32F1xx_HAL_Driver/Src/stm32f1xx_hal_exti.c ****   uint32_t maskline;
  35              		.loc 1 146 3 view .LVU3
 147:Drivers/STM32F1xx_HAL_Driver/Src/stm32f1xx_hal_exti.c **** 
 148:Drivers/STM32F1xx_HAL_Driver/Src/stm32f1xx_hal_exti.c ****   /* Check null pointer */
 149:Drivers/STM32F1xx_HAL_Driver/Src/stm32f1xx_hal_exti.c ****   if ((hexti == NULL) || (pExtiConfig == NULL))
  36              		.loc 1 149 3 view .LVU4
  37              		.loc 1 149 6 is_stmt 0 view .LVU5
  38 0000 0028     		cmp	r0, #0
  39 0002 60D0     		beq	.L11
  40              		.loc 1 149 23 discriminator 1 view .LVU6
  41 0004 0029     		cmp	r1, #0
  42 0006 60D0     		beq	.L12
 143:Drivers/STM32F1xx_HAL_Driver/Src/stm32f1xx_hal_exti.c ****   uint32_t regval;
  43              		.loc 1 143 1 view .LVU7
  44 0008 70B4     		push	{r4, r5, r6}
  45              	.LCFI0:
  46              		.cfi_def_cfa_offset 12
  47              		.cfi_offset 4, -12
  48              		.cfi_offset 5, -8
  49              		.cfi_offset 6, -4
 150:Drivers/STM32F1xx_HAL_Driver/Src/stm32f1xx_hal_exti.c ****   {
 151:Drivers/STM32F1xx_HAL_Driver/Src/stm32f1xx_hal_exti.c ****     return HAL_ERROR;
 152:Drivers/STM32F1xx_HAL_Driver/Src/stm32f1xx_hal_exti.c ****   }
 153:Drivers/STM32F1xx_HAL_Driver/Src/stm32f1xx_hal_exti.c **** 
 154:Drivers/STM32F1xx_HAL_Driver/Src/stm32f1xx_hal_exti.c ****   /* Check parameters */
 155:Drivers/STM32F1xx_HAL_Driver/Src/stm32f1xx_hal_exti.c ****   assert_param(IS_EXTI_LINE(pExtiConfig->Line));
  50              		.loc 1 155 3 is_stmt 1 view .LVU8
 156:Drivers/STM32F1xx_HAL_Driver/Src/stm32f1xx_hal_exti.c ****   assert_param(IS_EXTI_MODE(pExtiConfig->Mode));
  51              		.loc 1 156 3 view .LVU9
 157:Drivers/STM32F1xx_HAL_Driver/Src/stm32f1xx_hal_exti.c **** 
 158:Drivers/STM32F1xx_HAL_Driver/Src/stm32f1xx_hal_exti.c ****   /* Assign line number to handle */
 159:Drivers/STM32F1xx_HAL_Driver/Src/stm32f1xx_hal_exti.c ****   hexti->Line = pExtiConfig->Line;
  52              		.loc 1 159 3 view .LVU10
  53              		.loc 1 159 28 is_stmt 0 view .LVU11
  54 000a 0B68     		ldr	r3, [r1]
  55              		.loc 1 159 15 view .LVU12
  56 000c 0360     		str	r3, [r0]
 160:Drivers/STM32F1xx_HAL_Driver/Src/stm32f1xx_hal_exti.c **** 
 161:Drivers/STM32F1xx_HAL_Driver/Src/stm32f1xx_hal_exti.c ****   /* Compute line mask */
 162:Drivers/STM32F1xx_HAL_Driver/Src/stm32f1xx_hal_exti.c ****   linepos = (pExtiConfig->Line & EXTI_PIN_MASK);
  57              		.loc 1 162 3 is_stmt 1 view .LVU13
  58              		.loc 1 162 11 is_stmt 0 view .LVU14
  59 000e 03F01F02 		and	r2, r3, #31
  60              	.LVL1:
 163:Drivers/STM32F1xx_HAL_Driver/Src/stm32f1xx_hal_exti.c ****   maskline = (1uL << linepos);
  61              		.loc 1 163 3 is_stmt 1 view .LVU15
  62              		.loc 1 163 12 is_stmt 0 view .LVU16
  63 0012 0120     		movs	r0, #1
  64              	.LVL2:
  65              		.loc 1 163 12 view .LVU17
ARM GAS  /tmp/ccbaclnK.s 			page 5


  66 0014 9040     		lsls	r0, r0, r2
  67              	.LVL3:
 164:Drivers/STM32F1xx_HAL_Driver/Src/stm32f1xx_hal_exti.c **** 
 165:Drivers/STM32F1xx_HAL_Driver/Src/stm32f1xx_hal_exti.c ****   /* Configure triggers for configurable lines */
 166:Drivers/STM32F1xx_HAL_Driver/Src/stm32f1xx_hal_exti.c ****   if ((pExtiConfig->Line & EXTI_CONFIG) != 0x00u)
  68              		.loc 1 166 3 is_stmt 1 view .LVU18
  69              		.loc 1 166 6 is_stmt 0 view .LVU19
  70 0016 13F0007F 		tst	r3, #33554432
  71 001a 15D0     		beq	.L3
 167:Drivers/STM32F1xx_HAL_Driver/Src/stm32f1xx_hal_exti.c ****   {
 168:Drivers/STM32F1xx_HAL_Driver/Src/stm32f1xx_hal_exti.c ****     assert_param(IS_EXTI_TRIGGER(pExtiConfig->Trigger));
  72              		.loc 1 168 5 is_stmt 1 view .LVU20
 169:Drivers/STM32F1xx_HAL_Driver/Src/stm32f1xx_hal_exti.c **** 
 170:Drivers/STM32F1xx_HAL_Driver/Src/stm32f1xx_hal_exti.c ****     /* Configure rising trigger */
 171:Drivers/STM32F1xx_HAL_Driver/Src/stm32f1xx_hal_exti.c ****     /* Mask or set line */
 172:Drivers/STM32F1xx_HAL_Driver/Src/stm32f1xx_hal_exti.c ****     if ((pExtiConfig->Trigger & EXTI_TRIGGER_RISING) != 0x00u)
  73              		.loc 1 172 5 view .LVU21
  74              		.loc 1 172 21 is_stmt 0 view .LVU22
  75 001c 8C68     		ldr	r4, [r1, #8]
  76              		.loc 1 172 8 view .LVU23
  77 001e 14F0010F 		tst	r4, #1
  78 0022 24D0     		beq	.L4
 173:Drivers/STM32F1xx_HAL_Driver/Src/stm32f1xx_hal_exti.c ****     {
 174:Drivers/STM32F1xx_HAL_Driver/Src/stm32f1xx_hal_exti.c ****       EXTI->RTSR |= maskline;
  79              		.loc 1 174 7 is_stmt 1 view .LVU24
  80              		.loc 1 174 18 is_stmt 0 view .LVU25
  81 0024 2A4D     		ldr	r5, .L18
  82 0026 AC68     		ldr	r4, [r5, #8]
  83 0028 0443     		orrs	r4, r4, r0
  84 002a AC60     		str	r4, [r5, #8]
  85              	.L5:
 175:Drivers/STM32F1xx_HAL_Driver/Src/stm32f1xx_hal_exti.c ****     }
 176:Drivers/STM32F1xx_HAL_Driver/Src/stm32f1xx_hal_exti.c ****     else
 177:Drivers/STM32F1xx_HAL_Driver/Src/stm32f1xx_hal_exti.c ****     {
 178:Drivers/STM32F1xx_HAL_Driver/Src/stm32f1xx_hal_exti.c ****       EXTI->RTSR &= ~maskline;
 179:Drivers/STM32F1xx_HAL_Driver/Src/stm32f1xx_hal_exti.c ****     }
 180:Drivers/STM32F1xx_HAL_Driver/Src/stm32f1xx_hal_exti.c **** 
 181:Drivers/STM32F1xx_HAL_Driver/Src/stm32f1xx_hal_exti.c ****     /* Configure falling trigger */
 182:Drivers/STM32F1xx_HAL_Driver/Src/stm32f1xx_hal_exti.c ****     /* Mask or set line */
 183:Drivers/STM32F1xx_HAL_Driver/Src/stm32f1xx_hal_exti.c ****     if ((pExtiConfig->Trigger & EXTI_TRIGGER_FALLING) != 0x00u)
  86              		.loc 1 183 5 is_stmt 1 view .LVU26
  87              		.loc 1 183 21 is_stmt 0 view .LVU27
  88 002c 8C68     		ldr	r4, [r1, #8]
  89              		.loc 1 183 8 view .LVU28
  90 002e 14F0020F 		tst	r4, #2
  91 0032 22D0     		beq	.L6
 184:Drivers/STM32F1xx_HAL_Driver/Src/stm32f1xx_hal_exti.c ****     {
 185:Drivers/STM32F1xx_HAL_Driver/Src/stm32f1xx_hal_exti.c ****       EXTI->FTSR |= maskline;
  92              		.loc 1 185 7 is_stmt 1 view .LVU29
  93              		.loc 1 185 18 is_stmt 0 view .LVU30
  94 0034 264D     		ldr	r5, .L18
  95 0036 EC68     		ldr	r4, [r5, #12]
  96 0038 0443     		orrs	r4, r4, r0
  97 003a EC60     		str	r4, [r5, #12]
  98              	.L7:
 186:Drivers/STM32F1xx_HAL_Driver/Src/stm32f1xx_hal_exti.c ****     }
 187:Drivers/STM32F1xx_HAL_Driver/Src/stm32f1xx_hal_exti.c ****     else
ARM GAS  /tmp/ccbaclnK.s 			page 6


 188:Drivers/STM32F1xx_HAL_Driver/Src/stm32f1xx_hal_exti.c ****     {
 189:Drivers/STM32F1xx_HAL_Driver/Src/stm32f1xx_hal_exti.c ****       EXTI->FTSR &= ~maskline;
 190:Drivers/STM32F1xx_HAL_Driver/Src/stm32f1xx_hal_exti.c ****     }
 191:Drivers/STM32F1xx_HAL_Driver/Src/stm32f1xx_hal_exti.c **** 
 192:Drivers/STM32F1xx_HAL_Driver/Src/stm32f1xx_hal_exti.c **** 
 193:Drivers/STM32F1xx_HAL_Driver/Src/stm32f1xx_hal_exti.c ****     /* Configure gpio port selection in case of gpio exti line */
 194:Drivers/STM32F1xx_HAL_Driver/Src/stm32f1xx_hal_exti.c ****     if ((pExtiConfig->Line & EXTI_GPIO) == EXTI_GPIO)
  99              		.loc 1 194 5 is_stmt 1 view .LVU31
 100              		.loc 1 194 21 is_stmt 0 view .LVU32
 101 003c 0C68     		ldr	r4, [r1]
 102              		.loc 1 194 28 view .LVU33
 103 003e 04F0C064 		and	r4, r4, #100663296
 104              		.loc 1 194 8 view .LVU34
 105 0042 B4F1C06F 		cmp	r4, #100663296
 106 0046 1ED0     		beq	.L17
 107              	.LVL4:
 108              	.L3:
 195:Drivers/STM32F1xx_HAL_Driver/Src/stm32f1xx_hal_exti.c ****     {
 196:Drivers/STM32F1xx_HAL_Driver/Src/stm32f1xx_hal_exti.c ****       assert_param(IS_EXTI_GPIO_PORT(pExtiConfig->GPIOSel));
 197:Drivers/STM32F1xx_HAL_Driver/Src/stm32f1xx_hal_exti.c ****       assert_param(IS_EXTI_GPIO_PIN(linepos));
 198:Drivers/STM32F1xx_HAL_Driver/Src/stm32f1xx_hal_exti.c ****       
 199:Drivers/STM32F1xx_HAL_Driver/Src/stm32f1xx_hal_exti.c ****       regval = AFIO->EXTICR[linepos >> 2u];
 200:Drivers/STM32F1xx_HAL_Driver/Src/stm32f1xx_hal_exti.c ****       regval &= ~(AFIO_EXTICR1_EXTI0 << (AFIO_EXTICR1_EXTI1_Pos * (linepos & 0x03u)));
 201:Drivers/STM32F1xx_HAL_Driver/Src/stm32f1xx_hal_exti.c ****       regval |= (pExtiConfig->GPIOSel << (AFIO_EXTICR1_EXTI1_Pos * (linepos & 0x03u)));
 202:Drivers/STM32F1xx_HAL_Driver/Src/stm32f1xx_hal_exti.c ****       AFIO->EXTICR[linepos >> 2u] = regval;
 203:Drivers/STM32F1xx_HAL_Driver/Src/stm32f1xx_hal_exti.c ****     }
 204:Drivers/STM32F1xx_HAL_Driver/Src/stm32f1xx_hal_exti.c ****   }
 205:Drivers/STM32F1xx_HAL_Driver/Src/stm32f1xx_hal_exti.c **** 
 206:Drivers/STM32F1xx_HAL_Driver/Src/stm32f1xx_hal_exti.c ****   /* Configure interrupt mode : read current mode */
 207:Drivers/STM32F1xx_HAL_Driver/Src/stm32f1xx_hal_exti.c ****   /* Mask or set line */
 208:Drivers/STM32F1xx_HAL_Driver/Src/stm32f1xx_hal_exti.c ****   if ((pExtiConfig->Mode & EXTI_MODE_INTERRUPT) != 0x00u)
 109              		.loc 1 208 3 is_stmt 1 view .LVU35
 110              		.loc 1 208 19 is_stmt 0 view .LVU36
 111 0048 4B68     		ldr	r3, [r1, #4]
 112              		.loc 1 208 6 view .LVU37
 113 004a 13F0010F 		tst	r3, #1
 114 004e 2DD0     		beq	.L8
 209:Drivers/STM32F1xx_HAL_Driver/Src/stm32f1xx_hal_exti.c ****   {
 210:Drivers/STM32F1xx_HAL_Driver/Src/stm32f1xx_hal_exti.c ****     EXTI->IMR |= maskline;
 115              		.loc 1 210 5 is_stmt 1 view .LVU38
 116              		.loc 1 210 15 is_stmt 0 view .LVU39
 117 0050 1F4A     		ldr	r2, .L18
 118 0052 1368     		ldr	r3, [r2]
 119 0054 0343     		orrs	r3, r3, r0
 120 0056 1360     		str	r3, [r2]
 121              	.L9:
 211:Drivers/STM32F1xx_HAL_Driver/Src/stm32f1xx_hal_exti.c ****   }
 212:Drivers/STM32F1xx_HAL_Driver/Src/stm32f1xx_hal_exti.c ****   else
 213:Drivers/STM32F1xx_HAL_Driver/Src/stm32f1xx_hal_exti.c ****   {
 214:Drivers/STM32F1xx_HAL_Driver/Src/stm32f1xx_hal_exti.c ****     EXTI->IMR &= ~maskline;
 215:Drivers/STM32F1xx_HAL_Driver/Src/stm32f1xx_hal_exti.c ****   }
 216:Drivers/STM32F1xx_HAL_Driver/Src/stm32f1xx_hal_exti.c **** 
 217:Drivers/STM32F1xx_HAL_Driver/Src/stm32f1xx_hal_exti.c ****   /* Configure event mode : read current mode */
 218:Drivers/STM32F1xx_HAL_Driver/Src/stm32f1xx_hal_exti.c ****   /* Mask or set line */
 219:Drivers/STM32F1xx_HAL_Driver/Src/stm32f1xx_hal_exti.c ****   if ((pExtiConfig->Mode & EXTI_MODE_EVENT) != 0x00u)
 122              		.loc 1 219 3 is_stmt 1 view .LVU40
 123              		.loc 1 219 19 is_stmt 0 view .LVU41
ARM GAS  /tmp/ccbaclnK.s 			page 7


 124 0058 4B68     		ldr	r3, [r1, #4]
 125              		.loc 1 219 6 view .LVU42
 126 005a 13F0020F 		tst	r3, #2
 127 005e 2BD0     		beq	.L10
 220:Drivers/STM32F1xx_HAL_Driver/Src/stm32f1xx_hal_exti.c ****   {
 221:Drivers/STM32F1xx_HAL_Driver/Src/stm32f1xx_hal_exti.c ****     EXTI->EMR |= maskline;
 128              		.loc 1 221 5 is_stmt 1 view .LVU43
 129              		.loc 1 221 15 is_stmt 0 view .LVU44
 130 0060 1B4A     		ldr	r2, .L18
 131 0062 5368     		ldr	r3, [r2, #4]
 132 0064 1843     		orrs	r0, r0, r3
 133              	.LVL5:
 134              		.loc 1 221 15 view .LVU45
 135 0066 5060     		str	r0, [r2, #4]
 222:Drivers/STM32F1xx_HAL_Driver/Src/stm32f1xx_hal_exti.c ****   }
 223:Drivers/STM32F1xx_HAL_Driver/Src/stm32f1xx_hal_exti.c ****   else
 224:Drivers/STM32F1xx_HAL_Driver/Src/stm32f1xx_hal_exti.c ****   {
 225:Drivers/STM32F1xx_HAL_Driver/Src/stm32f1xx_hal_exti.c ****     EXTI->EMR &= ~maskline;
 226:Drivers/STM32F1xx_HAL_Driver/Src/stm32f1xx_hal_exti.c ****   }
 227:Drivers/STM32F1xx_HAL_Driver/Src/stm32f1xx_hal_exti.c **** 
 228:Drivers/STM32F1xx_HAL_Driver/Src/stm32f1xx_hal_exti.c ****   return HAL_OK;
 136              		.loc 1 228 10 view .LVU46
 137 0068 0020     		movs	r0, #0
 138              	.L2:
 229:Drivers/STM32F1xx_HAL_Driver/Src/stm32f1xx_hal_exti.c **** }
 139              		.loc 1 229 1 view .LVU47
 140 006a 70BC     		pop	{r4, r5, r6}
 141              	.LCFI1:
 142              		.cfi_remember_state
 143              		.cfi_restore 6
 144              		.cfi_restore 5
 145              		.cfi_restore 4
 146              		.cfi_def_cfa_offset 0
 147 006c 7047     		bx	lr
 148              	.LVL6:
 149              	.L4:
 150              	.LCFI2:
 151              		.cfi_restore_state
 178:Drivers/STM32F1xx_HAL_Driver/Src/stm32f1xx_hal_exti.c ****     }
 152              		.loc 1 178 7 is_stmt 1 view .LVU48
 178:Drivers/STM32F1xx_HAL_Driver/Src/stm32f1xx_hal_exti.c ****     }
 153              		.loc 1 178 18 is_stmt 0 view .LVU49
 154 006e 184D     		ldr	r5, .L18
 155 0070 AC68     		ldr	r4, [r5, #8]
 156 0072 24EA0004 		bic	r4, r4, r0
 157 0076 AC60     		str	r4, [r5, #8]
 158 0078 D8E7     		b	.L5
 159              	.L6:
 189:Drivers/STM32F1xx_HAL_Driver/Src/stm32f1xx_hal_exti.c ****     }
 160              		.loc 1 189 7 is_stmt 1 view .LVU50
 189:Drivers/STM32F1xx_HAL_Driver/Src/stm32f1xx_hal_exti.c ****     }
 161              		.loc 1 189 18 is_stmt 0 view .LVU51
 162 007a 154D     		ldr	r5, .L18
 163 007c EC68     		ldr	r4, [r5, #12]
 164 007e 24EA0004 		bic	r4, r4, r0
 165 0082 EC60     		str	r4, [r5, #12]
 166 0084 DAE7     		b	.L7
ARM GAS  /tmp/ccbaclnK.s 			page 8


 167              	.L17:
 196:Drivers/STM32F1xx_HAL_Driver/Src/stm32f1xx_hal_exti.c ****       assert_param(IS_EXTI_GPIO_PIN(linepos));
 168              		.loc 1 196 7 is_stmt 1 view .LVU52
 197:Drivers/STM32F1xx_HAL_Driver/Src/stm32f1xx_hal_exti.c ****       
 169              		.loc 1 197 7 view .LVU53
 199:Drivers/STM32F1xx_HAL_Driver/Src/stm32f1xx_hal_exti.c ****       regval &= ~(AFIO_EXTICR1_EXTI0 << (AFIO_EXTICR1_EXTI1_Pos * (linepos & 0x03u)));
 170              		.loc 1 199 7 view .LVU54
 199:Drivers/STM32F1xx_HAL_Driver/Src/stm32f1xx_hal_exti.c ****       regval &= ~(AFIO_EXTICR1_EXTI0 << (AFIO_EXTICR1_EXTI1_Pos * (linepos & 0x03u)));
 171              		.loc 1 199 37 is_stmt 0 view .LVU55
 172 0086 9208     		lsrs	r2, r2, #2
 173              	.LVL7:
 199:Drivers/STM32F1xx_HAL_Driver/Src/stm32f1xx_hal_exti.c ****       regval &= ~(AFIO_EXTICR1_EXTI0 << (AFIO_EXTICR1_EXTI1_Pos * (linepos & 0x03u)));
 174              		.loc 1 199 14 view .LVU56
 175 0088 124E     		ldr	r6, .L18+4
 176 008a 0232     		adds	r2, r2, #2
 177 008c 56F82250 		ldr	r5, [r6, r2, lsl #2]
 178              	.LVL8:
 200:Drivers/STM32F1xx_HAL_Driver/Src/stm32f1xx_hal_exti.c ****       regval |= (pExtiConfig->GPIOSel << (AFIO_EXTICR1_EXTI1_Pos * (linepos & 0x03u)));
 179              		.loc 1 200 7 is_stmt 1 view .LVU57
 200:Drivers/STM32F1xx_HAL_Driver/Src/stm32f1xx_hal_exti.c ****       regval |= (pExtiConfig->GPIOSel << (AFIO_EXTICR1_EXTI1_Pos * (linepos & 0x03u)));
 180              		.loc 1 200 76 is_stmt 0 view .LVU58
 181 0090 03F00303 		and	r3, r3, #3
 182              	.LVL9:
 200:Drivers/STM32F1xx_HAL_Driver/Src/stm32f1xx_hal_exti.c ****       regval |= (pExtiConfig->GPIOSel << (AFIO_EXTICR1_EXTI1_Pos * (linepos & 0x03u)));
 183              		.loc 1 200 65 view .LVU59
 184 0094 9B00     		lsls	r3, r3, #2
 200:Drivers/STM32F1xx_HAL_Driver/Src/stm32f1xx_hal_exti.c ****       regval |= (pExtiConfig->GPIOSel << (AFIO_EXTICR1_EXTI1_Pos * (linepos & 0x03u)));
 185              		.loc 1 200 38 view .LVU60
 186 0096 0F24     		movs	r4, #15
 187 0098 9C40     		lsls	r4, r4, r3
 200:Drivers/STM32F1xx_HAL_Driver/Src/stm32f1xx_hal_exti.c ****       regval |= (pExtiConfig->GPIOSel << (AFIO_EXTICR1_EXTI1_Pos * (linepos & 0x03u)));
 188              		.loc 1 200 14 view .LVU61
 189 009a 25EA0405 		bic	r5, r5, r4
 190              	.LVL10:
 201:Drivers/STM32F1xx_HAL_Driver/Src/stm32f1xx_hal_exti.c ****       AFIO->EXTICR[linepos >> 2u] = regval;
 191              		.loc 1 201 7 is_stmt 1 view .LVU62
 201:Drivers/STM32F1xx_HAL_Driver/Src/stm32f1xx_hal_exti.c ****       AFIO->EXTICR[linepos >> 2u] = regval;
 192              		.loc 1 201 29 is_stmt 0 view .LVU63
 193 009e CC68     		ldr	r4, [r1, #12]
 201:Drivers/STM32F1xx_HAL_Driver/Src/stm32f1xx_hal_exti.c ****       AFIO->EXTICR[linepos >> 2u] = regval;
 194              		.loc 1 201 39 view .LVU64
 195 00a0 04FA03F3 		lsl	r3, r4, r3
 201:Drivers/STM32F1xx_HAL_Driver/Src/stm32f1xx_hal_exti.c ****       AFIO->EXTICR[linepos >> 2u] = regval;
 196              		.loc 1 201 14 view .LVU65
 197 00a4 2B43     		orrs	r3, r3, r5
 198              	.LVL11:
 202:Drivers/STM32F1xx_HAL_Driver/Src/stm32f1xx_hal_exti.c ****     }
 199              		.loc 1 202 7 is_stmt 1 view .LVU66
 202:Drivers/STM32F1xx_HAL_Driver/Src/stm32f1xx_hal_exti.c ****     }
 200              		.loc 1 202 35 is_stmt 0 view .LVU67
 201 00a6 46F82230 		str	r3, [r6, r2, lsl #2]
 202 00aa CDE7     		b	.L3
 203              	.LVL12:
 204              	.L8:
 214:Drivers/STM32F1xx_HAL_Driver/Src/stm32f1xx_hal_exti.c ****   }
 205              		.loc 1 214 5 is_stmt 1 view .LVU68
 214:Drivers/STM32F1xx_HAL_Driver/Src/stm32f1xx_hal_exti.c ****   }
ARM GAS  /tmp/ccbaclnK.s 			page 9


 206              		.loc 1 214 15 is_stmt 0 view .LVU69
 207 00ac 084A     		ldr	r2, .L18
 208 00ae 1368     		ldr	r3, [r2]
 209 00b0 23EA0003 		bic	r3, r3, r0
 210 00b4 1360     		str	r3, [r2]
 211 00b6 CFE7     		b	.L9
 212              	.L10:
 225:Drivers/STM32F1xx_HAL_Driver/Src/stm32f1xx_hal_exti.c ****   }
 213              		.loc 1 225 5 is_stmt 1 view .LVU70
 225:Drivers/STM32F1xx_HAL_Driver/Src/stm32f1xx_hal_exti.c ****   }
 214              		.loc 1 225 15 is_stmt 0 view .LVU71
 215 00b8 054A     		ldr	r2, .L18
 216 00ba 5368     		ldr	r3, [r2, #4]
 217 00bc 23EA0000 		bic	r0, r3, r0
 218              	.LVL13:
 225:Drivers/STM32F1xx_HAL_Driver/Src/stm32f1xx_hal_exti.c ****   }
 219              		.loc 1 225 15 view .LVU72
 220 00c0 5060     		str	r0, [r2, #4]
 228:Drivers/STM32F1xx_HAL_Driver/Src/stm32f1xx_hal_exti.c **** }
 221              		.loc 1 228 10 view .LVU73
 222 00c2 0020     		movs	r0, #0
 223 00c4 D1E7     		b	.L2
 224              	.LVL14:
 225              	.L11:
 226              	.LCFI3:
 227              		.cfi_def_cfa_offset 0
 228              		.cfi_restore 4
 229              		.cfi_restore 5
 230              		.cfi_restore 6
 151:Drivers/STM32F1xx_HAL_Driver/Src/stm32f1xx_hal_exti.c ****   }
 231              		.loc 1 151 12 view .LVU74
 232 00c6 0120     		movs	r0, #1
 233              	.LVL15:
 151:Drivers/STM32F1xx_HAL_Driver/Src/stm32f1xx_hal_exti.c ****   }
 234              		.loc 1 151 12 view .LVU75
 235 00c8 7047     		bx	lr
 236              	.LVL16:
 237              	.L12:
 151:Drivers/STM32F1xx_HAL_Driver/Src/stm32f1xx_hal_exti.c ****   }
 238              		.loc 1 151 12 view .LVU76
 239 00ca 0120     		movs	r0, #1
 240              	.LVL17:
 241              		.loc 1 229 1 view .LVU77
 242 00cc 7047     		bx	lr
 243              	.L19:
 244 00ce 00BF     		.align	2
 245              	.L18:
 246 00d0 00040140 		.word	1073808384
 247 00d4 00000140 		.word	1073807360
 248              		.cfi_endproc
 249              	.LFE65:
 251              		.section	.text.HAL_EXTI_GetConfigLine,"ax",%progbits
 252              		.align	1
 253              		.global	HAL_EXTI_GetConfigLine
 254              		.syntax unified
 255              		.thumb
 256              		.thumb_func
ARM GAS  /tmp/ccbaclnK.s 			page 10


 257              		.fpu softvfp
 259              	HAL_EXTI_GetConfigLine:
 260              	.LVL18:
 261              	.LFB66:
 230:Drivers/STM32F1xx_HAL_Driver/Src/stm32f1xx_hal_exti.c **** 
 231:Drivers/STM32F1xx_HAL_Driver/Src/stm32f1xx_hal_exti.c **** /**
 232:Drivers/STM32F1xx_HAL_Driver/Src/stm32f1xx_hal_exti.c ****   * @brief  Get configuration of a dedicated Exti line.
 233:Drivers/STM32F1xx_HAL_Driver/Src/stm32f1xx_hal_exti.c ****   * @param  hexti Exti handle.
 234:Drivers/STM32F1xx_HAL_Driver/Src/stm32f1xx_hal_exti.c ****   * @param  pExtiConfig Pointer on structure to store Exti configuration.
 235:Drivers/STM32F1xx_HAL_Driver/Src/stm32f1xx_hal_exti.c ****   * @retval HAL Status.
 236:Drivers/STM32F1xx_HAL_Driver/Src/stm32f1xx_hal_exti.c ****   */
 237:Drivers/STM32F1xx_HAL_Driver/Src/stm32f1xx_hal_exti.c **** HAL_StatusTypeDef HAL_EXTI_GetConfigLine(EXTI_HandleTypeDef *hexti, EXTI_ConfigTypeDef *pExtiConfig
 238:Drivers/STM32F1xx_HAL_Driver/Src/stm32f1xx_hal_exti.c **** {
 262              		.loc 1 238 1 is_stmt 1 view -0
 263              		.cfi_startproc
 264              		@ args = 0, pretend = 0, frame = 0
 265              		@ frame_needed = 0, uses_anonymous_args = 0
 266              		@ link register save eliminated.
 239:Drivers/STM32F1xx_HAL_Driver/Src/stm32f1xx_hal_exti.c ****   uint32_t regval;
 267              		.loc 1 239 3 view .LVU79
 240:Drivers/STM32F1xx_HAL_Driver/Src/stm32f1xx_hal_exti.c ****   uint32_t linepos;
 268              		.loc 1 240 3 view .LVU80
 241:Drivers/STM32F1xx_HAL_Driver/Src/stm32f1xx_hal_exti.c ****   uint32_t maskline;
 269              		.loc 1 241 3 view .LVU81
 242:Drivers/STM32F1xx_HAL_Driver/Src/stm32f1xx_hal_exti.c **** 
 243:Drivers/STM32F1xx_HAL_Driver/Src/stm32f1xx_hal_exti.c ****   /* Check null pointer */
 244:Drivers/STM32F1xx_HAL_Driver/Src/stm32f1xx_hal_exti.c ****   if ((hexti == NULL) || (pExtiConfig == NULL))
 270              		.loc 1 244 3 view .LVU82
 271              		.loc 1 244 6 is_stmt 0 view .LVU83
 272 0000 0028     		cmp	r0, #0
 273 0002 46D0     		beq	.L27
 274              		.loc 1 244 23 discriminator 1 view .LVU84
 275 0004 0029     		cmp	r1, #0
 276 0006 46D0     		beq	.L28
 238:Drivers/STM32F1xx_HAL_Driver/Src/stm32f1xx_hal_exti.c ****   uint32_t regval;
 277              		.loc 1 238 1 view .LVU85
 278 0008 30B4     		push	{r4, r5}
 279              	.LCFI4:
 280              		.cfi_def_cfa_offset 8
 281              		.cfi_offset 4, -8
 282              		.cfi_offset 5, -4
 245:Drivers/STM32F1xx_HAL_Driver/Src/stm32f1xx_hal_exti.c ****   {
 246:Drivers/STM32F1xx_HAL_Driver/Src/stm32f1xx_hal_exti.c ****     return HAL_ERROR;
 247:Drivers/STM32F1xx_HAL_Driver/Src/stm32f1xx_hal_exti.c ****   }
 248:Drivers/STM32F1xx_HAL_Driver/Src/stm32f1xx_hal_exti.c **** 
 249:Drivers/STM32F1xx_HAL_Driver/Src/stm32f1xx_hal_exti.c ****   /* Check the parameter */
 250:Drivers/STM32F1xx_HAL_Driver/Src/stm32f1xx_hal_exti.c ****   assert_param(IS_EXTI_LINE(hexti->Line));
 283              		.loc 1 250 3 is_stmt 1 view .LVU86
 251:Drivers/STM32F1xx_HAL_Driver/Src/stm32f1xx_hal_exti.c **** 
 252:Drivers/STM32F1xx_HAL_Driver/Src/stm32f1xx_hal_exti.c ****   /* Store handle line number to configuration structure */
 253:Drivers/STM32F1xx_HAL_Driver/Src/stm32f1xx_hal_exti.c ****   pExtiConfig->Line = hexti->Line;
 284              		.loc 1 253 3 view .LVU87
 285              		.loc 1 253 28 is_stmt 0 view .LVU88
 286 000a 0468     		ldr	r4, [r0]
 287              		.loc 1 253 21 view .LVU89
 288 000c 0C60     		str	r4, [r1]
 254:Drivers/STM32F1xx_HAL_Driver/Src/stm32f1xx_hal_exti.c **** 
ARM GAS  /tmp/ccbaclnK.s 			page 11


 255:Drivers/STM32F1xx_HAL_Driver/Src/stm32f1xx_hal_exti.c ****   /* Compute line mask */
 256:Drivers/STM32F1xx_HAL_Driver/Src/stm32f1xx_hal_exti.c ****   linepos = (pExtiConfig->Line & EXTI_PIN_MASK);
 289              		.loc 1 256 3 is_stmt 1 view .LVU90
 290              		.loc 1 256 11 is_stmt 0 view .LVU91
 291 000e 04F01F05 		and	r5, r4, #31
 292              	.LVL19:
 257:Drivers/STM32F1xx_HAL_Driver/Src/stm32f1xx_hal_exti.c ****   maskline = (1uL << linepos);
 293              		.loc 1 257 3 is_stmt 1 view .LVU92
 294              		.loc 1 257 12 is_stmt 0 view .LVU93
 295 0012 0123     		movs	r3, #1
 296 0014 AB40     		lsls	r3, r3, r5
 297              	.LVL20:
 258:Drivers/STM32F1xx_HAL_Driver/Src/stm32f1xx_hal_exti.c **** 
 259:Drivers/STM32F1xx_HAL_Driver/Src/stm32f1xx_hal_exti.c ****   /* 1] Get core mode : interrupt */
 260:Drivers/STM32F1xx_HAL_Driver/Src/stm32f1xx_hal_exti.c **** 
 261:Drivers/STM32F1xx_HAL_Driver/Src/stm32f1xx_hal_exti.c ****   /* Check if selected line is enable */
 262:Drivers/STM32F1xx_HAL_Driver/Src/stm32f1xx_hal_exti.c ****   if ((EXTI->IMR & maskline) != 0x00u)
 298              		.loc 1 262 3 is_stmt 1 view .LVU94
 299              		.loc 1 262 12 is_stmt 0 view .LVU95
 300 0016 2248     		ldr	r0, .L36
 301              	.LVL21:
 302              		.loc 1 262 12 view .LVU96
 303 0018 0068     		ldr	r0, [r0]
 304              		.loc 1 262 6 view .LVU97
 305 001a 1842     		tst	r0, r3
 306 001c 27D0     		beq	.L22
 263:Drivers/STM32F1xx_HAL_Driver/Src/stm32f1xx_hal_exti.c ****   {
 264:Drivers/STM32F1xx_HAL_Driver/Src/stm32f1xx_hal_exti.c ****     pExtiConfig->Mode = EXTI_MODE_INTERRUPT;
 307              		.loc 1 264 5 is_stmt 1 view .LVU98
 308              		.loc 1 264 23 is_stmt 0 view .LVU99
 309 001e 0122     		movs	r2, #1
 310 0020 4A60     		str	r2, [r1, #4]
 311              	.L23:
 265:Drivers/STM32F1xx_HAL_Driver/Src/stm32f1xx_hal_exti.c ****   }
 266:Drivers/STM32F1xx_HAL_Driver/Src/stm32f1xx_hal_exti.c ****   else
 267:Drivers/STM32F1xx_HAL_Driver/Src/stm32f1xx_hal_exti.c ****   {
 268:Drivers/STM32F1xx_HAL_Driver/Src/stm32f1xx_hal_exti.c ****     pExtiConfig->Mode = EXTI_MODE_NONE;
 269:Drivers/STM32F1xx_HAL_Driver/Src/stm32f1xx_hal_exti.c ****   }
 270:Drivers/STM32F1xx_HAL_Driver/Src/stm32f1xx_hal_exti.c **** 
 271:Drivers/STM32F1xx_HAL_Driver/Src/stm32f1xx_hal_exti.c ****   /* Get event mode */
 272:Drivers/STM32F1xx_HAL_Driver/Src/stm32f1xx_hal_exti.c ****   /* Check if selected line is enable */
 273:Drivers/STM32F1xx_HAL_Driver/Src/stm32f1xx_hal_exti.c ****   if ((EXTI->EMR & maskline) != 0x00u)
 312              		.loc 1 273 3 is_stmt 1 view .LVU100
 313              		.loc 1 273 12 is_stmt 0 view .LVU101
 314 0022 1F48     		ldr	r0, .L36
 315 0024 4068     		ldr	r0, [r0, #4]
 316              		.loc 1 273 6 view .LVU102
 317 0026 1842     		tst	r0, r3
 318 0028 03D0     		beq	.L24
 274:Drivers/STM32F1xx_HAL_Driver/Src/stm32f1xx_hal_exti.c ****   {
 275:Drivers/STM32F1xx_HAL_Driver/Src/stm32f1xx_hal_exti.c ****     pExtiConfig->Mode |= EXTI_MODE_EVENT;
 319              		.loc 1 275 5 is_stmt 1 view .LVU103
 320              		.loc 1 275 23 is_stmt 0 view .LVU104
 321 002a 4868     		ldr	r0, [r1, #4]
 322 002c 40F00200 		orr	r0, r0, #2
 323 0030 4860     		str	r0, [r1, #4]
 324              	.L24:
ARM GAS  /tmp/ccbaclnK.s 			page 12


 276:Drivers/STM32F1xx_HAL_Driver/Src/stm32f1xx_hal_exti.c ****   }
 277:Drivers/STM32F1xx_HAL_Driver/Src/stm32f1xx_hal_exti.c **** 
 278:Drivers/STM32F1xx_HAL_Driver/Src/stm32f1xx_hal_exti.c ****   /* Get default Trigger and GPIOSel configuration */
 279:Drivers/STM32F1xx_HAL_Driver/Src/stm32f1xx_hal_exti.c ****   pExtiConfig->Trigger = EXTI_TRIGGER_NONE;
 325              		.loc 1 279 3 is_stmt 1 view .LVU105
 326              		.loc 1 279 24 is_stmt 0 view .LVU106
 327 0032 0022     		movs	r2, #0
 328 0034 8A60     		str	r2, [r1, #8]
 280:Drivers/STM32F1xx_HAL_Driver/Src/stm32f1xx_hal_exti.c ****   pExtiConfig->GPIOSel = 0x00u;
 329              		.loc 1 280 3 is_stmt 1 view .LVU107
 330              		.loc 1 280 24 is_stmt 0 view .LVU108
 331 0036 CA60     		str	r2, [r1, #12]
 281:Drivers/STM32F1xx_HAL_Driver/Src/stm32f1xx_hal_exti.c **** 
 282:Drivers/STM32F1xx_HAL_Driver/Src/stm32f1xx_hal_exti.c ****   /* 2] Get trigger for configurable lines : rising */
 283:Drivers/STM32F1xx_HAL_Driver/Src/stm32f1xx_hal_exti.c ****   if ((pExtiConfig->Line & EXTI_CONFIG) != 0x00u)
 332              		.loc 1 283 3 is_stmt 1 view .LVU109
 333              		.loc 1 283 6 is_stmt 0 view .LVU110
 334 0038 14F0007F 		tst	r4, #33554432
 335 003c 2DD0     		beq	.L29
 284:Drivers/STM32F1xx_HAL_Driver/Src/stm32f1xx_hal_exti.c ****   {
 285:Drivers/STM32F1xx_HAL_Driver/Src/stm32f1xx_hal_exti.c ****     /* Check if configuration of selected line is enable */
 286:Drivers/STM32F1xx_HAL_Driver/Src/stm32f1xx_hal_exti.c ****     if ((EXTI->RTSR & maskline) != 0x00u)
 336              		.loc 1 286 5 is_stmt 1 view .LVU111
 337              		.loc 1 286 14 is_stmt 0 view .LVU112
 338 003e 02F18042 		add	r2, r2, #1073741824
 339 0042 02F58232 		add	r2, r2, #66560
 340 0046 9268     		ldr	r2, [r2, #8]
 341              		.loc 1 286 8 view .LVU113
 342 0048 1A42     		tst	r2, r3
 343 004a 01D0     		beq	.L25
 287:Drivers/STM32F1xx_HAL_Driver/Src/stm32f1xx_hal_exti.c ****     {
 288:Drivers/STM32F1xx_HAL_Driver/Src/stm32f1xx_hal_exti.c ****       pExtiConfig->Trigger = EXTI_TRIGGER_RISING;
 344              		.loc 1 288 7 is_stmt 1 view .LVU114
 345              		.loc 1 288 28 is_stmt 0 view .LVU115
 346 004c 0122     		movs	r2, #1
 347 004e 8A60     		str	r2, [r1, #8]
 348              	.L25:
 289:Drivers/STM32F1xx_HAL_Driver/Src/stm32f1xx_hal_exti.c ****     }
 290:Drivers/STM32F1xx_HAL_Driver/Src/stm32f1xx_hal_exti.c **** 
 291:Drivers/STM32F1xx_HAL_Driver/Src/stm32f1xx_hal_exti.c ****     /* Get falling configuration */
 292:Drivers/STM32F1xx_HAL_Driver/Src/stm32f1xx_hal_exti.c ****     /* Check if configuration of selected line is enable */
 293:Drivers/STM32F1xx_HAL_Driver/Src/stm32f1xx_hal_exti.c ****     if ((EXTI->FTSR & maskline) != 0x00u)
 349              		.loc 1 293 5 is_stmt 1 view .LVU116
 350              		.loc 1 293 14 is_stmt 0 view .LVU117
 351 0050 134A     		ldr	r2, .L36
 352 0052 D268     		ldr	r2, [r2, #12]
 353              		.loc 1 293 8 view .LVU118
 354 0054 1A42     		tst	r2, r3
 355 0056 03D0     		beq	.L26
 294:Drivers/STM32F1xx_HAL_Driver/Src/stm32f1xx_hal_exti.c ****     {
 295:Drivers/STM32F1xx_HAL_Driver/Src/stm32f1xx_hal_exti.c ****       pExtiConfig->Trigger |= EXTI_TRIGGER_FALLING;
 356              		.loc 1 295 7 is_stmt 1 view .LVU119
 357              		.loc 1 295 28 is_stmt 0 view .LVU120
 358 0058 8B68     		ldr	r3, [r1, #8]
 359              	.LVL22:
 360              		.loc 1 295 28 view .LVU121
 361 005a 43F00203 		orr	r3, r3, #2
ARM GAS  /tmp/ccbaclnK.s 			page 13


 362 005e 8B60     		str	r3, [r1, #8]
 363              	.L26:
 296:Drivers/STM32F1xx_HAL_Driver/Src/stm32f1xx_hal_exti.c ****     }
 297:Drivers/STM32F1xx_HAL_Driver/Src/stm32f1xx_hal_exti.c **** 
 298:Drivers/STM32F1xx_HAL_Driver/Src/stm32f1xx_hal_exti.c ****     /* Get Gpio port selection for gpio lines */
 299:Drivers/STM32F1xx_HAL_Driver/Src/stm32f1xx_hal_exti.c ****     if ((pExtiConfig->Line & EXTI_GPIO) == EXTI_GPIO)
 364              		.loc 1 299 5 is_stmt 1 view .LVU122
 365              		.loc 1 299 28 is_stmt 0 view .LVU123
 366 0060 04F0C063 		and	r3, r4, #100663296
 367              		.loc 1 299 8 view .LVU124
 368 0064 B3F1C06F 		cmp	r3, #100663296
 369 0068 04D0     		beq	.L35
 300:Drivers/STM32F1xx_HAL_Driver/Src/stm32f1xx_hal_exti.c ****     {
 301:Drivers/STM32F1xx_HAL_Driver/Src/stm32f1xx_hal_exti.c ****       assert_param(IS_EXTI_GPIO_PIN(linepos));
 302:Drivers/STM32F1xx_HAL_Driver/Src/stm32f1xx_hal_exti.c **** 
 303:Drivers/STM32F1xx_HAL_Driver/Src/stm32f1xx_hal_exti.c ****       regval = AFIO->EXTICR[linepos >> 2u];
 304:Drivers/STM32F1xx_HAL_Driver/Src/stm32f1xx_hal_exti.c ****       pExtiConfig->GPIOSel = (regval >> (AFIO_EXTICR1_EXTI1_Pos * (linepos & 0x03u))) & AFIO_EXTICR
 305:Drivers/STM32F1xx_HAL_Driver/Src/stm32f1xx_hal_exti.c ****     }
 306:Drivers/STM32F1xx_HAL_Driver/Src/stm32f1xx_hal_exti.c ****   }
 307:Drivers/STM32F1xx_HAL_Driver/Src/stm32f1xx_hal_exti.c **** 
 308:Drivers/STM32F1xx_HAL_Driver/Src/stm32f1xx_hal_exti.c ****   return HAL_OK;
 370              		.loc 1 308 10 view .LVU125
 371 006a 0020     		movs	r0, #0
 372 006c 16E0     		b	.L21
 373              	.LVL23:
 374              	.L22:
 268:Drivers/STM32F1xx_HAL_Driver/Src/stm32f1xx_hal_exti.c ****   }
 375              		.loc 1 268 5 is_stmt 1 view .LVU126
 268:Drivers/STM32F1xx_HAL_Driver/Src/stm32f1xx_hal_exti.c ****   }
 376              		.loc 1 268 23 is_stmt 0 view .LVU127
 377 006e 0022     		movs	r2, #0
 378 0070 4A60     		str	r2, [r1, #4]
 379 0072 D6E7     		b	.L23
 380              	.LVL24:
 381              	.L35:
 301:Drivers/STM32F1xx_HAL_Driver/Src/stm32f1xx_hal_exti.c **** 
 382              		.loc 1 301 7 is_stmt 1 view .LVU128
 303:Drivers/STM32F1xx_HAL_Driver/Src/stm32f1xx_hal_exti.c ****       pExtiConfig->GPIOSel = (regval >> (AFIO_EXTICR1_EXTI1_Pos * (linepos & 0x03u))) & AFIO_EXTICR
 383              		.loc 1 303 7 view .LVU129
 303:Drivers/STM32F1xx_HAL_Driver/Src/stm32f1xx_hal_exti.c ****       pExtiConfig->GPIOSel = (regval >> (AFIO_EXTICR1_EXTI1_Pos * (linepos & 0x03u))) & AFIO_EXTICR
 384              		.loc 1 303 37 is_stmt 0 view .LVU130
 385 0074 AA08     		lsrs	r2, r5, #2
 303:Drivers/STM32F1xx_HAL_Driver/Src/stm32f1xx_hal_exti.c ****       pExtiConfig->GPIOSel = (regval >> (AFIO_EXTICR1_EXTI1_Pos * (linepos & 0x03u))) & AFIO_EXTICR
 386              		.loc 1 303 14 view .LVU131
 387 0076 0232     		adds	r2, r2, #2
 388 0078 0A4B     		ldr	r3, .L36+4
 389 007a 53F82220 		ldr	r2, [r3, r2, lsl #2]
 390              	.LVL25:
 304:Drivers/STM32F1xx_HAL_Driver/Src/stm32f1xx_hal_exti.c ****     }
 391              		.loc 1 304 7 is_stmt 1 view .LVU132
 304:Drivers/STM32F1xx_HAL_Driver/Src/stm32f1xx_hal_exti.c ****     }
 392              		.loc 1 304 76 is_stmt 0 view .LVU133
 393 007e 04F00303 		and	r3, r4, #3
 304:Drivers/STM32F1xx_HAL_Driver/Src/stm32f1xx_hal_exti.c ****     }
 394              		.loc 1 304 65 view .LVU134
 395 0082 9B00     		lsls	r3, r3, #2
 304:Drivers/STM32F1xx_HAL_Driver/Src/stm32f1xx_hal_exti.c ****     }
ARM GAS  /tmp/ccbaclnK.s 			page 14


 396              		.loc 1 304 38 view .LVU135
 397 0084 22FA03F3 		lsr	r3, r2, r3
 304:Drivers/STM32F1xx_HAL_Driver/Src/stm32f1xx_hal_exti.c ****     }
 398              		.loc 1 304 87 view .LVU136
 399 0088 03F00F03 		and	r3, r3, #15
 304:Drivers/STM32F1xx_HAL_Driver/Src/stm32f1xx_hal_exti.c ****     }
 400              		.loc 1 304 28 view .LVU137
 401 008c CB60     		str	r3, [r1, #12]
 402              		.loc 1 308 10 view .LVU138
 403 008e 0020     		movs	r0, #0
 404 0090 04E0     		b	.L21
 405              	.LVL26:
 406              	.L27:
 407              	.LCFI5:
 408              		.cfi_def_cfa_offset 0
 409              		.cfi_restore 4
 410              		.cfi_restore 5
 246:Drivers/STM32F1xx_HAL_Driver/Src/stm32f1xx_hal_exti.c ****   }
 411              		.loc 1 246 12 view .LVU139
 412 0092 0120     		movs	r0, #1
 413              	.LVL27:
 246:Drivers/STM32F1xx_HAL_Driver/Src/stm32f1xx_hal_exti.c ****   }
 414              		.loc 1 246 12 view .LVU140
 415 0094 7047     		bx	lr
 416              	.LVL28:
 417              	.L28:
 246:Drivers/STM32F1xx_HAL_Driver/Src/stm32f1xx_hal_exti.c ****   }
 418              		.loc 1 246 12 view .LVU141
 419 0096 0120     		movs	r0, #1
 420              	.LVL29:
 309:Drivers/STM32F1xx_HAL_Driver/Src/stm32f1xx_hal_exti.c **** }
 421              		.loc 1 309 1 view .LVU142
 422 0098 7047     		bx	lr
 423              	.LVL30:
 424              	.L29:
 425              	.LCFI6:
 426              		.cfi_def_cfa_offset 8
 427              		.cfi_offset 4, -8
 428              		.cfi_offset 5, -4
 308:Drivers/STM32F1xx_HAL_Driver/Src/stm32f1xx_hal_exti.c **** }
 429              		.loc 1 308 10 view .LVU143
 430 009a 0020     		movs	r0, #0
 431              	.LVL31:
 432              	.L21:
 433              		.loc 1 309 1 view .LVU144
 434 009c 30BC     		pop	{r4, r5}
 435              	.LCFI7:
 436              		.cfi_restore 5
 437              		.cfi_restore 4
 438              		.cfi_def_cfa_offset 0
 439              	.LVL32:
 440              		.loc 1 309 1 view .LVU145
 441 009e 7047     		bx	lr
 442              	.L37:
 443              		.align	2
 444              	.L36:
 445 00a0 00040140 		.word	1073808384
ARM GAS  /tmp/ccbaclnK.s 			page 15


 446 00a4 00000140 		.word	1073807360
 447              		.cfi_endproc
 448              	.LFE66:
 450              		.section	.text.HAL_EXTI_ClearConfigLine,"ax",%progbits
 451              		.align	1
 452              		.global	HAL_EXTI_ClearConfigLine
 453              		.syntax unified
 454              		.thumb
 455              		.thumb_func
 456              		.fpu softvfp
 458              	HAL_EXTI_ClearConfigLine:
 459              	.LVL33:
 460              	.LFB67:
 310:Drivers/STM32F1xx_HAL_Driver/Src/stm32f1xx_hal_exti.c **** 
 311:Drivers/STM32F1xx_HAL_Driver/Src/stm32f1xx_hal_exti.c **** /**
 312:Drivers/STM32F1xx_HAL_Driver/Src/stm32f1xx_hal_exti.c ****   * @brief  Clear whole configuration of a dedicated Exti line.
 313:Drivers/STM32F1xx_HAL_Driver/Src/stm32f1xx_hal_exti.c ****   * @param  hexti Exti handle.
 314:Drivers/STM32F1xx_HAL_Driver/Src/stm32f1xx_hal_exti.c ****   * @retval HAL Status.
 315:Drivers/STM32F1xx_HAL_Driver/Src/stm32f1xx_hal_exti.c ****   */
 316:Drivers/STM32F1xx_HAL_Driver/Src/stm32f1xx_hal_exti.c **** HAL_StatusTypeDef HAL_EXTI_ClearConfigLine(EXTI_HandleTypeDef *hexti)
 317:Drivers/STM32F1xx_HAL_Driver/Src/stm32f1xx_hal_exti.c **** {
 461              		.loc 1 317 1 is_stmt 1 view -0
 462              		.cfi_startproc
 463              		@ args = 0, pretend = 0, frame = 0
 464              		@ frame_needed = 0, uses_anonymous_args = 0
 465              		@ link register save eliminated.
 318:Drivers/STM32F1xx_HAL_Driver/Src/stm32f1xx_hal_exti.c ****   uint32_t regval;
 466              		.loc 1 318 3 view .LVU147
 319:Drivers/STM32F1xx_HAL_Driver/Src/stm32f1xx_hal_exti.c ****   uint32_t linepos;
 467              		.loc 1 319 3 view .LVU148
 320:Drivers/STM32F1xx_HAL_Driver/Src/stm32f1xx_hal_exti.c ****   uint32_t maskline;
 468              		.loc 1 320 3 view .LVU149
 321:Drivers/STM32F1xx_HAL_Driver/Src/stm32f1xx_hal_exti.c **** 
 322:Drivers/STM32F1xx_HAL_Driver/Src/stm32f1xx_hal_exti.c ****   /* Check null pointer */
 323:Drivers/STM32F1xx_HAL_Driver/Src/stm32f1xx_hal_exti.c ****   if (hexti == NULL)
 469              		.loc 1 323 3 view .LVU150
 470              		.loc 1 323 6 is_stmt 0 view .LVU151
 471 0000 0028     		cmp	r0, #0
 472 0002 34D0     		beq	.L40
 317:Drivers/STM32F1xx_HAL_Driver/Src/stm32f1xx_hal_exti.c ****   uint32_t regval;
 473              		.loc 1 317 1 view .LVU152
 474 0004 70B4     		push	{r4, r5, r6}
 475              	.LCFI8:
 476              		.cfi_def_cfa_offset 12
 477              		.cfi_offset 4, -12
 478              		.cfi_offset 5, -8
 479              		.cfi_offset 6, -4
 480 0006 0446     		mov	r4, r0
 324:Drivers/STM32F1xx_HAL_Driver/Src/stm32f1xx_hal_exti.c ****   {
 325:Drivers/STM32F1xx_HAL_Driver/Src/stm32f1xx_hal_exti.c ****     return HAL_ERROR;
 326:Drivers/STM32F1xx_HAL_Driver/Src/stm32f1xx_hal_exti.c ****   }
 327:Drivers/STM32F1xx_HAL_Driver/Src/stm32f1xx_hal_exti.c **** 
 328:Drivers/STM32F1xx_HAL_Driver/Src/stm32f1xx_hal_exti.c ****   /* Check the parameter */
 329:Drivers/STM32F1xx_HAL_Driver/Src/stm32f1xx_hal_exti.c ****   assert_param(IS_EXTI_LINE(hexti->Line));
 481              		.loc 1 329 3 is_stmt 1 view .LVU153
 330:Drivers/STM32F1xx_HAL_Driver/Src/stm32f1xx_hal_exti.c **** 
 331:Drivers/STM32F1xx_HAL_Driver/Src/stm32f1xx_hal_exti.c ****   /* compute line mask */
ARM GAS  /tmp/ccbaclnK.s 			page 16


 332:Drivers/STM32F1xx_HAL_Driver/Src/stm32f1xx_hal_exti.c ****   linepos = (hexti->Line & EXTI_PIN_MASK);
 482              		.loc 1 332 3 view .LVU154
 483              		.loc 1 332 19 is_stmt 0 view .LVU155
 484 0008 0668     		ldr	r6, [r0]
 485              		.loc 1 332 11 view .LVU156
 486 000a 06F01F00 		and	r0, r6, #31
 487              	.LVL34:
 333:Drivers/STM32F1xx_HAL_Driver/Src/stm32f1xx_hal_exti.c ****   maskline = (1uL << linepos);
 488              		.loc 1 333 3 is_stmt 1 view .LVU157
 489              		.loc 1 333 12 is_stmt 0 view .LVU158
 490 000e 0123     		movs	r3, #1
 491 0010 8340     		lsls	r3, r3, r0
 492              	.LVL35:
 334:Drivers/STM32F1xx_HAL_Driver/Src/stm32f1xx_hal_exti.c **** 
 335:Drivers/STM32F1xx_HAL_Driver/Src/stm32f1xx_hal_exti.c ****   /* 1] Clear interrupt mode */
 336:Drivers/STM32F1xx_HAL_Driver/Src/stm32f1xx_hal_exti.c ****   EXTI->IMR = (EXTI->IMR & ~maskline);
 493              		.loc 1 336 3 is_stmt 1 view .LVU159
 494              		.loc 1 336 20 is_stmt 0 view .LVU160
 495 0012 194A     		ldr	r2, .L48
 496 0014 1168     		ldr	r1, [r2]
 497              		.loc 1 336 28 view .LVU161
 498 0016 DD43     		mvns	r5, r3
 499              		.loc 1 336 26 view .LVU162
 500 0018 21EA0301 		bic	r1, r1, r3
 501              		.loc 1 336 13 view .LVU163
 502 001c 1160     		str	r1, [r2]
 337:Drivers/STM32F1xx_HAL_Driver/Src/stm32f1xx_hal_exti.c **** 
 338:Drivers/STM32F1xx_HAL_Driver/Src/stm32f1xx_hal_exti.c ****   /* 2] Clear event mode */
 339:Drivers/STM32F1xx_HAL_Driver/Src/stm32f1xx_hal_exti.c ****   EXTI->EMR = (EXTI->EMR & ~maskline);
 503              		.loc 1 339 3 is_stmt 1 view .LVU164
 504              		.loc 1 339 20 is_stmt 0 view .LVU165
 505 001e 5168     		ldr	r1, [r2, #4]
 506              		.loc 1 339 26 view .LVU166
 507 0020 21EA0303 		bic	r3, r1, r3
 508              	.LVL36:
 509              		.loc 1 339 13 view .LVU167
 510 0024 5360     		str	r3, [r2, #4]
 340:Drivers/STM32F1xx_HAL_Driver/Src/stm32f1xx_hal_exti.c **** 
 341:Drivers/STM32F1xx_HAL_Driver/Src/stm32f1xx_hal_exti.c ****   /* 3] Clear triggers in case of configurable lines */
 342:Drivers/STM32F1xx_HAL_Driver/Src/stm32f1xx_hal_exti.c ****   if ((hexti->Line & EXTI_CONFIG) != 0x00u)
 511              		.loc 1 342 3 is_stmt 1 view .LVU168
 512              		.loc 1 342 13 is_stmt 0 view .LVU169
 513 0026 2368     		ldr	r3, [r4]
 514              		.loc 1 342 6 view .LVU170
 515 0028 13F0007F 		tst	r3, #33554432
 516 002c 21D0     		beq	.L41
 343:Drivers/STM32F1xx_HAL_Driver/Src/stm32f1xx_hal_exti.c ****   {
 344:Drivers/STM32F1xx_HAL_Driver/Src/stm32f1xx_hal_exti.c ****     EXTI->RTSR = (EXTI->RTSR & ~maskline);
 517              		.loc 1 344 5 is_stmt 1 view .LVU171
 518              		.loc 1 344 23 is_stmt 0 view .LVU172
 519 002e 1346     		mov	r3, r2
 520 0030 9268     		ldr	r2, [r2, #8]
 521              		.loc 1 344 30 view .LVU173
 522 0032 2A40     		ands	r2, r2, r5
 523              		.loc 1 344 16 view .LVU174
 524 0034 9A60     		str	r2, [r3, #8]
 345:Drivers/STM32F1xx_HAL_Driver/Src/stm32f1xx_hal_exti.c ****     EXTI->FTSR = (EXTI->FTSR & ~maskline);
ARM GAS  /tmp/ccbaclnK.s 			page 17


 525              		.loc 1 345 5 is_stmt 1 view .LVU175
 526              		.loc 1 345 23 is_stmt 0 view .LVU176
 527 0036 DA68     		ldr	r2, [r3, #12]
 528              		.loc 1 345 30 view .LVU177
 529 0038 1540     		ands	r5, r5, r2
 530              	.LVL37:
 531              		.loc 1 345 16 view .LVU178
 532 003a DD60     		str	r5, [r3, #12]
 346:Drivers/STM32F1xx_HAL_Driver/Src/stm32f1xx_hal_exti.c **** 
 347:Drivers/STM32F1xx_HAL_Driver/Src/stm32f1xx_hal_exti.c ****     /* Get Gpio port selection for gpio lines */
 348:Drivers/STM32F1xx_HAL_Driver/Src/stm32f1xx_hal_exti.c ****     if ((hexti->Line & EXTI_GPIO) == EXTI_GPIO)
 533              		.loc 1 348 5 is_stmt 1 view .LVU179
 534              		.loc 1 348 15 is_stmt 0 view .LVU180
 535 003c 2368     		ldr	r3, [r4]
 536              		.loc 1 348 22 view .LVU181
 537 003e 03F0C063 		and	r3, r3, #100663296
 538              		.loc 1 348 8 view .LVU182
 539 0042 B3F1C06F 		cmp	r3, #100663296
 540 0046 01D0     		beq	.L47
 349:Drivers/STM32F1xx_HAL_Driver/Src/stm32f1xx_hal_exti.c ****     {
 350:Drivers/STM32F1xx_HAL_Driver/Src/stm32f1xx_hal_exti.c ****       assert_param(IS_EXTI_GPIO_PIN(linepos));
 351:Drivers/STM32F1xx_HAL_Driver/Src/stm32f1xx_hal_exti.c **** 
 352:Drivers/STM32F1xx_HAL_Driver/Src/stm32f1xx_hal_exti.c ****       regval = AFIO->EXTICR[linepos >> 2u];
 353:Drivers/STM32F1xx_HAL_Driver/Src/stm32f1xx_hal_exti.c ****       regval &= ~(AFIO_EXTICR1_EXTI0 << (AFIO_EXTICR1_EXTI1_Pos * (linepos & 0x03u)));
 354:Drivers/STM32F1xx_HAL_Driver/Src/stm32f1xx_hal_exti.c ****       AFIO->EXTICR[linepos >> 2u] = regval;
 355:Drivers/STM32F1xx_HAL_Driver/Src/stm32f1xx_hal_exti.c ****     }
 356:Drivers/STM32F1xx_HAL_Driver/Src/stm32f1xx_hal_exti.c ****   }
 357:Drivers/STM32F1xx_HAL_Driver/Src/stm32f1xx_hal_exti.c **** 
 358:Drivers/STM32F1xx_HAL_Driver/Src/stm32f1xx_hal_exti.c ****   return HAL_OK;
 541              		.loc 1 358 10 view .LVU183
 542 0048 0020     		movs	r0, #0
 543              	.LVL38:
 544              		.loc 1 358 10 view .LVU184
 545 004a 13E0     		b	.L39
 546              	.LVL39:
 547              	.L47:
 350:Drivers/STM32F1xx_HAL_Driver/Src/stm32f1xx_hal_exti.c **** 
 548              		.loc 1 350 7 is_stmt 1 view .LVU185
 352:Drivers/STM32F1xx_HAL_Driver/Src/stm32f1xx_hal_exti.c ****       regval &= ~(AFIO_EXTICR1_EXTI0 << (AFIO_EXTICR1_EXTI1_Pos * (linepos & 0x03u)));
 549              		.loc 1 352 7 view .LVU186
 352:Drivers/STM32F1xx_HAL_Driver/Src/stm32f1xx_hal_exti.c ****       regval &= ~(AFIO_EXTICR1_EXTI0 << (AFIO_EXTICR1_EXTI1_Pos * (linepos & 0x03u)));
 550              		.loc 1 352 37 is_stmt 0 view .LVU187
 551 004c 8008     		lsrs	r0, r0, #2
 552              	.LVL40:
 352:Drivers/STM32F1xx_HAL_Driver/Src/stm32f1xx_hal_exti.c ****       regval &= ~(AFIO_EXTICR1_EXTI0 << (AFIO_EXTICR1_EXTI1_Pos * (linepos & 0x03u)));
 553              		.loc 1 352 14 view .LVU188
 554 004e 0B49     		ldr	r1, .L48+4
 555 0050 0230     		adds	r0, r0, #2
 556 0052 51F82030 		ldr	r3, [r1, r0, lsl #2]
 557              	.LVL41:
 353:Drivers/STM32F1xx_HAL_Driver/Src/stm32f1xx_hal_exti.c ****       AFIO->EXTICR[linepos >> 2u] = regval;
 558              		.loc 1 353 7 is_stmt 1 view .LVU189
 353:Drivers/STM32F1xx_HAL_Driver/Src/stm32f1xx_hal_exti.c ****       AFIO->EXTICR[linepos >> 2u] = regval;
 559              		.loc 1 353 76 is_stmt 0 view .LVU190
 560 0056 06F00306 		and	r6, r6, #3
 561              	.LVL42:
 353:Drivers/STM32F1xx_HAL_Driver/Src/stm32f1xx_hal_exti.c ****       AFIO->EXTICR[linepos >> 2u] = regval;
ARM GAS  /tmp/ccbaclnK.s 			page 18


 562              		.loc 1 353 65 view .LVU191
 563 005a B600     		lsls	r6, r6, #2
 353:Drivers/STM32F1xx_HAL_Driver/Src/stm32f1xx_hal_exti.c ****       AFIO->EXTICR[linepos >> 2u] = regval;
 564              		.loc 1 353 38 view .LVU192
 565 005c 0F22     		movs	r2, #15
 566 005e 02FA06F6 		lsl	r6, r2, r6
 353:Drivers/STM32F1xx_HAL_Driver/Src/stm32f1xx_hal_exti.c ****       AFIO->EXTICR[linepos >> 2u] = regval;
 567              		.loc 1 353 14 view .LVU193
 568 0062 23EA0606 		bic	r6, r3, r6
 569              	.LVL43:
 354:Drivers/STM32F1xx_HAL_Driver/Src/stm32f1xx_hal_exti.c ****     }
 570              		.loc 1 354 7 is_stmt 1 view .LVU194
 354:Drivers/STM32F1xx_HAL_Driver/Src/stm32f1xx_hal_exti.c ****     }
 571              		.loc 1 354 35 is_stmt 0 view .LVU195
 572 0066 41F82060 		str	r6, [r1, r0, lsl #2]
 573              		.loc 1 358 10 view .LVU196
 574 006a 0020     		movs	r0, #0
 575 006c 02E0     		b	.L39
 576              	.LVL44:
 577              	.L40:
 578              	.LCFI9:
 579              		.cfi_def_cfa_offset 0
 580              		.cfi_restore 4
 581              		.cfi_restore 5
 582              		.cfi_restore 6
 325:Drivers/STM32F1xx_HAL_Driver/Src/stm32f1xx_hal_exti.c ****   }
 583              		.loc 1 325 12 view .LVU197
 584 006e 0120     		movs	r0, #1
 585              	.LVL45:
 359:Drivers/STM32F1xx_HAL_Driver/Src/stm32f1xx_hal_exti.c **** }
 586              		.loc 1 359 1 view .LVU198
 587 0070 7047     		bx	lr
 588              	.LVL46:
 589              	.L41:
 590              	.LCFI10:
 591              		.cfi_def_cfa_offset 12
 592              		.cfi_offset 4, -12
 593              		.cfi_offset 5, -8
 594              		.cfi_offset 6, -4
 358:Drivers/STM32F1xx_HAL_Driver/Src/stm32f1xx_hal_exti.c **** }
 595              		.loc 1 358 10 view .LVU199
 596 0072 0020     		movs	r0, #0
 597              	.LVL47:
 598              	.L39:
 599              		.loc 1 359 1 view .LVU200
 600 0074 70BC     		pop	{r4, r5, r6}
 601              	.LCFI11:
 602              		.cfi_restore 6
 603              		.cfi_restore 5
 604              		.cfi_restore 4
 605              		.cfi_def_cfa_offset 0
 606              	.LVL48:
 607              		.loc 1 359 1 view .LVU201
 608 0076 7047     		bx	lr
 609              	.L49:
 610              		.align	2
 611              	.L48:
ARM GAS  /tmp/ccbaclnK.s 			page 19


 612 0078 00040140 		.word	1073808384
 613 007c 00000140 		.word	1073807360
 614              		.cfi_endproc
 615              	.LFE67:
 617              		.section	.text.HAL_EXTI_RegisterCallback,"ax",%progbits
 618              		.align	1
 619              		.global	HAL_EXTI_RegisterCallback
 620              		.syntax unified
 621              		.thumb
 622              		.thumb_func
 623              		.fpu softvfp
 625              	HAL_EXTI_RegisterCallback:
 626              	.LVL49:
 627              	.LFB68:
 360:Drivers/STM32F1xx_HAL_Driver/Src/stm32f1xx_hal_exti.c **** 
 361:Drivers/STM32F1xx_HAL_Driver/Src/stm32f1xx_hal_exti.c **** /**
 362:Drivers/STM32F1xx_HAL_Driver/Src/stm32f1xx_hal_exti.c ****   * @brief  Register callback for a dedicated Exti line.
 363:Drivers/STM32F1xx_HAL_Driver/Src/stm32f1xx_hal_exti.c ****   * @param  hexti Exti handle.
 364:Drivers/STM32F1xx_HAL_Driver/Src/stm32f1xx_hal_exti.c ****   * @param  CallbackID User callback identifier.
 365:Drivers/STM32F1xx_HAL_Driver/Src/stm32f1xx_hal_exti.c ****   *         This parameter can be one of @arg @ref EXTI_CallbackIDTypeDef values.
 366:Drivers/STM32F1xx_HAL_Driver/Src/stm32f1xx_hal_exti.c ****   * @param  pPendingCbfn function pointer to be stored as callback.
 367:Drivers/STM32F1xx_HAL_Driver/Src/stm32f1xx_hal_exti.c ****   * @retval HAL Status.
 368:Drivers/STM32F1xx_HAL_Driver/Src/stm32f1xx_hal_exti.c ****   */
 369:Drivers/STM32F1xx_HAL_Driver/Src/stm32f1xx_hal_exti.c **** HAL_StatusTypeDef HAL_EXTI_RegisterCallback(EXTI_HandleTypeDef *hexti, EXTI_CallbackIDTypeDef Callb
 370:Drivers/STM32F1xx_HAL_Driver/Src/stm32f1xx_hal_exti.c **** {
 628              		.loc 1 370 1 is_stmt 1 view -0
 629              		.cfi_startproc
 630              		@ args = 0, pretend = 0, frame = 0
 631              		@ frame_needed = 0, uses_anonymous_args = 0
 632              		@ link register save eliminated.
 633              		.loc 1 370 1 is_stmt 0 view .LVU203
 634 0000 0346     		mov	r3, r0
 371:Drivers/STM32F1xx_HAL_Driver/Src/stm32f1xx_hal_exti.c ****   HAL_StatusTypeDef status = HAL_OK;
 635              		.loc 1 371 3 is_stmt 1 view .LVU204
 636              	.LVL50:
 372:Drivers/STM32F1xx_HAL_Driver/Src/stm32f1xx_hal_exti.c **** 
 373:Drivers/STM32F1xx_HAL_Driver/Src/stm32f1xx_hal_exti.c ****   switch (CallbackID)
 637              		.loc 1 373 3 view .LVU205
 638 0002 0846     		mov	r0, r1
 639              	.LVL51:
 640              		.loc 1 373 3 is_stmt 0 view .LVU206
 641 0004 09B9     		cbnz	r1, .L52
 374:Drivers/STM32F1xx_HAL_Driver/Src/stm32f1xx_hal_exti.c ****   {
 375:Drivers/STM32F1xx_HAL_Driver/Src/stm32f1xx_hal_exti.c ****     case  HAL_EXTI_COMMON_CB_ID:
 376:Drivers/STM32F1xx_HAL_Driver/Src/stm32f1xx_hal_exti.c ****       hexti->PendingCallback = pPendingCbfn;
 642              		.loc 1 376 7 is_stmt 1 view .LVU207
 643              		.loc 1 376 30 is_stmt 0 view .LVU208
 644 0006 5A60     		str	r2, [r3, #4]
 377:Drivers/STM32F1xx_HAL_Driver/Src/stm32f1xx_hal_exti.c ****       break;
 645              		.loc 1 377 7 is_stmt 1 view .LVU209
 646 0008 7047     		bx	lr
 647              	.L52:
 378:Drivers/STM32F1xx_HAL_Driver/Src/stm32f1xx_hal_exti.c **** 
 379:Drivers/STM32F1xx_HAL_Driver/Src/stm32f1xx_hal_exti.c ****     default:
 380:Drivers/STM32F1xx_HAL_Driver/Src/stm32f1xx_hal_exti.c ****       status = HAL_ERROR;
 648              		.loc 1 380 14 is_stmt 0 view .LVU210
 649 000a 0120     		movs	r0, #1
ARM GAS  /tmp/ccbaclnK.s 			page 20


 650              	.LVL52:
 381:Drivers/STM32F1xx_HAL_Driver/Src/stm32f1xx_hal_exti.c ****       break;
 382:Drivers/STM32F1xx_HAL_Driver/Src/stm32f1xx_hal_exti.c ****   }
 383:Drivers/STM32F1xx_HAL_Driver/Src/stm32f1xx_hal_exti.c **** 
 384:Drivers/STM32F1xx_HAL_Driver/Src/stm32f1xx_hal_exti.c ****   return status;
 651              		.loc 1 384 3 is_stmt 1 view .LVU211
 385:Drivers/STM32F1xx_HAL_Driver/Src/stm32f1xx_hal_exti.c **** }
 652              		.loc 1 385 1 is_stmt 0 view .LVU212
 653 000c 7047     		bx	lr
 654              		.cfi_endproc
 655              	.LFE68:
 657              		.section	.text.HAL_EXTI_GetHandle,"ax",%progbits
 658              		.align	1
 659              		.global	HAL_EXTI_GetHandle
 660              		.syntax unified
 661              		.thumb
 662              		.thumb_func
 663              		.fpu softvfp
 665              	HAL_EXTI_GetHandle:
 666              	.LVL53:
 667              	.LFB69:
 386:Drivers/STM32F1xx_HAL_Driver/Src/stm32f1xx_hal_exti.c **** 
 387:Drivers/STM32F1xx_HAL_Driver/Src/stm32f1xx_hal_exti.c **** /**
 388:Drivers/STM32F1xx_HAL_Driver/Src/stm32f1xx_hal_exti.c ****   * @brief  Store line number as handle private field.
 389:Drivers/STM32F1xx_HAL_Driver/Src/stm32f1xx_hal_exti.c ****   * @param  hexti Exti handle.
 390:Drivers/STM32F1xx_HAL_Driver/Src/stm32f1xx_hal_exti.c ****   * @param  ExtiLine Exti line number.
 391:Drivers/STM32F1xx_HAL_Driver/Src/stm32f1xx_hal_exti.c ****   *         This parameter can be from 0 to @ref EXTI_LINE_NB.
 392:Drivers/STM32F1xx_HAL_Driver/Src/stm32f1xx_hal_exti.c ****   * @retval HAL Status.
 393:Drivers/STM32F1xx_HAL_Driver/Src/stm32f1xx_hal_exti.c ****   */
 394:Drivers/STM32F1xx_HAL_Driver/Src/stm32f1xx_hal_exti.c **** HAL_StatusTypeDef HAL_EXTI_GetHandle(EXTI_HandleTypeDef *hexti, uint32_t ExtiLine)
 395:Drivers/STM32F1xx_HAL_Driver/Src/stm32f1xx_hal_exti.c **** {
 668              		.loc 1 395 1 is_stmt 1 view -0
 669              		.cfi_startproc
 670              		@ args = 0, pretend = 0, frame = 0
 671              		@ frame_needed = 0, uses_anonymous_args = 0
 672              		@ link register save eliminated.
 396:Drivers/STM32F1xx_HAL_Driver/Src/stm32f1xx_hal_exti.c ****   /* Check the parameters */
 397:Drivers/STM32F1xx_HAL_Driver/Src/stm32f1xx_hal_exti.c ****   assert_param(IS_EXTI_LINE(ExtiLine));
 673              		.loc 1 397 3 view .LVU214
 398:Drivers/STM32F1xx_HAL_Driver/Src/stm32f1xx_hal_exti.c **** 
 399:Drivers/STM32F1xx_HAL_Driver/Src/stm32f1xx_hal_exti.c ****   /* Check null pointer */
 400:Drivers/STM32F1xx_HAL_Driver/Src/stm32f1xx_hal_exti.c ****   if (hexti == NULL)
 674              		.loc 1 400 3 view .LVU215
 675              		.loc 1 400 6 is_stmt 0 view .LVU216
 676 0000 10B1     		cbz	r0, .L55
 401:Drivers/STM32F1xx_HAL_Driver/Src/stm32f1xx_hal_exti.c ****   {
 402:Drivers/STM32F1xx_HAL_Driver/Src/stm32f1xx_hal_exti.c ****     return HAL_ERROR;
 403:Drivers/STM32F1xx_HAL_Driver/Src/stm32f1xx_hal_exti.c ****   }
 404:Drivers/STM32F1xx_HAL_Driver/Src/stm32f1xx_hal_exti.c ****   else
 405:Drivers/STM32F1xx_HAL_Driver/Src/stm32f1xx_hal_exti.c ****   {
 406:Drivers/STM32F1xx_HAL_Driver/Src/stm32f1xx_hal_exti.c ****     /* Store line number as handle private field */
 407:Drivers/STM32F1xx_HAL_Driver/Src/stm32f1xx_hal_exti.c ****     hexti->Line = ExtiLine;
 677              		.loc 1 407 5 is_stmt 1 view .LVU217
 678              		.loc 1 407 17 is_stmt 0 view .LVU218
 679 0002 0160     		str	r1, [r0]
 408:Drivers/STM32F1xx_HAL_Driver/Src/stm32f1xx_hal_exti.c **** 
 409:Drivers/STM32F1xx_HAL_Driver/Src/stm32f1xx_hal_exti.c ****     return HAL_OK;
ARM GAS  /tmp/ccbaclnK.s 			page 21


 680              		.loc 1 409 5 is_stmt 1 view .LVU219
 681              		.loc 1 409 12 is_stmt 0 view .LVU220
 682 0004 0020     		movs	r0, #0
 683              	.LVL54:
 684              		.loc 1 409 12 view .LVU221
 685 0006 7047     		bx	lr
 686              	.LVL55:
 687              	.L55:
 402:Drivers/STM32F1xx_HAL_Driver/Src/stm32f1xx_hal_exti.c ****   }
 688              		.loc 1 402 12 view .LVU222
 689 0008 0120     		movs	r0, #1
 690              	.LVL56:
 410:Drivers/STM32F1xx_HAL_Driver/Src/stm32f1xx_hal_exti.c ****   }
 411:Drivers/STM32F1xx_HAL_Driver/Src/stm32f1xx_hal_exti.c **** }
 691              		.loc 1 411 1 view .LVU223
 692 000a 7047     		bx	lr
 693              		.cfi_endproc
 694              	.LFE69:
 696              		.section	.text.HAL_EXTI_IRQHandler,"ax",%progbits
 697              		.align	1
 698              		.global	HAL_EXTI_IRQHandler
 699              		.syntax unified
 700              		.thumb
 701              		.thumb_func
 702              		.fpu softvfp
 704              	HAL_EXTI_IRQHandler:
 705              	.LVL57:
 706              	.LFB70:
 412:Drivers/STM32F1xx_HAL_Driver/Src/stm32f1xx_hal_exti.c **** 
 413:Drivers/STM32F1xx_HAL_Driver/Src/stm32f1xx_hal_exti.c **** /**
 414:Drivers/STM32F1xx_HAL_Driver/Src/stm32f1xx_hal_exti.c ****   * @}
 415:Drivers/STM32F1xx_HAL_Driver/Src/stm32f1xx_hal_exti.c ****   */
 416:Drivers/STM32F1xx_HAL_Driver/Src/stm32f1xx_hal_exti.c **** 
 417:Drivers/STM32F1xx_HAL_Driver/Src/stm32f1xx_hal_exti.c **** /** @addtogroup EXTI_Exported_Functions_Group2
 418:Drivers/STM32F1xx_HAL_Driver/Src/stm32f1xx_hal_exti.c ****   *  @brief EXTI IO functions.
 419:Drivers/STM32F1xx_HAL_Driver/Src/stm32f1xx_hal_exti.c ****   *
 420:Drivers/STM32F1xx_HAL_Driver/Src/stm32f1xx_hal_exti.c **** @verbatim
 421:Drivers/STM32F1xx_HAL_Driver/Src/stm32f1xx_hal_exti.c ****  ===============================================================================
 422:Drivers/STM32F1xx_HAL_Driver/Src/stm32f1xx_hal_exti.c ****                        ##### IO operation functions #####
 423:Drivers/STM32F1xx_HAL_Driver/Src/stm32f1xx_hal_exti.c ****  ===============================================================================
 424:Drivers/STM32F1xx_HAL_Driver/Src/stm32f1xx_hal_exti.c **** 
 425:Drivers/STM32F1xx_HAL_Driver/Src/stm32f1xx_hal_exti.c **** @endverbatim
 426:Drivers/STM32F1xx_HAL_Driver/Src/stm32f1xx_hal_exti.c ****   * @{
 427:Drivers/STM32F1xx_HAL_Driver/Src/stm32f1xx_hal_exti.c ****   */
 428:Drivers/STM32F1xx_HAL_Driver/Src/stm32f1xx_hal_exti.c **** 
 429:Drivers/STM32F1xx_HAL_Driver/Src/stm32f1xx_hal_exti.c **** /**
 430:Drivers/STM32F1xx_HAL_Driver/Src/stm32f1xx_hal_exti.c ****   * @brief  Handle EXTI interrupt request.
 431:Drivers/STM32F1xx_HAL_Driver/Src/stm32f1xx_hal_exti.c ****   * @param  hexti Exti handle.
 432:Drivers/STM32F1xx_HAL_Driver/Src/stm32f1xx_hal_exti.c ****   * @retval none.
 433:Drivers/STM32F1xx_HAL_Driver/Src/stm32f1xx_hal_exti.c ****   */
 434:Drivers/STM32F1xx_HAL_Driver/Src/stm32f1xx_hal_exti.c **** void HAL_EXTI_IRQHandler(EXTI_HandleTypeDef *hexti)
 435:Drivers/STM32F1xx_HAL_Driver/Src/stm32f1xx_hal_exti.c **** {
 707              		.loc 1 435 1 is_stmt 1 view -0
 708              		.cfi_startproc
 709              		@ args = 0, pretend = 0, frame = 0
 710              		@ frame_needed = 0, uses_anonymous_args = 0
 711              		.loc 1 435 1 is_stmt 0 view .LVU225
ARM GAS  /tmp/ccbaclnK.s 			page 22


 712 0000 08B5     		push	{r3, lr}
 713              	.LCFI12:
 714              		.cfi_def_cfa_offset 8
 715              		.cfi_offset 3, -8
 716              		.cfi_offset 14, -4
 436:Drivers/STM32F1xx_HAL_Driver/Src/stm32f1xx_hal_exti.c ****   uint32_t regval;
 717              		.loc 1 436 3 is_stmt 1 view .LVU226
 437:Drivers/STM32F1xx_HAL_Driver/Src/stm32f1xx_hal_exti.c ****   uint32_t maskline;
 718              		.loc 1 437 3 view .LVU227
 438:Drivers/STM32F1xx_HAL_Driver/Src/stm32f1xx_hal_exti.c **** 
 439:Drivers/STM32F1xx_HAL_Driver/Src/stm32f1xx_hal_exti.c ****   /* Compute line mask */
 440:Drivers/STM32F1xx_HAL_Driver/Src/stm32f1xx_hal_exti.c ****   maskline = (1uL << (hexti->Line & EXTI_PIN_MASK));
 719              		.loc 1 440 3 view .LVU228
 720              		.loc 1 440 28 is_stmt 0 view .LVU229
 721 0002 0368     		ldr	r3, [r0]
 722              		.loc 1 440 35 view .LVU230
 723 0004 03F01F02 		and	r2, r3, #31
 724              		.loc 1 440 12 view .LVU231
 725 0008 0123     		movs	r3, #1
 726 000a 9340     		lsls	r3, r3, r2
 727              	.LVL58:
 441:Drivers/STM32F1xx_HAL_Driver/Src/stm32f1xx_hal_exti.c **** 
 442:Drivers/STM32F1xx_HAL_Driver/Src/stm32f1xx_hal_exti.c ****   /* Get pending bit  */
 443:Drivers/STM32F1xx_HAL_Driver/Src/stm32f1xx_hal_exti.c ****   regval = (EXTI->PR & maskline);
 728              		.loc 1 443 3 is_stmt 1 view .LVU232
 729              		.loc 1 443 17 is_stmt 0 view .LVU233
 730 000c 044A     		ldr	r2, .L59
 731 000e 5269     		ldr	r2, [r2, #20]
 732              	.LVL59:
 444:Drivers/STM32F1xx_HAL_Driver/Src/stm32f1xx_hal_exti.c ****   if (regval != 0x00u)
 733              		.loc 1 444 3 is_stmt 1 view .LVU234
 734              		.loc 1 444 6 is_stmt 0 view .LVU235
 735 0010 1A42     		tst	r2, r3
 736 0012 04D0     		beq	.L56
 445:Drivers/STM32F1xx_HAL_Driver/Src/stm32f1xx_hal_exti.c ****   {
 446:Drivers/STM32F1xx_HAL_Driver/Src/stm32f1xx_hal_exti.c ****     /* Clear pending bit */
 447:Drivers/STM32F1xx_HAL_Driver/Src/stm32f1xx_hal_exti.c ****     EXTI->PR = maskline;
 737              		.loc 1 447 5 is_stmt 1 view .LVU236
 738              		.loc 1 447 14 is_stmt 0 view .LVU237
 739 0014 024A     		ldr	r2, .L59
 740              	.LVL60:
 741              		.loc 1 447 14 view .LVU238
 742 0016 5361     		str	r3, [r2, #20]
 448:Drivers/STM32F1xx_HAL_Driver/Src/stm32f1xx_hal_exti.c **** 
 449:Drivers/STM32F1xx_HAL_Driver/Src/stm32f1xx_hal_exti.c ****     /* Call callback */
 450:Drivers/STM32F1xx_HAL_Driver/Src/stm32f1xx_hal_exti.c ****     if (hexti->PendingCallback != NULL)
 743              		.loc 1 450 5 is_stmt 1 view .LVU239
 744              		.loc 1 450 14 is_stmt 0 view .LVU240
 745 0018 4368     		ldr	r3, [r0, #4]
 746              	.LVL61:
 747              		.loc 1 450 8 view .LVU241
 748 001a 03B1     		cbz	r3, .L56
 451:Drivers/STM32F1xx_HAL_Driver/Src/stm32f1xx_hal_exti.c ****     {
 452:Drivers/STM32F1xx_HAL_Driver/Src/stm32f1xx_hal_exti.c ****       hexti->PendingCallback();
 749              		.loc 1 452 7 is_stmt 1 view .LVU242
 750 001c 9847     		blx	r3
 751              	.LVL62:
ARM GAS  /tmp/ccbaclnK.s 			page 23


 752              	.L56:
 453:Drivers/STM32F1xx_HAL_Driver/Src/stm32f1xx_hal_exti.c ****     }
 454:Drivers/STM32F1xx_HAL_Driver/Src/stm32f1xx_hal_exti.c ****   }
 455:Drivers/STM32F1xx_HAL_Driver/Src/stm32f1xx_hal_exti.c **** }
 753              		.loc 1 455 1 is_stmt 0 view .LVU243
 754 001e 08BD     		pop	{r3, pc}
 755              	.L60:
 756              		.align	2
 757              	.L59:
 758 0020 00040140 		.word	1073808384
 759              		.cfi_endproc
 760              	.LFE70:
 762              		.section	.text.HAL_EXTI_GetPending,"ax",%progbits
 763              		.align	1
 764              		.global	HAL_EXTI_GetPending
 765              		.syntax unified
 766              		.thumb
 767              		.thumb_func
 768              		.fpu softvfp
 770              	HAL_EXTI_GetPending:
 771              	.LVL63:
 772              	.LFB71:
 456:Drivers/STM32F1xx_HAL_Driver/Src/stm32f1xx_hal_exti.c **** 
 457:Drivers/STM32F1xx_HAL_Driver/Src/stm32f1xx_hal_exti.c **** /**
 458:Drivers/STM32F1xx_HAL_Driver/Src/stm32f1xx_hal_exti.c ****   * @brief  Get interrupt pending bit of a dedicated line.
 459:Drivers/STM32F1xx_HAL_Driver/Src/stm32f1xx_hal_exti.c ****   * @param  hexti Exti handle.
 460:Drivers/STM32F1xx_HAL_Driver/Src/stm32f1xx_hal_exti.c ****   * @param  Edge Specify which pending edge as to be checked.
 461:Drivers/STM32F1xx_HAL_Driver/Src/stm32f1xx_hal_exti.c ****   *         This parameter can be one of the following values:
 462:Drivers/STM32F1xx_HAL_Driver/Src/stm32f1xx_hal_exti.c ****   *           @arg @ref EXTI_TRIGGER_RISING_FALLING
 463:Drivers/STM32F1xx_HAL_Driver/Src/stm32f1xx_hal_exti.c ****   *         This parameter is kept for compatibility with other series.
 464:Drivers/STM32F1xx_HAL_Driver/Src/stm32f1xx_hal_exti.c ****   * @retval 1 if interrupt is pending else 0.
 465:Drivers/STM32F1xx_HAL_Driver/Src/stm32f1xx_hal_exti.c ****   */
 466:Drivers/STM32F1xx_HAL_Driver/Src/stm32f1xx_hal_exti.c **** uint32_t HAL_EXTI_GetPending(EXTI_HandleTypeDef *hexti, uint32_t Edge)
 467:Drivers/STM32F1xx_HAL_Driver/Src/stm32f1xx_hal_exti.c **** {
 773              		.loc 1 467 1 is_stmt 1 view -0
 774              		.cfi_startproc
 775              		@ args = 0, pretend = 0, frame = 0
 776              		@ frame_needed = 0, uses_anonymous_args = 0
 777              		@ link register save eliminated.
 468:Drivers/STM32F1xx_HAL_Driver/Src/stm32f1xx_hal_exti.c ****   uint32_t regval;
 778              		.loc 1 468 3 view .LVU245
 469:Drivers/STM32F1xx_HAL_Driver/Src/stm32f1xx_hal_exti.c ****   uint32_t maskline;
 779              		.loc 1 469 3 view .LVU246
 470:Drivers/STM32F1xx_HAL_Driver/Src/stm32f1xx_hal_exti.c ****   uint32_t linepos;
 780              		.loc 1 470 3 view .LVU247
 471:Drivers/STM32F1xx_HAL_Driver/Src/stm32f1xx_hal_exti.c **** 
 472:Drivers/STM32F1xx_HAL_Driver/Src/stm32f1xx_hal_exti.c ****   /* Check parameters */
 473:Drivers/STM32F1xx_HAL_Driver/Src/stm32f1xx_hal_exti.c ****   assert_param(IS_EXTI_LINE(hexti->Line));
 781              		.loc 1 473 3 view .LVU248
 474:Drivers/STM32F1xx_HAL_Driver/Src/stm32f1xx_hal_exti.c ****   assert_param(IS_EXTI_CONFIG_LINE(hexti->Line));
 782              		.loc 1 474 3 view .LVU249
 475:Drivers/STM32F1xx_HAL_Driver/Src/stm32f1xx_hal_exti.c ****   assert_param(IS_EXTI_PENDING_EDGE(Edge));
 783              		.loc 1 475 3 view .LVU250
 476:Drivers/STM32F1xx_HAL_Driver/Src/stm32f1xx_hal_exti.c **** 
 477:Drivers/STM32F1xx_HAL_Driver/Src/stm32f1xx_hal_exti.c ****   /* Prevent unused argument compilation warning */
 478:Drivers/STM32F1xx_HAL_Driver/Src/stm32f1xx_hal_exti.c ****   UNUSED(Edge);
 784              		.loc 1 478 3 view .LVU251
ARM GAS  /tmp/ccbaclnK.s 			page 24


 479:Drivers/STM32F1xx_HAL_Driver/Src/stm32f1xx_hal_exti.c **** 
 480:Drivers/STM32F1xx_HAL_Driver/Src/stm32f1xx_hal_exti.c ****   /* Compute line mask */
 481:Drivers/STM32F1xx_HAL_Driver/Src/stm32f1xx_hal_exti.c ****   linepos = (hexti->Line & EXTI_PIN_MASK);
 785              		.loc 1 481 3 view .LVU252
 786              		.loc 1 481 19 is_stmt 0 view .LVU253
 787 0000 0368     		ldr	r3, [r0]
 788              		.loc 1 481 11 view .LVU254
 789 0002 03F01F03 		and	r3, r3, #31
 790              	.LVL64:
 482:Drivers/STM32F1xx_HAL_Driver/Src/stm32f1xx_hal_exti.c ****   maskline = (1uL << linepos);
 791              		.loc 1 482 3 is_stmt 1 view .LVU255
 792              		.loc 1 482 12 is_stmt 0 view .LVU256
 793 0006 0120     		movs	r0, #1
 794              	.LVL65:
 795              		.loc 1 482 12 view .LVU257
 796 0008 00FA03F2 		lsl	r2, r0, r3
 797              	.LVL66:
 483:Drivers/STM32F1xx_HAL_Driver/Src/stm32f1xx_hal_exti.c **** 
 484:Drivers/STM32F1xx_HAL_Driver/Src/stm32f1xx_hal_exti.c ****   /* return 1 if bit is set else 0 */
 485:Drivers/STM32F1xx_HAL_Driver/Src/stm32f1xx_hal_exti.c ****   regval = ((EXTI->PR & maskline) >> linepos);
 798              		.loc 1 485 3 is_stmt 1 view .LVU258
 799              		.loc 1 485 18 is_stmt 0 view .LVU259
 800 000c 0249     		ldr	r1, .L62
 801              	.LVL67:
 802              		.loc 1 485 18 view .LVU260
 803 000e 4869     		ldr	r0, [r1, #20]
 804              		.loc 1 485 23 view .LVU261
 805 0010 1040     		ands	r0, r0, r2
 806              	.LVL68:
 486:Drivers/STM32F1xx_HAL_Driver/Src/stm32f1xx_hal_exti.c ****   return regval;
 807              		.loc 1 486 3 is_stmt 1 view .LVU262
 487:Drivers/STM32F1xx_HAL_Driver/Src/stm32f1xx_hal_exti.c **** }
 808              		.loc 1 487 1 is_stmt 0 view .LVU263
 809 0012 D840     		lsrs	r0, r0, r3
 810              	.LVL69:
 811              		.loc 1 487 1 view .LVU264
 812 0014 7047     		bx	lr
 813              	.L63:
 814 0016 00BF     		.align	2
 815              	.L62:
 816 0018 00040140 		.word	1073808384
 817              		.cfi_endproc
 818              	.LFE71:
 820              		.section	.text.HAL_EXTI_ClearPending,"ax",%progbits
 821              		.align	1
 822              		.global	HAL_EXTI_ClearPending
 823              		.syntax unified
 824              		.thumb
 825              		.thumb_func
 826              		.fpu softvfp
 828              	HAL_EXTI_ClearPending:
 829              	.LVL70:
 830              	.LFB72:
 488:Drivers/STM32F1xx_HAL_Driver/Src/stm32f1xx_hal_exti.c **** 
 489:Drivers/STM32F1xx_HAL_Driver/Src/stm32f1xx_hal_exti.c **** /**
 490:Drivers/STM32F1xx_HAL_Driver/Src/stm32f1xx_hal_exti.c ****   * @brief  Clear interrupt pending bit of a dedicated line.
 491:Drivers/STM32F1xx_HAL_Driver/Src/stm32f1xx_hal_exti.c ****   * @param  hexti Exti handle.
ARM GAS  /tmp/ccbaclnK.s 			page 25


 492:Drivers/STM32F1xx_HAL_Driver/Src/stm32f1xx_hal_exti.c ****   * @param  Edge Specify which pending edge as to be clear.
 493:Drivers/STM32F1xx_HAL_Driver/Src/stm32f1xx_hal_exti.c ****   *         This parameter can be one of the following values:
 494:Drivers/STM32F1xx_HAL_Driver/Src/stm32f1xx_hal_exti.c ****   *           @arg @ref EXTI_TRIGGER_RISING_FALLING
 495:Drivers/STM32F1xx_HAL_Driver/Src/stm32f1xx_hal_exti.c ****   *         This parameter is kept for compatibility with other series.
 496:Drivers/STM32F1xx_HAL_Driver/Src/stm32f1xx_hal_exti.c ****   * @retval None.
 497:Drivers/STM32F1xx_HAL_Driver/Src/stm32f1xx_hal_exti.c ****   */
 498:Drivers/STM32F1xx_HAL_Driver/Src/stm32f1xx_hal_exti.c **** void HAL_EXTI_ClearPending(EXTI_HandleTypeDef *hexti, uint32_t Edge)
 499:Drivers/STM32F1xx_HAL_Driver/Src/stm32f1xx_hal_exti.c **** {
 831              		.loc 1 499 1 is_stmt 1 view -0
 832              		.cfi_startproc
 833              		@ args = 0, pretend = 0, frame = 0
 834              		@ frame_needed = 0, uses_anonymous_args = 0
 835              		@ link register save eliminated.
 500:Drivers/STM32F1xx_HAL_Driver/Src/stm32f1xx_hal_exti.c ****   uint32_t maskline;
 836              		.loc 1 500 3 view .LVU266
 501:Drivers/STM32F1xx_HAL_Driver/Src/stm32f1xx_hal_exti.c **** 
 502:Drivers/STM32F1xx_HAL_Driver/Src/stm32f1xx_hal_exti.c ****   /* Check parameters */
 503:Drivers/STM32F1xx_HAL_Driver/Src/stm32f1xx_hal_exti.c ****   assert_param(IS_EXTI_LINE(hexti->Line));
 837              		.loc 1 503 3 view .LVU267
 504:Drivers/STM32F1xx_HAL_Driver/Src/stm32f1xx_hal_exti.c ****   assert_param(IS_EXTI_CONFIG_LINE(hexti->Line));
 838              		.loc 1 504 3 view .LVU268
 505:Drivers/STM32F1xx_HAL_Driver/Src/stm32f1xx_hal_exti.c ****   assert_param(IS_EXTI_PENDING_EDGE(Edge));
 839              		.loc 1 505 3 view .LVU269
 506:Drivers/STM32F1xx_HAL_Driver/Src/stm32f1xx_hal_exti.c **** 
 507:Drivers/STM32F1xx_HAL_Driver/Src/stm32f1xx_hal_exti.c ****   /* Prevent unused argument compilation warning */
 508:Drivers/STM32F1xx_HAL_Driver/Src/stm32f1xx_hal_exti.c ****   UNUSED(Edge);
 840              		.loc 1 508 3 view .LVU270
 509:Drivers/STM32F1xx_HAL_Driver/Src/stm32f1xx_hal_exti.c **** 
 510:Drivers/STM32F1xx_HAL_Driver/Src/stm32f1xx_hal_exti.c ****   /* Compute line mask */
 511:Drivers/STM32F1xx_HAL_Driver/Src/stm32f1xx_hal_exti.c ****   maskline = (1uL << (hexti->Line & EXTI_PIN_MASK));
 841              		.loc 1 511 3 view .LVU271
 842              		.loc 1 511 28 is_stmt 0 view .LVU272
 843 0000 0268     		ldr	r2, [r0]
 844              		.loc 1 511 35 view .LVU273
 845 0002 02F01F02 		and	r2, r2, #31
 846              		.loc 1 511 12 view .LVU274
 847 0006 0123     		movs	r3, #1
 848 0008 9340     		lsls	r3, r3, r2
 849              	.LVL71:
 512:Drivers/STM32F1xx_HAL_Driver/Src/stm32f1xx_hal_exti.c **** 
 513:Drivers/STM32F1xx_HAL_Driver/Src/stm32f1xx_hal_exti.c ****   /* Clear Pending bit */
 514:Drivers/STM32F1xx_HAL_Driver/Src/stm32f1xx_hal_exti.c ****   EXTI->PR =  maskline;
 850              		.loc 1 514 3 is_stmt 1 view .LVU275
 851              		.loc 1 514 12 is_stmt 0 view .LVU276
 852 000a 014A     		ldr	r2, .L65
 853 000c 5361     		str	r3, [r2, #20]
 515:Drivers/STM32F1xx_HAL_Driver/Src/stm32f1xx_hal_exti.c **** }
 854              		.loc 1 515 1 view .LVU277
 855 000e 7047     		bx	lr
 856              	.L66:
 857              		.align	2
 858              	.L65:
 859 0010 00040140 		.word	1073808384
 860              		.cfi_endproc
 861              	.LFE72:
 863              		.section	.text.HAL_EXTI_GenerateSWI,"ax",%progbits
 864              		.align	1
ARM GAS  /tmp/ccbaclnK.s 			page 26


 865              		.global	HAL_EXTI_GenerateSWI
 866              		.syntax unified
 867              		.thumb
 868              		.thumb_func
 869              		.fpu softvfp
 871              	HAL_EXTI_GenerateSWI:
 872              	.LVL72:
 873              	.LFB73:
 516:Drivers/STM32F1xx_HAL_Driver/Src/stm32f1xx_hal_exti.c **** 
 517:Drivers/STM32F1xx_HAL_Driver/Src/stm32f1xx_hal_exti.c **** /**
 518:Drivers/STM32F1xx_HAL_Driver/Src/stm32f1xx_hal_exti.c ****   * @brief  Generate a software interrupt for a dedicated line.
 519:Drivers/STM32F1xx_HAL_Driver/Src/stm32f1xx_hal_exti.c ****   * @param  hexti Exti handle.
 520:Drivers/STM32F1xx_HAL_Driver/Src/stm32f1xx_hal_exti.c ****   * @retval None.
 521:Drivers/STM32F1xx_HAL_Driver/Src/stm32f1xx_hal_exti.c ****   */
 522:Drivers/STM32F1xx_HAL_Driver/Src/stm32f1xx_hal_exti.c **** void HAL_EXTI_GenerateSWI(EXTI_HandleTypeDef *hexti)
 523:Drivers/STM32F1xx_HAL_Driver/Src/stm32f1xx_hal_exti.c **** {
 874              		.loc 1 523 1 is_stmt 1 view -0
 875              		.cfi_startproc
 876              		@ args = 0, pretend = 0, frame = 0
 877              		@ frame_needed = 0, uses_anonymous_args = 0
 878              		@ link register save eliminated.
 524:Drivers/STM32F1xx_HAL_Driver/Src/stm32f1xx_hal_exti.c ****   uint32_t maskline;
 879              		.loc 1 524 3 view .LVU279
 525:Drivers/STM32F1xx_HAL_Driver/Src/stm32f1xx_hal_exti.c **** 
 526:Drivers/STM32F1xx_HAL_Driver/Src/stm32f1xx_hal_exti.c ****   /* Check parameters */
 527:Drivers/STM32F1xx_HAL_Driver/Src/stm32f1xx_hal_exti.c ****   assert_param(IS_EXTI_LINE(hexti->Line));
 880              		.loc 1 527 3 view .LVU280
 528:Drivers/STM32F1xx_HAL_Driver/Src/stm32f1xx_hal_exti.c ****   assert_param(IS_EXTI_CONFIG_LINE(hexti->Line));
 881              		.loc 1 528 3 view .LVU281
 529:Drivers/STM32F1xx_HAL_Driver/Src/stm32f1xx_hal_exti.c **** 
 530:Drivers/STM32F1xx_HAL_Driver/Src/stm32f1xx_hal_exti.c ****   /* Compute line mask */
 531:Drivers/STM32F1xx_HAL_Driver/Src/stm32f1xx_hal_exti.c ****   maskline = (1uL << (hexti->Line & EXTI_PIN_MASK));
 882              		.loc 1 531 3 view .LVU282
 883              		.loc 1 531 28 is_stmt 0 view .LVU283
 884 0000 0268     		ldr	r2, [r0]
 885              		.loc 1 531 35 view .LVU284
 886 0002 02F01F02 		and	r2, r2, #31
 887              		.loc 1 531 12 view .LVU285
 888 0006 0123     		movs	r3, #1
 889 0008 9340     		lsls	r3, r3, r2
 890              	.LVL73:
 532:Drivers/STM32F1xx_HAL_Driver/Src/stm32f1xx_hal_exti.c **** 
 533:Drivers/STM32F1xx_HAL_Driver/Src/stm32f1xx_hal_exti.c ****   /* Generate Software interrupt */
 534:Drivers/STM32F1xx_HAL_Driver/Src/stm32f1xx_hal_exti.c ****   EXTI->SWIER = maskline;
 891              		.loc 1 534 3 is_stmt 1 view .LVU286
 892              		.loc 1 534 15 is_stmt 0 view .LVU287
 893 000a 014A     		ldr	r2, .L68
 894 000c 1361     		str	r3, [r2, #16]
 535:Drivers/STM32F1xx_HAL_Driver/Src/stm32f1xx_hal_exti.c **** }
 895              		.loc 1 535 1 view .LVU288
 896 000e 7047     		bx	lr
 897              	.L69:
 898              		.align	2
 899              	.L68:
 900 0010 00040140 		.word	1073808384
 901              		.cfi_endproc
 902              	.LFE73:
ARM GAS  /tmp/ccbaclnK.s 			page 27


 904              		.text
 905              	.Letext0:
 906              		.file 2 "/usr/lib/gcc/arm-none-eabi/9.2.1/include/stdint.h"
 907              		.file 3 "Drivers/CMSIS/Include/core_cm3.h"
 908              		.file 4 "Drivers/CMSIS/Device/ST/STM32F1xx/Include/system_stm32f1xx.h"
 909              		.file 5 "Drivers/CMSIS/Device/ST/STM32F1xx/Include/stm32f103xe.h"
 910              		.file 6 "Drivers/STM32F1xx_HAL_Driver/Inc/stm32f1xx_hal_def.h"
 911              		.file 7 "Drivers/STM32F1xx_HAL_Driver/Inc/stm32f1xx_hal_exti.h"
 912              		.file 8 "Drivers/STM32F1xx_HAL_Driver/Inc/stm32f1xx_hal.h"
ARM GAS  /tmp/ccbaclnK.s 			page 28


DEFINED SYMBOLS
                            *ABS*:0000000000000000 stm32f1xx_hal_exti.c
     /tmp/ccbaclnK.s:16     .text.HAL_EXTI_SetConfigLine:0000000000000000 $t
     /tmp/ccbaclnK.s:24     .text.HAL_EXTI_SetConfigLine:0000000000000000 HAL_EXTI_SetConfigLine
     /tmp/ccbaclnK.s:246    .text.HAL_EXTI_SetConfigLine:00000000000000d0 $d
     /tmp/ccbaclnK.s:252    .text.HAL_EXTI_GetConfigLine:0000000000000000 $t
     /tmp/ccbaclnK.s:259    .text.HAL_EXTI_GetConfigLine:0000000000000000 HAL_EXTI_GetConfigLine
     /tmp/ccbaclnK.s:445    .text.HAL_EXTI_GetConfigLine:00000000000000a0 $d
     /tmp/ccbaclnK.s:451    .text.HAL_EXTI_ClearConfigLine:0000000000000000 $t
     /tmp/ccbaclnK.s:458    .text.HAL_EXTI_ClearConfigLine:0000000000000000 HAL_EXTI_ClearConfigLine
     /tmp/ccbaclnK.s:612    .text.HAL_EXTI_ClearConfigLine:0000000000000078 $d
     /tmp/ccbaclnK.s:618    .text.HAL_EXTI_RegisterCallback:0000000000000000 $t
     /tmp/ccbaclnK.s:625    .text.HAL_EXTI_RegisterCallback:0000000000000000 HAL_EXTI_RegisterCallback
     /tmp/ccbaclnK.s:658    .text.HAL_EXTI_GetHandle:0000000000000000 $t
     /tmp/ccbaclnK.s:665    .text.HAL_EXTI_GetHandle:0000000000000000 HAL_EXTI_GetHandle
     /tmp/ccbaclnK.s:697    .text.HAL_EXTI_IRQHandler:0000000000000000 $t
     /tmp/ccbaclnK.s:704    .text.HAL_EXTI_IRQHandler:0000000000000000 HAL_EXTI_IRQHandler
     /tmp/ccbaclnK.s:758    .text.HAL_EXTI_IRQHandler:0000000000000020 $d
     /tmp/ccbaclnK.s:763    .text.HAL_EXTI_GetPending:0000000000000000 $t
     /tmp/ccbaclnK.s:770    .text.HAL_EXTI_GetPending:0000000000000000 HAL_EXTI_GetPending
     /tmp/ccbaclnK.s:816    .text.HAL_EXTI_GetPending:0000000000000018 $d
     /tmp/ccbaclnK.s:821    .text.HAL_EXTI_ClearPending:0000000000000000 $t
     /tmp/ccbaclnK.s:828    .text.HAL_EXTI_ClearPending:0000000000000000 HAL_EXTI_ClearPending
     /tmp/ccbaclnK.s:859    .text.HAL_EXTI_ClearPending:0000000000000010 $d
     /tmp/ccbaclnK.s:864    .text.HAL_EXTI_GenerateSWI:0000000000000000 $t
     /tmp/ccbaclnK.s:871    .text.HAL_EXTI_GenerateSWI:0000000000000000 HAL_EXTI_GenerateSWI
     /tmp/ccbaclnK.s:900    .text.HAL_EXTI_GenerateSWI:0000000000000010 $d

NO UNDEFINED SYMBOLS
