ARM GAS  /tmp/ccSv55KZ.s 			page 1


   1              		.cpu cortex-m3
   2              		.eabi_attribute 20, 1
   3              		.eabi_attribute 21, 1
   4              		.eabi_attribute 23, 3
   5              		.eabi_attribute 24, 1
   6              		.eabi_attribute 25, 1
   7              		.eabi_attribute 26, 1
   8              		.eabi_attribute 30, 1
   9              		.eabi_attribute 34, 1
  10              		.eabi_attribute 18, 4
  11              		.file	"system_stm32f1xx.c"
  12              		.text
  13              	.Ltext0:
  14              		.cfi_sections	.debug_frame
  15              		.section	.text.SystemInit,"ax",%progbits
  16              		.align	1
  17              		.global	SystemInit
  18              		.arch armv7-m
  19              		.syntax unified
  20              		.thumb
  21              		.thumb_func
  22              		.fpu softvfp
  24              	SystemInit:
  25              	.LFB65:
  26              		.file 1 "Src/system_stm32f1xx.c"
   1:Src/system_stm32f1xx.c **** /**
   2:Src/system_stm32f1xx.c ****   ******************************************************************************
   3:Src/system_stm32f1xx.c ****   * @file    system_stm32f1xx.c
   4:Src/system_stm32f1xx.c ****   * @author  MCD Application Team
   5:Src/system_stm32f1xx.c ****   * @brief   CMSIS Cortex-M3 Device Peripheral Access Layer System Source File.
   6:Src/system_stm32f1xx.c ****   * 
   7:Src/system_stm32f1xx.c ****   * 1.  This file provides two functions and one global variable to be called from 
   8:Src/system_stm32f1xx.c ****   *     user application:
   9:Src/system_stm32f1xx.c ****   *      - SystemInit(): Setups the system clock (System clock source, PLL Multiplier
  10:Src/system_stm32f1xx.c ****   *                      factors, AHB/APBx prescalers and Flash settings). 
  11:Src/system_stm32f1xx.c ****   *                      This function is called at startup just after reset and 
  12:Src/system_stm32f1xx.c ****   *                      before branch to main program. This call is made inside
  13:Src/system_stm32f1xx.c ****   *                      the "startup_stm32f1xx_xx.s" file.
  14:Src/system_stm32f1xx.c ****   *
  15:Src/system_stm32f1xx.c ****   *      - SystemCoreClock variable: Contains the core clock (HCLK), it can be used
  16:Src/system_stm32f1xx.c ****   *                                  by the user application to setup the SysTick 
  17:Src/system_stm32f1xx.c ****   *                                  timer or configure other parameters.
  18:Src/system_stm32f1xx.c ****   *                                     
  19:Src/system_stm32f1xx.c ****   *      - SystemCoreClockUpdate(): Updates the variable SystemCoreClock and must
  20:Src/system_stm32f1xx.c ****   *                                 be called whenever the core clock is changed
  21:Src/system_stm32f1xx.c ****   *                                 during program execution.
  22:Src/system_stm32f1xx.c ****   *
  23:Src/system_stm32f1xx.c ****   * 2. After each device reset the HSI (8 MHz) is used as system clock source.
  24:Src/system_stm32f1xx.c ****   *    Then SystemInit() function is called, in "startup_stm32f1xx_xx.s" file, to
  25:Src/system_stm32f1xx.c ****   *    configure the system clock before to branch to main program.
  26:Src/system_stm32f1xx.c ****   *
  27:Src/system_stm32f1xx.c ****   * 4. The default value of HSE crystal is set to 8 MHz (or 25 MHz, depending on
  28:Src/system_stm32f1xx.c ****   *    the product used), refer to "HSE_VALUE". 
  29:Src/system_stm32f1xx.c ****   *    When HSE is used as system clock source, directly or through PLL, and you
  30:Src/system_stm32f1xx.c ****   *    are using different crystal you have to adapt the HSE value to your own
  31:Src/system_stm32f1xx.c ****   *    configuration.
  32:Src/system_stm32f1xx.c ****   *        
ARM GAS  /tmp/ccSv55KZ.s 			page 2


  33:Src/system_stm32f1xx.c ****   ******************************************************************************
  34:Src/system_stm32f1xx.c ****   * @attention
  35:Src/system_stm32f1xx.c ****   *
  36:Src/system_stm32f1xx.c ****   * Copyright (c) 2017-2021 STMicroelectronics.
  37:Src/system_stm32f1xx.c ****   * All rights reserved.
  38:Src/system_stm32f1xx.c ****   *
  39:Src/system_stm32f1xx.c ****   * This software is licensed under terms that can be found in the LICENSE file
  40:Src/system_stm32f1xx.c ****   * in the root directory of this software component.
  41:Src/system_stm32f1xx.c ****   * If no LICENSE file comes with this software, it is provided AS-IS.
  42:Src/system_stm32f1xx.c ****   *
  43:Src/system_stm32f1xx.c ****   ******************************************************************************
  44:Src/system_stm32f1xx.c ****   */
  45:Src/system_stm32f1xx.c **** 
  46:Src/system_stm32f1xx.c **** /** @addtogroup CMSIS
  47:Src/system_stm32f1xx.c ****   * @{
  48:Src/system_stm32f1xx.c ****   */
  49:Src/system_stm32f1xx.c **** 
  50:Src/system_stm32f1xx.c **** /** @addtogroup stm32f1xx_system
  51:Src/system_stm32f1xx.c ****   * @{
  52:Src/system_stm32f1xx.c ****   */  
  53:Src/system_stm32f1xx.c ****   
  54:Src/system_stm32f1xx.c **** /** @addtogroup STM32F1xx_System_Private_Includes
  55:Src/system_stm32f1xx.c ****   * @{
  56:Src/system_stm32f1xx.c ****   */
  57:Src/system_stm32f1xx.c **** 
  58:Src/system_stm32f1xx.c **** #include "stm32f1xx.h"
  59:Src/system_stm32f1xx.c **** 
  60:Src/system_stm32f1xx.c **** /**
  61:Src/system_stm32f1xx.c ****   * @}
  62:Src/system_stm32f1xx.c ****   */
  63:Src/system_stm32f1xx.c **** 
  64:Src/system_stm32f1xx.c **** /** @addtogroup STM32F1xx_System_Private_TypesDefinitions
  65:Src/system_stm32f1xx.c ****   * @{
  66:Src/system_stm32f1xx.c ****   */
  67:Src/system_stm32f1xx.c **** 
  68:Src/system_stm32f1xx.c **** /**
  69:Src/system_stm32f1xx.c ****   * @}
  70:Src/system_stm32f1xx.c ****   */
  71:Src/system_stm32f1xx.c **** 
  72:Src/system_stm32f1xx.c **** /** @addtogroup STM32F1xx_System_Private_Defines
  73:Src/system_stm32f1xx.c ****   * @{
  74:Src/system_stm32f1xx.c ****   */
  75:Src/system_stm32f1xx.c **** 
  76:Src/system_stm32f1xx.c **** #if !defined  (HSE_VALUE) 
  77:Src/system_stm32f1xx.c ****   #define HSE_VALUE               8000000U /*!< Default value of the External oscillator in Hz.
  78:Src/system_stm32f1xx.c ****                                                 This value can be provided and adapted by the user 
  79:Src/system_stm32f1xx.c **** #endif /* HSE_VALUE */
  80:Src/system_stm32f1xx.c **** 
  81:Src/system_stm32f1xx.c **** #if !defined  (HSI_VALUE)
  82:Src/system_stm32f1xx.c ****   #define HSI_VALUE               8000000U /*!< Default value of the Internal oscillator in Hz.
  83:Src/system_stm32f1xx.c ****                                                 This value can be provided and adapted by the user 
  84:Src/system_stm32f1xx.c **** #endif /* HSI_VALUE */
  85:Src/system_stm32f1xx.c **** 
  86:Src/system_stm32f1xx.c **** /*!< Uncomment the following line if you need to use external SRAM  */ 
  87:Src/system_stm32f1xx.c **** #if defined(STM32F100xE) || defined(STM32F101xE) || defined(STM32F101xG) || defined(STM32F103xE) ||
  88:Src/system_stm32f1xx.c **** /* #define DATA_IN_ExtSRAM */
  89:Src/system_stm32f1xx.c **** #endif /* STM32F100xE || STM32F101xE || STM32F101xG || STM32F103xE || STM32F103xG */
ARM GAS  /tmp/ccSv55KZ.s 			page 3


  90:Src/system_stm32f1xx.c **** 
  91:Src/system_stm32f1xx.c **** /* Note: Following vector table addresses must be defined in line with linker
  92:Src/system_stm32f1xx.c ****          configuration. */
  93:Src/system_stm32f1xx.c **** /*!< Uncomment the following line if you need to relocate the vector table
  94:Src/system_stm32f1xx.c ****      anywhere in Flash or Sram, else the vector table is kept at the automatic
  95:Src/system_stm32f1xx.c ****      remap of boot address selected */
  96:Src/system_stm32f1xx.c **** /* #define USER_VECT_TAB_ADDRESS */
  97:Src/system_stm32f1xx.c **** 
  98:Src/system_stm32f1xx.c **** #if defined(USER_VECT_TAB_ADDRESS)
  99:Src/system_stm32f1xx.c **** /*!< Uncomment the following line if you need to relocate your vector Table
 100:Src/system_stm32f1xx.c ****      in Sram else user remap will be done in Flash. */
 101:Src/system_stm32f1xx.c **** /* #define VECT_TAB_SRAM */
 102:Src/system_stm32f1xx.c **** #if defined(VECT_TAB_SRAM)
 103:Src/system_stm32f1xx.c **** #define VECT_TAB_BASE_ADDRESS   SRAM_BASE       /*!< Vector Table base address field.
 104:Src/system_stm32f1xx.c ****                                                      This value must be a multiple of 0x200. */
 105:Src/system_stm32f1xx.c **** #define VECT_TAB_OFFSET         0x00000000U     /*!< Vector Table base offset field.
 106:Src/system_stm32f1xx.c ****                                                      This value must be a multiple of 0x200. */
 107:Src/system_stm32f1xx.c **** #else
 108:Src/system_stm32f1xx.c **** #define VECT_TAB_BASE_ADDRESS   FLASH_BASE      /*!< Vector Table base address field.
 109:Src/system_stm32f1xx.c ****                                                      This value must be a multiple of 0x200. */
 110:Src/system_stm32f1xx.c **** #define VECT_TAB_OFFSET         0x00000000U     /*!< Vector Table base offset field.
 111:Src/system_stm32f1xx.c ****                                                      This value must be a multiple of 0x200. */
 112:Src/system_stm32f1xx.c **** #endif /* VECT_TAB_SRAM */
 113:Src/system_stm32f1xx.c **** #endif /* USER_VECT_TAB_ADDRESS */
 114:Src/system_stm32f1xx.c **** 
 115:Src/system_stm32f1xx.c **** /******************************************************************************/
 116:Src/system_stm32f1xx.c **** 
 117:Src/system_stm32f1xx.c **** /**
 118:Src/system_stm32f1xx.c ****   * @}
 119:Src/system_stm32f1xx.c ****   */
 120:Src/system_stm32f1xx.c **** 
 121:Src/system_stm32f1xx.c **** /** @addtogroup STM32F1xx_System_Private_Macros
 122:Src/system_stm32f1xx.c ****   * @{
 123:Src/system_stm32f1xx.c ****   */
 124:Src/system_stm32f1xx.c **** 
 125:Src/system_stm32f1xx.c **** /**
 126:Src/system_stm32f1xx.c ****   * @}
 127:Src/system_stm32f1xx.c ****   */
 128:Src/system_stm32f1xx.c **** 
 129:Src/system_stm32f1xx.c **** /** @addtogroup STM32F1xx_System_Private_Variables
 130:Src/system_stm32f1xx.c ****   * @{
 131:Src/system_stm32f1xx.c ****   */
 132:Src/system_stm32f1xx.c **** 
 133:Src/system_stm32f1xx.c ****   /* This variable is updated in three ways:
 134:Src/system_stm32f1xx.c ****       1) by calling CMSIS function SystemCoreClockUpdate()
 135:Src/system_stm32f1xx.c ****       2) by calling HAL API function HAL_RCC_GetHCLKFreq()
 136:Src/system_stm32f1xx.c ****       3) each time HAL_RCC_ClockConfig() is called to configure the system clock frequency 
 137:Src/system_stm32f1xx.c ****          Note: If you use this function to configure the system clock; then there
 138:Src/system_stm32f1xx.c ****                is no need to call the 2 first functions listed above, since SystemCoreClock
 139:Src/system_stm32f1xx.c ****                variable is updated automatically.
 140:Src/system_stm32f1xx.c ****   */
 141:Src/system_stm32f1xx.c **** uint32_t SystemCoreClock = 16000000;
 142:Src/system_stm32f1xx.c **** const uint8_t AHBPrescTable[16U] = {0, 0, 0, 0, 0, 0, 0, 0, 1, 2, 3, 4, 6, 7, 8, 9};
 143:Src/system_stm32f1xx.c **** const uint8_t APBPrescTable[8U] =  {0, 0, 0, 0, 1, 2, 3, 4};
 144:Src/system_stm32f1xx.c **** 
 145:Src/system_stm32f1xx.c **** /**
 146:Src/system_stm32f1xx.c ****   * @}
ARM GAS  /tmp/ccSv55KZ.s 			page 4


 147:Src/system_stm32f1xx.c ****   */
 148:Src/system_stm32f1xx.c **** 
 149:Src/system_stm32f1xx.c **** /** @addtogroup STM32F1xx_System_Private_FunctionPrototypes
 150:Src/system_stm32f1xx.c ****   * @{
 151:Src/system_stm32f1xx.c ****   */
 152:Src/system_stm32f1xx.c **** 
 153:Src/system_stm32f1xx.c **** #if defined(STM32F100xE) || defined(STM32F101xE) || defined(STM32F101xG) || defined(STM32F103xE) ||
 154:Src/system_stm32f1xx.c **** #ifdef DATA_IN_ExtSRAM
 155:Src/system_stm32f1xx.c ****   static void SystemInit_ExtMemCtl(void); 
 156:Src/system_stm32f1xx.c **** #endif /* DATA_IN_ExtSRAM */
 157:Src/system_stm32f1xx.c **** #endif /* STM32F100xE || STM32F101xE || STM32F101xG || STM32F103xE || STM32F103xG */
 158:Src/system_stm32f1xx.c **** 
 159:Src/system_stm32f1xx.c **** /**
 160:Src/system_stm32f1xx.c ****   * @}
 161:Src/system_stm32f1xx.c ****   */
 162:Src/system_stm32f1xx.c **** 
 163:Src/system_stm32f1xx.c **** /** @addtogroup STM32F1xx_System_Private_Functions
 164:Src/system_stm32f1xx.c ****   * @{
 165:Src/system_stm32f1xx.c ****   */
 166:Src/system_stm32f1xx.c **** 
 167:Src/system_stm32f1xx.c **** /**
 168:Src/system_stm32f1xx.c ****   * @brief  Setup the microcontroller system
 169:Src/system_stm32f1xx.c ****   *         Initialize the Embedded Flash Interface, the PLL and update the 
 170:Src/system_stm32f1xx.c ****   *         SystemCoreClock variable.
 171:Src/system_stm32f1xx.c ****   * @note   This function should be used only after reset.
 172:Src/system_stm32f1xx.c ****   * @param  None
 173:Src/system_stm32f1xx.c ****   * @retval None
 174:Src/system_stm32f1xx.c ****   */
 175:Src/system_stm32f1xx.c **** void SystemInit (void)
 176:Src/system_stm32f1xx.c **** {
  27              		.loc 1 176 1 view -0
  28              		.cfi_startproc
  29              		@ args = 0, pretend = 0, frame = 0
  30              		@ frame_needed = 0, uses_anonymous_args = 0
  31              		@ link register save eliminated.
 177:Src/system_stm32f1xx.c **** #if defined(STM32F100xE) || defined(STM32F101xE) || defined(STM32F101xG) || defined(STM32F103xE) ||
 178:Src/system_stm32f1xx.c ****   #ifdef DATA_IN_ExtSRAM
 179:Src/system_stm32f1xx.c ****     SystemInit_ExtMemCtl(); 
 180:Src/system_stm32f1xx.c ****   #endif /* DATA_IN_ExtSRAM */
 181:Src/system_stm32f1xx.c **** #endif 
 182:Src/system_stm32f1xx.c **** 
 183:Src/system_stm32f1xx.c ****   /* Configure the Vector Table location -------------------------------------*/
 184:Src/system_stm32f1xx.c **** #if defined(USER_VECT_TAB_ADDRESS)
 185:Src/system_stm32f1xx.c ****   SCB->VTOR = VECT_TAB_BASE_ADDRESS | VECT_TAB_OFFSET; /* Vector Table Relocation in Internal SRAM.
 186:Src/system_stm32f1xx.c **** #endif /* USER_VECT_TAB_ADDRESS */
 187:Src/system_stm32f1xx.c **** }
  32              		.loc 1 187 1 view .LVU1
  33 0000 7047     		bx	lr
  34              		.cfi_endproc
  35              	.LFE65:
  37              		.section	.text.SystemCoreClockUpdate,"ax",%progbits
  38              		.align	1
  39              		.global	SystemCoreClockUpdate
  40              		.syntax unified
  41              		.thumb
  42              		.thumb_func
  43              		.fpu softvfp
ARM GAS  /tmp/ccSv55KZ.s 			page 5


  45              	SystemCoreClockUpdate:
  46              	.LFB66:
 188:Src/system_stm32f1xx.c **** 
 189:Src/system_stm32f1xx.c **** /**
 190:Src/system_stm32f1xx.c ****   * @brief  Update SystemCoreClock variable according to Clock Register Values.
 191:Src/system_stm32f1xx.c ****   *         The SystemCoreClock variable contains the core clock (HCLK), it can
 192:Src/system_stm32f1xx.c ****   *         be used by the user application to setup the SysTick timer or configure
 193:Src/system_stm32f1xx.c ****   *         other parameters.
 194:Src/system_stm32f1xx.c ****   *           
 195:Src/system_stm32f1xx.c ****   * @note   Each time the core clock (HCLK) changes, this function must be called
 196:Src/system_stm32f1xx.c ****   *         to update SystemCoreClock variable value. Otherwise, any configuration
 197:Src/system_stm32f1xx.c ****   *         based on this variable will be incorrect.         
 198:Src/system_stm32f1xx.c ****   *     
 199:Src/system_stm32f1xx.c ****   * @note   - The system frequency computed by this function is not the real 
 200:Src/system_stm32f1xx.c ****   *           frequency in the chip. It is calculated based on the predefined 
 201:Src/system_stm32f1xx.c ****   *           constant and the selected clock source:
 202:Src/system_stm32f1xx.c ****   *             
 203:Src/system_stm32f1xx.c ****   *           - If SYSCLK source is HSI, SystemCoreClock will contain the HSI_VALUE(*)
 204:Src/system_stm32f1xx.c ****   *                                              
 205:Src/system_stm32f1xx.c ****   *           - If SYSCLK source is HSE, SystemCoreClock will contain the HSE_VALUE(**)
 206:Src/system_stm32f1xx.c ****   *                          
 207:Src/system_stm32f1xx.c ****   *           - If SYSCLK source is PLL, SystemCoreClock will contain the HSE_VALUE(**) 
 208:Src/system_stm32f1xx.c ****   *             or HSI_VALUE(*) multiplied by the PLL factors.
 209:Src/system_stm32f1xx.c ****   *         
 210:Src/system_stm32f1xx.c ****   *         (*) HSI_VALUE is a constant defined in stm32f1xx.h file (default value
 211:Src/system_stm32f1xx.c ****   *             8 MHz) but the real value may vary depending on the variations
 212:Src/system_stm32f1xx.c ****   *             in voltage and temperature.   
 213:Src/system_stm32f1xx.c ****   *    
 214:Src/system_stm32f1xx.c ****   *         (**) HSE_VALUE is a constant defined in stm32f1xx.h file (default value
 215:Src/system_stm32f1xx.c ****   *              8 MHz or 25 MHz, depending on the product used), user has to ensure
 216:Src/system_stm32f1xx.c ****   *              that HSE_VALUE is same as the real frequency of the crystal used.
 217:Src/system_stm32f1xx.c ****   *              Otherwise, this function may have wrong result.
 218:Src/system_stm32f1xx.c ****   *                
 219:Src/system_stm32f1xx.c ****   *         - The result of this function could be not correct when using fractional
 220:Src/system_stm32f1xx.c ****   *           value for HSE crystal.
 221:Src/system_stm32f1xx.c ****   * @param  None
 222:Src/system_stm32f1xx.c ****   * @retval None
 223:Src/system_stm32f1xx.c ****   */
 224:Src/system_stm32f1xx.c **** void SystemCoreClockUpdate (void)
 225:Src/system_stm32f1xx.c **** {
  47              		.loc 1 225 1 view -0
  48              		.cfi_startproc
  49              		@ args = 0, pretend = 0, frame = 0
  50              		@ frame_needed = 0, uses_anonymous_args = 0
  51              		@ link register save eliminated.
 226:Src/system_stm32f1xx.c ****   uint32_t tmp = 0U, pllmull = 0U, pllsource = 0U;
  52              		.loc 1 226 3 view .LVU3
  53              	.LVL0:
 227:Src/system_stm32f1xx.c **** 
 228:Src/system_stm32f1xx.c **** #if defined(STM32F105xC) || defined(STM32F107xC)
 229:Src/system_stm32f1xx.c ****   uint32_t prediv1source = 0U, prediv1factor = 0U, prediv2factor = 0U, pll2mull = 0U;
 230:Src/system_stm32f1xx.c **** #endif /* STM32F105xC */
 231:Src/system_stm32f1xx.c **** 
 232:Src/system_stm32f1xx.c **** #if defined(STM32F100xB) || defined(STM32F100xE)
 233:Src/system_stm32f1xx.c ****   uint32_t prediv1factor = 0U;
 234:Src/system_stm32f1xx.c **** #endif /* STM32F100xB or STM32F100xE */
 235:Src/system_stm32f1xx.c ****     
ARM GAS  /tmp/ccSv55KZ.s 			page 6


 236:Src/system_stm32f1xx.c ****   /* Get SYSCLK source -------------------------------------------------------*/
 237:Src/system_stm32f1xx.c ****   tmp = RCC->CFGR & RCC_CFGR_SWS;
  54              		.loc 1 237 3 view .LVU4
  55              		.loc 1 237 12 is_stmt 0 view .LVU5
  56 0000 1F4B     		ldr	r3, .L10
  57 0002 5B68     		ldr	r3, [r3, #4]
  58              		.loc 1 237 7 view .LVU6
  59 0004 03F00C03 		and	r3, r3, #12
  60              	.LVL1:
 238:Src/system_stm32f1xx.c ****   
 239:Src/system_stm32f1xx.c ****   switch (tmp)
  61              		.loc 1 239 3 is_stmt 1 view .LVU7
  62 0008 042B     		cmp	r3, #4
  63 000a 14D0     		beq	.L3
  64 000c 082B     		cmp	r3, #8
  65 000e 16D0     		beq	.L4
  66 0010 1BB1     		cbz	r3, .L9
 240:Src/system_stm32f1xx.c ****   {
 241:Src/system_stm32f1xx.c ****     case 0x00U:  /* HSI used as system clock */
 242:Src/system_stm32f1xx.c ****       SystemCoreClock = HSI_VALUE;
 243:Src/system_stm32f1xx.c ****       break;
 244:Src/system_stm32f1xx.c ****     case 0x04U:  /* HSE used as system clock */
 245:Src/system_stm32f1xx.c ****       SystemCoreClock = HSE_VALUE;
 246:Src/system_stm32f1xx.c ****       break;
 247:Src/system_stm32f1xx.c ****     case 0x08U:  /* PLL used as system clock */
 248:Src/system_stm32f1xx.c **** 
 249:Src/system_stm32f1xx.c ****       /* Get PLL clock source and multiplication factor ----------------------*/
 250:Src/system_stm32f1xx.c ****       pllmull = RCC->CFGR & RCC_CFGR_PLLMULL;
 251:Src/system_stm32f1xx.c ****       pllsource = RCC->CFGR & RCC_CFGR_PLLSRC;
 252:Src/system_stm32f1xx.c ****       
 253:Src/system_stm32f1xx.c **** #if !defined(STM32F105xC) && !defined(STM32F107xC)      
 254:Src/system_stm32f1xx.c ****       pllmull = ( pllmull >> 18U) + 2U;
 255:Src/system_stm32f1xx.c ****       
 256:Src/system_stm32f1xx.c ****       if (pllsource == 0x00U)
 257:Src/system_stm32f1xx.c ****       {
 258:Src/system_stm32f1xx.c ****         /* HSI oscillator clock divided by 2 selected as PLL clock entry */
 259:Src/system_stm32f1xx.c ****         SystemCoreClock = (HSI_VALUE >> 1U) * pllmull;
 260:Src/system_stm32f1xx.c ****       }
 261:Src/system_stm32f1xx.c ****       else
 262:Src/system_stm32f1xx.c ****       {
 263:Src/system_stm32f1xx.c ****  #if defined(STM32F100xB) || defined(STM32F100xE)
 264:Src/system_stm32f1xx.c ****        prediv1factor = (RCC->CFGR2 & RCC_CFGR2_PREDIV1) + 1U;
 265:Src/system_stm32f1xx.c ****        /* HSE oscillator clock selected as PREDIV1 clock entry */
 266:Src/system_stm32f1xx.c ****        SystemCoreClock = (HSE_VALUE / prediv1factor) * pllmull; 
 267:Src/system_stm32f1xx.c ****  #else
 268:Src/system_stm32f1xx.c ****         /* HSE selected as PLL clock entry */
 269:Src/system_stm32f1xx.c ****         if ((RCC->CFGR & RCC_CFGR_PLLXTPRE) != (uint32_t)RESET)
 270:Src/system_stm32f1xx.c ****         {/* HSE oscillator clock divided by 2 */
 271:Src/system_stm32f1xx.c ****           SystemCoreClock = (HSE_VALUE >> 1U) * pllmull;
 272:Src/system_stm32f1xx.c ****         }
 273:Src/system_stm32f1xx.c ****         else
 274:Src/system_stm32f1xx.c ****         {
 275:Src/system_stm32f1xx.c ****           SystemCoreClock = HSE_VALUE * pllmull;
 276:Src/system_stm32f1xx.c ****         }
 277:Src/system_stm32f1xx.c ****  #endif
 278:Src/system_stm32f1xx.c ****       }
 279:Src/system_stm32f1xx.c **** #else
ARM GAS  /tmp/ccSv55KZ.s 			page 7


 280:Src/system_stm32f1xx.c ****       pllmull = pllmull >> 18U;
 281:Src/system_stm32f1xx.c ****       
 282:Src/system_stm32f1xx.c ****       if (pllmull != 0x0DU)
 283:Src/system_stm32f1xx.c ****       {
 284:Src/system_stm32f1xx.c ****          pllmull += 2U;
 285:Src/system_stm32f1xx.c ****       }
 286:Src/system_stm32f1xx.c ****       else
 287:Src/system_stm32f1xx.c ****       { /* PLL multiplication factor = PLL input clock * 6.5 */
 288:Src/system_stm32f1xx.c ****         pllmull = 13U / 2U; 
 289:Src/system_stm32f1xx.c ****       }
 290:Src/system_stm32f1xx.c ****             
 291:Src/system_stm32f1xx.c ****       if (pllsource == 0x00U)
 292:Src/system_stm32f1xx.c ****       {
 293:Src/system_stm32f1xx.c ****         /* HSI oscillator clock divided by 2 selected as PLL clock entry */
 294:Src/system_stm32f1xx.c ****         SystemCoreClock = (HSI_VALUE >> 1U) * pllmull;
 295:Src/system_stm32f1xx.c ****       }
 296:Src/system_stm32f1xx.c ****       else
 297:Src/system_stm32f1xx.c ****       {/* PREDIV1 selected as PLL clock entry */
 298:Src/system_stm32f1xx.c ****         
 299:Src/system_stm32f1xx.c ****         /* Get PREDIV1 clock source and division factor */
 300:Src/system_stm32f1xx.c ****         prediv1source = RCC->CFGR2 & RCC_CFGR2_PREDIV1SRC;
 301:Src/system_stm32f1xx.c ****         prediv1factor = (RCC->CFGR2 & RCC_CFGR2_PREDIV1) + 1U;
 302:Src/system_stm32f1xx.c ****         
 303:Src/system_stm32f1xx.c ****         if (prediv1source == 0U)
 304:Src/system_stm32f1xx.c ****         { 
 305:Src/system_stm32f1xx.c ****           /* HSE oscillator clock selected as PREDIV1 clock entry */
 306:Src/system_stm32f1xx.c ****           SystemCoreClock = (HSE_VALUE / prediv1factor) * pllmull;          
 307:Src/system_stm32f1xx.c ****         }
 308:Src/system_stm32f1xx.c ****         else
 309:Src/system_stm32f1xx.c ****         {/* PLL2 clock selected as PREDIV1 clock entry */
 310:Src/system_stm32f1xx.c ****           
 311:Src/system_stm32f1xx.c ****           /* Get PREDIV2 division factor and PLL2 multiplication factor */
 312:Src/system_stm32f1xx.c ****           prediv2factor = ((RCC->CFGR2 & RCC_CFGR2_PREDIV2) >> 4U) + 1U;
 313:Src/system_stm32f1xx.c ****           pll2mull = ((RCC->CFGR2 & RCC_CFGR2_PLL2MUL) >> 8U) + 2U; 
 314:Src/system_stm32f1xx.c ****           SystemCoreClock = (((HSE_VALUE / prediv2factor) * pll2mull) / prediv1factor) * pllmull;  
 315:Src/system_stm32f1xx.c ****         }
 316:Src/system_stm32f1xx.c ****       }
 317:Src/system_stm32f1xx.c **** #endif /* STM32F105xC */ 
 318:Src/system_stm32f1xx.c ****       break;
 319:Src/system_stm32f1xx.c **** 
 320:Src/system_stm32f1xx.c ****     default:
 321:Src/system_stm32f1xx.c ****       SystemCoreClock = HSI_VALUE;
  67              		.loc 1 321 7 view .LVU8
  68              		.loc 1 321 23 is_stmt 0 view .LVU9
  69 0012 1C4B     		ldr	r3, .L10+4
  70              	.LVL2:
  71              		.loc 1 321 23 view .LVU10
  72 0014 1C4A     		ldr	r2, .L10+8
  73 0016 1A60     		str	r2, [r3]
 322:Src/system_stm32f1xx.c ****       break;
  74              		.loc 1 322 7 is_stmt 1 view .LVU11
  75 0018 02E0     		b	.L6
  76              	.LVL3:
  77              	.L9:
 242:Src/system_stm32f1xx.c ****       break;
  78              		.loc 1 242 7 view .LVU12
 242:Src/system_stm32f1xx.c ****       break;
ARM GAS  /tmp/ccSv55KZ.s 			page 8


  79              		.loc 1 242 23 is_stmt 0 view .LVU13
  80 001a 1A4B     		ldr	r3, .L10+4
  81              	.LVL4:
 242:Src/system_stm32f1xx.c ****       break;
  82              		.loc 1 242 23 view .LVU14
  83 001c 1A4A     		ldr	r2, .L10+8
  84 001e 1A60     		str	r2, [r3]
 243:Src/system_stm32f1xx.c ****     case 0x04U:  /* HSE used as system clock */
  85              		.loc 1 243 7 is_stmt 1 view .LVU15
  86              	.LVL5:
  87              	.L6:
 323:Src/system_stm32f1xx.c ****   }
 324:Src/system_stm32f1xx.c ****   
 325:Src/system_stm32f1xx.c ****   /* Compute HCLK clock frequency ----------------*/
 326:Src/system_stm32f1xx.c ****   /* Get HCLK prescaler */
 327:Src/system_stm32f1xx.c ****   tmp = AHBPrescTable[((RCC->CFGR & RCC_CFGR_HPRE) >> 4U)];
  88              		.loc 1 327 3 view .LVU16
  89              		.loc 1 327 28 is_stmt 0 view .LVU17
  90 0020 174B     		ldr	r3, .L10
  91 0022 5B68     		ldr	r3, [r3, #4]
  92              		.loc 1 327 52 view .LVU18
  93 0024 C3F30313 		ubfx	r3, r3, #4, #4
  94              		.loc 1 327 22 view .LVU19
  95 0028 184A     		ldr	r2, .L10+12
  96 002a D15C     		ldrb	r1, [r2, r3]	@ zero_extendqisi2
  97              	.LVL6:
 328:Src/system_stm32f1xx.c ****   /* HCLK clock frequency */
 329:Src/system_stm32f1xx.c ****   SystemCoreClock >>= tmp;  
  98              		.loc 1 329 3 is_stmt 1 view .LVU20
  99              		.loc 1 329 19 is_stmt 0 view .LVU21
 100 002c 154A     		ldr	r2, .L10+4
 101 002e 1368     		ldr	r3, [r2]
 102 0030 CB40     		lsrs	r3, r3, r1
 103 0032 1360     		str	r3, [r2]
 330:Src/system_stm32f1xx.c **** }
 104              		.loc 1 330 1 view .LVU22
 105 0034 7047     		bx	lr
 106              	.LVL7:
 107              	.L3:
 245:Src/system_stm32f1xx.c ****       break;
 108              		.loc 1 245 7 is_stmt 1 view .LVU23
 245:Src/system_stm32f1xx.c ****       break;
 109              		.loc 1 245 23 is_stmt 0 view .LVU24
 110 0036 134B     		ldr	r3, .L10+4
 111              	.LVL8:
 245:Src/system_stm32f1xx.c ****       break;
 112              		.loc 1 245 23 view .LVU25
 113 0038 134A     		ldr	r2, .L10+8
 114 003a 1A60     		str	r2, [r3]
 246:Src/system_stm32f1xx.c ****     case 0x08U:  /* PLL used as system clock */
 115              		.loc 1 246 7 is_stmt 1 view .LVU26
 116 003c F0E7     		b	.L6
 117              	.LVL9:
 118              	.L4:
 250:Src/system_stm32f1xx.c ****       pllsource = RCC->CFGR & RCC_CFGR_PLLSRC;
 119              		.loc 1 250 7 view .LVU27
 250:Src/system_stm32f1xx.c ****       pllsource = RCC->CFGR & RCC_CFGR_PLLSRC;
ARM GAS  /tmp/ccSv55KZ.s 			page 9


 120              		.loc 1 250 20 is_stmt 0 view .LVU28
 121 003e 104A     		ldr	r2, .L10
 122 0040 5368     		ldr	r3, [r2, #4]
 123              	.LVL10:
 251:Src/system_stm32f1xx.c ****       
 124              		.loc 1 251 7 is_stmt 1 view .LVU29
 251:Src/system_stm32f1xx.c ****       
 125              		.loc 1 251 22 is_stmt 0 view .LVU30
 126 0042 5268     		ldr	r2, [r2, #4]
 127              	.LVL11:
 254:Src/system_stm32f1xx.c ****       
 128              		.loc 1 254 7 is_stmt 1 view .LVU31
 254:Src/system_stm32f1xx.c ****       
 129              		.loc 1 254 27 is_stmt 0 view .LVU32
 130 0044 C3F38343 		ubfx	r3, r3, #18, #4
 131              	.LVL12:
 254:Src/system_stm32f1xx.c ****       
 132              		.loc 1 254 15 view .LVU33
 133 0048 0233     		adds	r3, r3, #2
 134              	.LVL13:
 256:Src/system_stm32f1xx.c ****       {
 135              		.loc 1 256 7 is_stmt 1 view .LVU34
 256:Src/system_stm32f1xx.c ****       {
 136              		.loc 1 256 10 is_stmt 0 view .LVU35
 137 004a 12F4803F 		tst	r2, #65536
 138 004e 05D1     		bne	.L7
 259:Src/system_stm32f1xx.c ****       }
 139              		.loc 1 259 9 is_stmt 1 view .LVU36
 259:Src/system_stm32f1xx.c ****       }
 140              		.loc 1 259 45 is_stmt 0 view .LVU37
 141 0050 0F4A     		ldr	r2, .L10+16
 142              	.LVL14:
 259:Src/system_stm32f1xx.c ****       }
 143              		.loc 1 259 45 view .LVU38
 144 0052 02FB03F3 		mul	r3, r2, r3
 145              	.LVL15:
 259:Src/system_stm32f1xx.c ****       }
 146              		.loc 1 259 25 view .LVU39
 147 0056 0B4A     		ldr	r2, .L10+4
 148 0058 1360     		str	r3, [r2]
 149 005a E1E7     		b	.L6
 150              	.LVL16:
 151              	.L7:
 269:Src/system_stm32f1xx.c ****         {/* HSE oscillator clock divided by 2 */
 152              		.loc 1 269 9 is_stmt 1 view .LVU40
 269:Src/system_stm32f1xx.c ****         {/* HSE oscillator clock divided by 2 */
 153              		.loc 1 269 17 is_stmt 0 view .LVU41
 154 005c 084A     		ldr	r2, .L10
 155              	.LVL17:
 269:Src/system_stm32f1xx.c ****         {/* HSE oscillator clock divided by 2 */
 156              		.loc 1 269 17 view .LVU42
 157 005e 5268     		ldr	r2, [r2, #4]
 269:Src/system_stm32f1xx.c ****         {/* HSE oscillator clock divided by 2 */
 158              		.loc 1 269 12 view .LVU43
 159 0060 12F4003F 		tst	r2, #131072
 160 0064 05D0     		beq	.L8
 271:Src/system_stm32f1xx.c ****         }
ARM GAS  /tmp/ccSv55KZ.s 			page 10


 161              		.loc 1 271 11 is_stmt 1 view .LVU44
 271:Src/system_stm32f1xx.c ****         }
 162              		.loc 1 271 47 is_stmt 0 view .LVU45
 163 0066 0A4A     		ldr	r2, .L10+16
 164 0068 02FB03F3 		mul	r3, r2, r3
 165              	.LVL18:
 271:Src/system_stm32f1xx.c ****         }
 166              		.loc 1 271 27 view .LVU46
 167 006c 054A     		ldr	r2, .L10+4
 168 006e 1360     		str	r3, [r2]
 169 0070 D6E7     		b	.L6
 170              	.LVL19:
 171              	.L8:
 275:Src/system_stm32f1xx.c ****         }
 172              		.loc 1 275 11 is_stmt 1 view .LVU47
 275:Src/system_stm32f1xx.c ****         }
 173              		.loc 1 275 39 is_stmt 0 view .LVU48
 174 0072 054A     		ldr	r2, .L10+8
 175 0074 02FB03F3 		mul	r3, r2, r3
 176              	.LVL20:
 275:Src/system_stm32f1xx.c ****         }
 177              		.loc 1 275 27 view .LVU49
 178 0078 024A     		ldr	r2, .L10+4
 179 007a 1360     		str	r3, [r2]
 180 007c D0E7     		b	.L6
 181              	.L11:
 182 007e 00BF     		.align	2
 183              	.L10:
 184 0080 00100240 		.word	1073876992
 185 0084 00000000 		.word	.LANCHOR0
 186 0088 00127A00 		.word	8000000
 187 008c 00000000 		.word	.LANCHOR1
 188 0090 00093D00 		.word	4000000
 189              		.cfi_endproc
 190              	.LFE66:
 192              		.global	APBPrescTable
 193              		.global	AHBPrescTable
 194              		.global	SystemCoreClock
 195              		.section	.data.SystemCoreClock,"aw"
 196              		.align	2
 197              		.set	.LANCHOR0,. + 0
 200              	SystemCoreClock:
 201 0000 0024F400 		.word	16000000
 202              		.section	.rodata.AHBPrescTable,"a"
 203              		.align	2
 204              		.set	.LANCHOR1,. + 0
 207              	AHBPrescTable:
 208 0000 00000000 		.ascii	"\000\000\000\000\000\000\000\000\001\002\003\004\006"
 208      00000000 
 208      01020304 
 208      06
 209 000d 070809   		.ascii	"\007\010\011"
 210              		.section	.rodata.APBPrescTable,"a"
 211              		.align	2
 214              	APBPrescTable:
 215 0000 00000000 		.ascii	"\000\000\000\000\001\002\003\004"
 215      01020304 
ARM GAS  /tmp/ccSv55KZ.s 			page 11


 216              		.text
 217              	.Letext0:
 218              		.file 2 "/usr/lib/gcc/arm-none-eabi/9.2.1/include/stdint.h"
 219              		.file 3 "Drivers/CMSIS/Include/core_cm3.h"
 220              		.file 4 "Drivers/CMSIS/Device/ST/STM32F1xx/Include/system_stm32f1xx.h"
 221              		.file 5 "Drivers/CMSIS/Device/ST/STM32F1xx/Include/stm32f103xe.h"
 222              		.file 6 "Drivers/CMSIS/Device/ST/STM32F1xx/Include/stm32f1xx.h"
 223              		.file 7 "Drivers/STM32F1xx_HAL_Driver/Inc/stm32f1xx_hal.h"
ARM GAS  /tmp/ccSv55KZ.s 			page 12


DEFINED SYMBOLS
                            *ABS*:0000000000000000 system_stm32f1xx.c
     /tmp/ccSv55KZ.s:16     .text.SystemInit:0000000000000000 $t
     /tmp/ccSv55KZ.s:24     .text.SystemInit:0000000000000000 SystemInit
     /tmp/ccSv55KZ.s:38     .text.SystemCoreClockUpdate:0000000000000000 $t
     /tmp/ccSv55KZ.s:45     .text.SystemCoreClockUpdate:0000000000000000 SystemCoreClockUpdate
     /tmp/ccSv55KZ.s:184    .text.SystemCoreClockUpdate:0000000000000080 $d
     /tmp/ccSv55KZ.s:214    .rodata.APBPrescTable:0000000000000000 APBPrescTable
     /tmp/ccSv55KZ.s:207    .rodata.AHBPrescTable:0000000000000000 AHBPrescTable
     /tmp/ccSv55KZ.s:200    .data.SystemCoreClock:0000000000000000 SystemCoreClock
     /tmp/ccSv55KZ.s:196    .data.SystemCoreClock:0000000000000000 $d
     /tmp/ccSv55KZ.s:203    .rodata.AHBPrescTable:0000000000000000 $d
     /tmp/ccSv55KZ.s:211    .rodata.APBPrescTable:0000000000000000 $d

NO UNDEFINED SYMBOLS
